running build
running config_cc
INFO: unifing config_cc, config, build_clib, build_ext, build commands --compiler options
running config_fc
INFO: unifing config_fc, config, build_clib, build_ext, build commands --fcompiler options
running build_src
INFO: build_src
INFO: building extension "CH5O2_VBMM_2023" sources
INFO: f2py options: []
INFO: f2py:> /tmp/tmpacpfc0pw/src.linux-x86_64-3.11/CH5O2_VBMM_2023module.c
creating /tmp/tmpacpfc0pw/src.linux-x86_64-3.11
Reading fortran codes...
	Reading file 'CH5O2_VBMM_2023.f' (format:fix,strict)
Line #15 in CH5O2_VBMM_2023.f:"      PARAMETER (JSURF=INT(ISURF*(ISURF+1)/2))"
	determineexprtype: could not determine expressions ('int') type.
Line #15 in CH5O2_VBMM_2023.f:"      PARAMETER (JSURF=INT(ISURF*(ISURF+1)/2))"
	determineexprtype: could not determine expressions ('int(isurf*(isurf+1)/2)') type.
Line #93 in CH5O2_VBMM_2023.f:"      PARAMETER (PI = 3.141592653589793D0)"
	get_parameters: got "eval() arg 1 must be a string, bytes or code object" on 4
Line #95 in CH5O2_VBMM_2023.f:"      PARAMETER (NATOM = 25)"
	get_parameters: got "eval() arg 1 must be a string, bytes or code object" on 4
Line #95 in CH5O2_VBMM_2023.f:"      PARAMETER (NATOM = 25)"
	get_parameters: got "eval() arg 1 must be a string, bytes or code object" on 4
Line #286 in CH5O2_VBMM_2023.f:"      PARAMETER (PI = 3.141592653589793D0)"
	get_parameters: got "eval() arg 1 must be a string, bytes or code object" on 4
Line #288 in CH5O2_VBMM_2023.f:"      PARAMETER (NATOM = 25)"
	get_parameters: got "eval() arg 1 must be a string, bytes or code object" on 4
Line #288 in CH5O2_VBMM_2023.f:"      PARAMETER (NATOM = 25)"
	get_parameters: got "eval() arg 1 must be a string, bytes or code object" on 4
Line #464 in CH5O2_VBMM_2023.f:"      PARAMETER (PI = 3.141592653589793D0)"
	get_parameters: got "eval() arg 1 must be a string, bytes or code object" on 4
Line #466 in CH5O2_VBMM_2023.f:"      PARAMETER (NATOM = 25)"
	get_parameters: got "eval() arg 1 must be a string, bytes or code object" on 4
Line #466 in CH5O2_VBMM_2023.f:"      PARAMETER (NATOM = 25)"
	get_parameters: got "eval() arg 1 must be a string, bytes or code object" on 4
Line #577 in CH5O2_VBMM_2023.f:"      PARAMETER (PI = 3.141592653589793D0)"
	get_parameters: got "eval() arg 1 must be a string, bytes or code object" on 4
Line #579 in CH5O2_VBMM_2023.f:"      PARAMETER (NATOM = 25)"
	get_parameters: got "eval() arg 1 must be a string, bytes or code object" on 4
Line #579 in CH5O2_VBMM_2023.f:"      PARAMETER (NATOM = 25)"
	get_parameters: got "eval() arg 1 must be a string, bytes or code object" on 4
Line #735 in CH5O2_VBMM_2023.f:"      PARAMETER (PI = 3.141592653589793D0)"
	get_parameters: got "eval() arg 1 must be a string, bytes or code object" on 4
Line #737 in CH5O2_VBMM_2023.f:"      PARAMETER (NATOM = 25)"
	get_parameters: got "eval() arg 1 must be a string, bytes or code object" on 4
Line #737 in CH5O2_VBMM_2023.f:"      PARAMETER (NATOM = 25)"
	get_parameters: got "eval() arg 1 must be a string, bytes or code object" on 4
Line #941 in CH5O2_VBMM_2023.f:"      PARAMETER (PI = 3.141592653589793D0)"
	get_parameters: got "eval() arg 1 must be a string, bytes or code object" on 4
Line #943 in CH5O2_VBMM_2023.f:"      PARAMETER (NATOM = 25)"
	get_parameters: got "eval() arg 1 must be a string, bytes or code object" on 4
Line #943 in CH5O2_VBMM_2023.f:"      PARAMETER (NATOM = 25)"
	get_parameters: got "eval() arg 1 must be a string, bytes or code object" on 4
Line #1117 in CH5O2_VBMM_2023.f:"      PARAMETER (PI = 3.141592653589793D0)"
	get_parameters: got "eval() arg 1 must be a string, bytes or code object" on 4
Line #1119 in CH5O2_VBMM_2023.f:"      PARAMETER (NATOM = 25)"
	get_parameters: got "eval() arg 1 must be a string, bytes or code object" on 4
Line #1119 in CH5O2_VBMM_2023.f:"      PARAMETER (NATOM = 25)"
	get_parameters: got "eval() arg 1 must be a string, bytes or code object" on 4
Line #1347 in CH5O2_VBMM_2023.f:"      PARAMETER (PI = 3.141592653589793D0)"
	get_parameters: got "eval() arg 1 must be a string, bytes or code object" on 4
Line #1349 in CH5O2_VBMM_2023.f:"      PARAMETER (NATOM = 25)"
	get_parameters: got "eval() arg 1 must be a string, bytes or code object" on 4
Line #1349 in CH5O2_VBMM_2023.f:"      PARAMETER (NATOM = 25)"
	get_parameters: got "eval() arg 1 must be a string, bytes or code object" on 4
Line #1493 in CH5O2_VBMM_2023.f:"      PARAMETER (PI = 3.141592653589793D0)"
	get_parameters: got "eval() arg 1 must be a string, bytes or code object" on 4
Line #1495 in CH5O2_VBMM_2023.f:"      PARAMETER (NATOM = 25)"
	get_parameters: got "eval() arg 1 must be a string, bytes or code object" on 4
Line #1495 in CH5O2_VBMM_2023.f:"      PARAMETER (NATOM = 25)"
	get_parameters: got "eval() arg 1 must be a string, bytes or code object" on 4
Line #1710 in CH5O2_VBMM_2023.f:"      PARAMETER (PI = 3.141592653589793D0)"
	get_parameters: got "eval() arg 1 must be a string, bytes or code object" on 4
Line #1712 in CH5O2_VBMM_2023.f:"      PARAMETER (NATOM = 25)"
	get_parameters: got "eval() arg 1 must be a string, bytes or code object" on 4
Line #1712 in CH5O2_VBMM_2023.f:"      PARAMETER (NATOM = 25)"
	get_parameters: got "eval() arg 1 must be a string, bytes or code object" on 4
Line #1846 in CH5O2_VBMM_2023.f:"      PARAMETER (PI = 3.141592653589793D0)"
	get_parameters: got "eval() arg 1 must be a string, bytes or code object" on 4
Line #1848 in CH5O2_VBMM_2023.f:"      PARAMETER (NATOM = 25)"
	get_parameters: got "eval() arg 1 must be a string, bytes or code object" on 4
Line #1848 in CH5O2_VBMM_2023.f:"      PARAMETER (NATOM = 25)"
	get_parameters: got "eval() arg 1 must be a string, bytes or code object" on 4
Line #2055 in CH5O2_VBMM_2023.f:"      PARAMETER (PI = 3.141592653589793D0)"
	get_parameters: got "eval() arg 1 must be a string, bytes or code object" on 4
Line #2057 in CH5O2_VBMM_2023.f:"      PARAMETER (NATOM = 25)"
	get_parameters: got "eval() arg 1 must be a string, bytes or code object" on 4
Line #2057 in CH5O2_VBMM_2023.f:"      PARAMETER (NATOM = 25)"
	get_parameters: got "eval() arg 1 must be a string, bytes or code object" on 4
Line #2219 in CH5O2_VBMM_2023.f:"      PARAMETER (PI = 3.141592653589793D0)"
	get_parameters: got "eval() arg 1 must be a string, bytes or code object" on 4
Line #2221 in CH5O2_VBMM_2023.f:"      PARAMETER (NATOM = 25)"
	get_parameters: got "eval() arg 1 must be a string, bytes or code object" on 4
Line #2221 in CH5O2_VBMM_2023.f:"      PARAMETER (NATOM = 25)"
	get_parameters: got "eval() arg 1 must be a string, bytes or code object" on 4
Line #2509 in CH5O2_VBMM_2023.f:"      PARAMETER (PI = 3.141592653589793D0)"
	get_parameters: got "eval() arg 1 must be a string, bytes or code object" on 4
Line #2510 in CH5O2_VBMM_2023.f:"      PARAMETER (NATOM = 25)"
	get_parameters: got "eval() arg 1 must be a string, bytes or code object" on 4
Line #2510 in CH5O2_VBMM_2023.f:"      PARAMETER (NATOM = 25)"
	get_parameters: got "eval() arg 1 must be a string, bytes or code object" on 4
Line #2512 in CH5O2_VBMM_2023.f:"      PARAMETER (N3TMMN = 27)"
	get_parameters: got "eval() arg 1 must be a string, bytes or code object" on 4
Line #2512 in CH5O2_VBMM_2023.f:"      PARAMETER (N3TMMN = 27)"
	get_parameters: got "eval() arg 1 must be a string, bytes or code object" on 4
Line #2721 in CH5O2_VBMM_2023.f:"      PARAMETER (PI = 3.141592653589793D0)"
	get_parameters: got "eval() arg 1 must be a string, bytes or code object" on 4
Line #2723 in CH5O2_VBMM_2023.f:"      PARAMETER (NATOM = 25)"
	get_parameters: got "eval() arg 1 must be a string, bytes or code object" on 4
Line #2723 in CH5O2_VBMM_2023.f:"      PARAMETER (NATOM = 25)"
	get_parameters: got "eval() arg 1 must be a string, bytes or code object" on 4
Line #2943 in CH5O2_VBMM_2023.f:"      PARAMETER (PI = 3.141592653589793D0)"
	get_parameters: got "eval() arg 1 must be a string, bytes or code object" on 4
Line #3113 in CH5O2_VBMM_2023.f:"      PARAMETER(        PI = 3.141592653589793D0)"
	get_parameters: got "eval() arg 1 must be a string, bytes or code object" on 4
Line #3114 in CH5O2_VBMM_2023.f:"      PARAMETER(    CLIGHT = 2.99792458D08)"
	get_parameters: got "eval() arg 1 must be a string, bytes or code object" on 4
Line #3114 in CH5O2_VBMM_2023.f:"      PARAMETER(    CLIGHT = 2.99792458D08)"
	get_parameters: got "eval() arg 1 must be a string, bytes or code object" on 4
Line #3115 in CH5O2_VBMM_2023.f:"      PARAMETER(     CMU_0 = 4.0D0*PI*1.0D-07)"
	get_parameters: got "eval() arg 1 must be a string, bytes or code object" on 4
Line #3115 in CH5O2_VBMM_2023.f:"      PARAMETER(     CMU_0 = 4.0D0*PI*1.0D-07)"
	get_parameters: got "eval() arg 1 must be a string, bytes or code object" on 4
Line #3115 in CH5O2_VBMM_2023.f:"      PARAMETER(     CMU_0 = 4.0D0*PI*1.0D-07)"
	get_parameters: got "eval() arg 1 must be a string, bytes or code object" on 4
Line #3116 in CH5O2_VBMM_2023.f:"      PARAMETER(CEPSILON_0 = 1.0D0/(CMU_0*CLIGHT**2))"
	get_parameters: got "eval() arg 1 must be a string, bytes or code object" on 4
Line #3116 in CH5O2_VBMM_2023.f:"      PARAMETER(CEPSILON_0 = 1.0D0/(CMU_0*CLIGHT**2))"
	get_parameters: got "eval() arg 1 must be a string, bytes or code object" on 4
Line #3116 in CH5O2_VBMM_2023.f:"      PARAMETER(CEPSILON_0 = 1.0D0/(CMU_0*CLIGHT**2))"
	get_parameters: got "eval() arg 1 must be a string, bytes or code object" on 4
Line #3116 in CH5O2_VBMM_2023.f:"      PARAMETER(CEPSILON_0 = 1.0D0/(CMU_0*CLIGHT**2))"
	determineexprtype: could not determine expressions ('1.0d0/(cmu_0*clight**2)') type.
Line #3117 in CH5O2_VBMM_2023.f:"      PARAMETER(        CE = 1.602176462D-19)"
	get_parameters: got "eval() arg 1 must be a string, bytes or code object" on 4
Line #3117 in CH5O2_VBMM_2023.f:"      PARAMETER(        CE = 1.602176462D-19)"
	get_parameters: got "eval() arg 1 must be a string, bytes or code object" on 4
Line #3117 in CH5O2_VBMM_2023.f:"      PARAMETER(        CE = 1.602176462D-19)"
	get_parameters: got "eval() arg 1 must be a string, bytes or code object" on 4
Line #3118 in CH5O2_VBMM_2023.f:"      PARAMETER(   CPLANCK = 6.62606876D-34)"
	get_parameters: got "eval() arg 1 must be a string, bytes or code object" on 4
Line #3118 in CH5O2_VBMM_2023.f:"      PARAMETER(   CPLANCK = 6.62606876D-34)"
	get_parameters: got "eval() arg 1 must be a string, bytes or code object" on 4
Line #3118 in CH5O2_VBMM_2023.f:"      PARAMETER(   CPLANCK = 6.62606876D-34)"
	get_parameters: got "eval() arg 1 must be a string, bytes or code object" on 4
Line #3118 in CH5O2_VBMM_2023.f:"      PARAMETER(   CPLANCK = 6.62606876D-34)"
	get_parameters: got "eval() arg 1 must be a string, bytes or code object" on 4
Line #3119 in CH5O2_VBMM_2023.f:"      PARAMETER(      CM_E = 9.10938188D-31)"
	get_parameters: got "eval() arg 1 must be a string, bytes or code object" on 4
Line #3119 in CH5O2_VBMM_2023.f:"      PARAMETER(      CM_E = 9.10938188D-31)"
	get_parameters: got "eval() arg 1 must be a string, bytes or code object" on 4
Line #3119 in CH5O2_VBMM_2023.f:"      PARAMETER(      CM_E = 9.10938188D-31)"
	get_parameters: got "eval() arg 1 must be a string, bytes or code object" on 4
Line #3119 in CH5O2_VBMM_2023.f:"      PARAMETER(      CM_E = 9.10938188D-31)"
	get_parameters: got "eval() arg 1 must be a string, bytes or code object" on 4
Line #3119 in CH5O2_VBMM_2023.f:"      PARAMETER(      CM_E = 9.10938188D-31)"
	get_parameters: got "eval() arg 1 must be a string, bytes or code object" on 4
Line #3120 in CH5O2_VBMM_2023.f:"      PARAMETER(      CANG = 1.0D-10)"
	get_parameters: got "eval() arg 1 must be a string, bytes or code object" on 4
Line #3120 in CH5O2_VBMM_2023.f:"      PARAMETER(      CANG = 1.0D-10)"
	get_parameters: got "eval() arg 1 must be a string, bytes or code object" on 4
Line #3120 in CH5O2_VBMM_2023.f:"      PARAMETER(      CANG = 1.0D-10)"
	get_parameters: got "eval() arg 1 must be a string, bytes or code object" on 4
Line #3120 in CH5O2_VBMM_2023.f:"      PARAMETER(      CANG = 1.0D-10)"
	get_parameters: got "eval() arg 1 must be a string, bytes or code object" on 4
Line #3120 in CH5O2_VBMM_2023.f:"      PARAMETER(      CANG = 1.0D-10)"
	get_parameters: got "eval() arg 1 must be a string, bytes or code object" on 4
Line #3120 in CH5O2_VBMM_2023.f:"      PARAMETER(      CANG = 1.0D-10)"
	get_parameters: got "eval() arg 1 must be a string, bytes or code object" on 4
Line #3121 in CH5O2_VBMM_2023.f:"      PARAMETER( CAVOGADRO = 6.02214199D23)"
	get_parameters: got "eval() arg 1 must be a string, bytes or code object" on 4
Line #3121 in CH5O2_VBMM_2023.f:"      PARAMETER( CAVOGADRO = 6.02214199D23)"
	get_parameters: got "eval() arg 1 must be a string, bytes or code object" on 4
Line #3121 in CH5O2_VBMM_2023.f:"      PARAMETER( CAVOGADRO = 6.02214199D23)"
	get_parameters: got "eval() arg 1 must be a string, bytes or code object" on 4
Line #3121 in CH5O2_VBMM_2023.f:"      PARAMETER( CAVOGADRO = 6.02214199D23)"
	get_parameters: got "eval() arg 1 must be a string, bytes or code object" on 4
Line #3121 in CH5O2_VBMM_2023.f:"      PARAMETER( CAVOGADRO = 6.02214199D23)"
	get_parameters: got "eval() arg 1 must be a string, bytes or code object" on 4
Line #3121 in CH5O2_VBMM_2023.f:"      PARAMETER( CAVOGADRO = 6.02214199D23)"
	get_parameters: got "eval() arg 1 must be a string, bytes or code object" on 4
Line #3121 in CH5O2_VBMM_2023.f:"      PARAMETER( CAVOGADRO = 6.02214199D23)"
	get_parameters: got "eval() arg 1 must be a string, bytes or code object" on 4
Line #3122 in CH5O2_VBMM_2023.f:"      PARAMETER(     CKCAL = 4.184D10)"
	get_parameters: got "eval() arg 1 must be a string, bytes or code object" on 4
Line #3122 in CH5O2_VBMM_2023.f:"      PARAMETER(     CKCAL = 4.184D10)"
	get_parameters: got "eval() arg 1 must be a string, bytes or code object" on 4
Line #3122 in CH5O2_VBMM_2023.f:"      PARAMETER(     CKCAL = 4.184D10)"
	get_parameters: got "eval() arg 1 must be a string, bytes or code object" on 4
Line #3122 in CH5O2_VBMM_2023.f:"      PARAMETER(     CKCAL = 4.184D10)"
	get_parameters: got "eval() arg 1 must be a string, bytes or code object" on 4
Line #3122 in CH5O2_VBMM_2023.f:"      PARAMETER(     CKCAL = 4.184D10)"
	get_parameters: got "eval() arg 1 must be a string, bytes or code object" on 4
Line #3122 in CH5O2_VBMM_2023.f:"      PARAMETER(     CKCAL = 4.184D10)"
	get_parameters: got "eval() arg 1 must be a string, bytes or code object" on 4
Line #3122 in CH5O2_VBMM_2023.f:"      PARAMETER(     CKCAL = 4.184D10)"
	get_parameters: got "eval() arg 1 must be a string, bytes or code object" on 4
Line #3122 in CH5O2_VBMM_2023.f:"      PARAMETER(     CKCAL = 4.184D10)"
	get_parameters: got "eval() arg 1 must be a string, bytes or code object" on 4
Line #3123 in CH5O2_VBMM_2023.f:"      PARAMETER(  HTOMILLH = 1000.D0)"
	get_parameters: got "eval() arg 1 must be a string, bytes or code object" on 4
Line #3123 in CH5O2_VBMM_2023.f:"      PARAMETER(  HTOMILLH = 1000.D0)"
	get_parameters: got "eval() arg 1 must be a string, bytes or code object" on 4
Line #3123 in CH5O2_VBMM_2023.f:"      PARAMETER(  HTOMILLH = 1000.D0)"
	get_parameters: got "eval() arg 1 must be a string, bytes or code object" on 4
Line #3123 in CH5O2_VBMM_2023.f:"      PARAMETER(  HTOMILLH = 1000.D0)"
	get_parameters: got "eval() arg 1 must be a string, bytes or code object" on 4
Line #3123 in CH5O2_VBMM_2023.f:"      PARAMETER(  HTOMILLH = 1000.D0)"
	get_parameters: got "eval() arg 1 must be a string, bytes or code object" on 4
Line #3123 in CH5O2_VBMM_2023.f:"      PARAMETER(  HTOMILLH = 1000.D0)"
	get_parameters: got "eval() arg 1 must be a string, bytes or code object" on 4
Line #3123 in CH5O2_VBMM_2023.f:"      PARAMETER(  HTOMILLH = 1000.D0)"
	get_parameters: got "eval() arg 1 must be a string, bytes or code object" on 4
Line #3123 in CH5O2_VBMM_2023.f:"      PARAMETER(  HTOMILLH = 1000.D0)"
	get_parameters: got "eval() arg 1 must be a string, bytes or code object" on 4
Line #3123 in CH5O2_VBMM_2023.f:"      PARAMETER(  HTOMILLH = 1000.D0)"
	get_parameters: got "eval() arg 1 must be a string, bytes or code object" on 4
Line #3124 in CH5O2_VBMM_2023.f:"      PARAMETER(     HTOEV = 27.2113834D0)"
	get_parameters: got "eval() arg 1 must be a string, bytes or code object" on 4
Line #3124 in CH5O2_VBMM_2023.f:"      PARAMETER(     HTOEV = 27.2113834D0)"
	get_parameters: got "eval() arg 1 must be a string, bytes or code object" on 4
Line #3124 in CH5O2_VBMM_2023.f:"      PARAMETER(     HTOEV = 27.2113834D0)"
	get_parameters: got "eval() arg 1 must be a string, bytes or code object" on 4
Line #3124 in CH5O2_VBMM_2023.f:"      PARAMETER(     HTOEV = 27.2113834D0)"
	get_parameters: got "eval() arg 1 must be a string, bytes or code object" on 4
Line #3124 in CH5O2_VBMM_2023.f:"      PARAMETER(     HTOEV = 27.2113834D0)"
	get_parameters: got "eval() arg 1 must be a string, bytes or code object" on 4
Line #3124 in CH5O2_VBMM_2023.f:"      PARAMETER(     HTOEV = 27.2113834D0)"
	get_parameters: got "eval() arg 1 must be a string, bytes or code object" on 4
Line #3124 in CH5O2_VBMM_2023.f:"      PARAMETER(     HTOEV = 27.2113834D0)"
	get_parameters: got "eval() arg 1 must be a string, bytes or code object" on 4
Line #3124 in CH5O2_VBMM_2023.f:"      PARAMETER(     HTOEV = 27.2113834D0)"
	get_parameters: got "eval() arg 1 must be a string, bytes or code object" on 4
Line #3124 in CH5O2_VBMM_2023.f:"      PARAMETER(     HTOEV = 27.2113834D0)"
	get_parameters: got "eval() arg 1 must be a string, bytes or code object" on 4
Line #3124 in CH5O2_VBMM_2023.f:"      PARAMETER(     HTOEV = 27.2113834D0)"
	get_parameters: got "eval() arg 1 must be a string, bytes or code object" on 4
Line #3125 in CH5O2_VBMM_2023.f:"      PARAMETER(   HTOKCAL = 627.509470D0)"
	get_parameters: got "eval() arg 1 must be a string, bytes or code object" on 4
Line #3125 in CH5O2_VBMM_2023.f:"      PARAMETER(   HTOKCAL = 627.509470D0)"
	get_parameters: got "eval() arg 1 must be a string, bytes or code object" on 4
Line #3125 in CH5O2_VBMM_2023.f:"      PARAMETER(   HTOKCAL = 627.509470D0)"
	get_parameters: got "eval() arg 1 must be a string, bytes or code object" on 4
Line #3125 in CH5O2_VBMM_2023.f:"      PARAMETER(   HTOKCAL = 627.509470D0)"
	get_parameters: got "eval() arg 1 must be a string, bytes or code object" on 4
Line #3125 in CH5O2_VBMM_2023.f:"      PARAMETER(   HTOKCAL = 627.509470D0)"
	get_parameters: got "eval() arg 1 must be a string, bytes or code object" on 4
Line #3125 in CH5O2_VBMM_2023.f:"      PARAMETER(   HTOKCAL = 627.509470D0)"
	get_parameters: got "eval() arg 1 must be a string, bytes or code object" on 4
Line #3125 in CH5O2_VBMM_2023.f:"      PARAMETER(   HTOKCAL = 627.509470D0)"
	get_parameters: got "eval() arg 1 must be a string, bytes or code object" on 4
Line #3125 in CH5O2_VBMM_2023.f:"      PARAMETER(   HTOKCAL = 627.509470D0)"
	get_parameters: got "eval() arg 1 must be a string, bytes or code object" on 4
Line #3125 in CH5O2_VBMM_2023.f:"      PARAMETER(   HTOKCAL = 627.509470D0)"
	get_parameters: got "eval() arg 1 must be a string, bytes or code object" on 4
Line #3125 in CH5O2_VBMM_2023.f:"      PARAMETER(   HTOKCAL = 627.509470D0)"
	get_parameters: got "eval() arg 1 must be a string, bytes or code object" on 4
Line #3125 in CH5O2_VBMM_2023.f:"      PARAMETER(   HTOKCAL = 627.509470D0)"
	get_parameters: got "eval() arg 1 must be a string, bytes or code object" on 4
Line #3126 in CH5O2_VBMM_2023.f:"      PARAMETER(   HTOWAVE = 219474.631D0)"
	get_parameters: got "eval() arg 1 must be a string, bytes or code object" on 4
Line #3126 in CH5O2_VBMM_2023.f:"      PARAMETER(   HTOWAVE = 219474.631D0)"
	get_parameters: got "eval() arg 1 must be a string, bytes or code object" on 4
Line #3126 in CH5O2_VBMM_2023.f:"      PARAMETER(   HTOWAVE = 219474.631D0)"
	get_parameters: got "eval() arg 1 must be a string, bytes or code object" on 4
Line #3126 in CH5O2_VBMM_2023.f:"      PARAMETER(   HTOWAVE = 219474.631D0)"
	get_parameters: got "eval() arg 1 must be a string, bytes or code object" on 4
Line #3126 in CH5O2_VBMM_2023.f:"      PARAMETER(   HTOWAVE = 219474.631D0)"
	get_parameters: got "eval() arg 1 must be a string, bytes or code object" on 4
Line #3126 in CH5O2_VBMM_2023.f:"      PARAMETER(   HTOWAVE = 219474.631D0)"
	get_parameters: got "eval() arg 1 must be a string, bytes or code object" on 4
Line #3126 in CH5O2_VBMM_2023.f:"      PARAMETER(   HTOWAVE = 219474.631D0)"
	get_parameters: got "eval() arg 1 must be a string, bytes or code object" on 4
Line #3126 in CH5O2_VBMM_2023.f:"      PARAMETER(   HTOWAVE = 219474.631D0)"
	get_parameters: got "eval() arg 1 must be a string, bytes or code object" on 4
Line #3126 in CH5O2_VBMM_2023.f:"      PARAMETER(   HTOWAVE = 219474.631D0)"
	get_parameters: got "eval() arg 1 must be a string, bytes or code object" on 4
Line #3126 in CH5O2_VBMM_2023.f:"      PARAMETER(   HTOWAVE = 219474.631D0)"
	get_parameters: got "eval() arg 1 must be a string, bytes or code object" on 4
Line #3126 in CH5O2_VBMM_2023.f:"      PARAMETER(   HTOWAVE = 219474.631D0)"
	get_parameters: got "eval() arg 1 must be a string, bytes or code object" on 4
Line #3126 in CH5O2_VBMM_2023.f:"      PARAMETER(   HTOWAVE = 219474.631D0)"
	get_parameters: got "eval() arg 1 must be a string, bytes or code object" on 4
Line #3127 in CH5O2_VBMM_2023.f:"      PARAMETER(     HTOKJ = 2625.49962D0)"
	get_parameters: got "eval() arg 1 must be a string, bytes or code object" on 4
Line #3127 in CH5O2_VBMM_2023.f:"      PARAMETER(     HTOKJ = 2625.49962D0)"
	get_parameters: got "eval() arg 1 must be a string, bytes or code object" on 4
Line #3127 in CH5O2_VBMM_2023.f:"      PARAMETER(     HTOKJ = 2625.49962D0)"
	get_parameters: got "eval() arg 1 must be a string, bytes or code object" on 4
Line #3127 in CH5O2_VBMM_2023.f:"      PARAMETER(     HTOKJ = 2625.49962D0)"
	get_parameters: got "eval() arg 1 must be a string, bytes or code object" on 4
Line #3127 in CH5O2_VBMM_2023.f:"      PARAMETER(     HTOKJ = 2625.49962D0)"
	get_parameters: got "eval() arg 1 must be a string, bytes or code object" on 4
Line #3127 in CH5O2_VBMM_2023.f:"      PARAMETER(     HTOKJ = 2625.49962D0)"
	get_parameters: got "eval() arg 1 must be a string, bytes or code object" on 4
Line #3127 in CH5O2_VBMM_2023.f:"      PARAMETER(     HTOKJ = 2625.49962D0)"
	get_parameters: got "eval() arg 1 must be a string, bytes or code object" on 4
Line #3127 in CH5O2_VBMM_2023.f:"      PARAMETER(     HTOKJ = 2625.49962D0)"
	get_parameters: got "eval() arg 1 must be a string, bytes or code object" on 4
Line #3127 in CH5O2_VBMM_2023.f:"      PARAMETER(     HTOKJ = 2625.49962D0)"
	get_parameters: got "eval() arg 1 must be a string, bytes or code object" on 4
Line #3127 in CH5O2_VBMM_2023.f:"      PARAMETER(     HTOKJ = 2625.49962D0)"
	get_parameters: got "eval() arg 1 must be a string, bytes or code object" on 4
Line #3127 in CH5O2_VBMM_2023.f:"      PARAMETER(     HTOKJ = 2625.49962D0)"
	get_parameters: got "eval() arg 1 must be a string, bytes or code object" on 4
Line #3127 in CH5O2_VBMM_2023.f:"      PARAMETER(     HTOKJ = 2625.49962D0)"
	get_parameters: got "eval() arg 1 must be a string, bytes or code object" on 4
Line #3127 in CH5O2_VBMM_2023.f:"      PARAMETER(     HTOKJ = 2625.49962D0)"
	get_parameters: got "eval() arg 1 must be a string, bytes or code object" on 4
Line #3128 in CH5O2_VBMM_2023.f:"      PARAMETER(    BOHR_A = .5291772083D0)"
	get_parameters: got "eval() arg 1 must be a string, bytes or code object" on 4
Line #3128 in CH5O2_VBMM_2023.f:"      PARAMETER(    BOHR_A = .5291772083D0)"
	get_parameters: got "eval() arg 1 must be a string, bytes or code object" on 4
Line #3128 in CH5O2_VBMM_2023.f:"      PARAMETER(    BOHR_A = .5291772083D0)"
	get_parameters: got "eval() arg 1 must be a string, bytes or code object" on 4
Line #3128 in CH5O2_VBMM_2023.f:"      PARAMETER(    BOHR_A = .5291772083D0)"
	get_parameters: got "eval() arg 1 must be a string, bytes or code object" on 4
Line #3128 in CH5O2_VBMM_2023.f:"      PARAMETER(    BOHR_A = .5291772083D0)"
	get_parameters: got "eval() arg 1 must be a string, bytes or code object" on 4
Line #3128 in CH5O2_VBMM_2023.f:"      PARAMETER(    BOHR_A = .5291772083D0)"
	get_parameters: got "eval() arg 1 must be a string, bytes or code object" on 4
Line #3128 in CH5O2_VBMM_2023.f:"      PARAMETER(    BOHR_A = .5291772083D0)"
	get_parameters: got "eval() arg 1 must be a string, bytes or code object" on 4
Line #3128 in CH5O2_VBMM_2023.f:"      PARAMETER(    BOHR_A = .5291772083D0)"
	get_parameters: got "eval() arg 1 must be a string, bytes or code object" on 4
Line #3128 in CH5O2_VBMM_2023.f:"      PARAMETER(    BOHR_A = .5291772083D0)"
	get_parameters: got "eval() arg 1 must be a string, bytes or code object" on 4
Line #3128 in CH5O2_VBMM_2023.f:"      PARAMETER(    BOHR_A = .5291772083D0)"
	get_parameters: got "eval() arg 1 must be a string, bytes or code object" on 4
Line #3128 in CH5O2_VBMM_2023.f:"      PARAMETER(    BOHR_A = .5291772083D0)"
	get_parameters: got "eval() arg 1 must be a string, bytes or code object" on 4
Line #3128 in CH5O2_VBMM_2023.f:"      PARAMETER(    BOHR_A = .5291772083D0)"
	get_parameters: got "eval() arg 1 must be a string, bytes or code object" on 4
Line #3128 in CH5O2_VBMM_2023.f:"      PARAMETER(    BOHR_A = .5291772083D0)"
	get_parameters: got "eval() arg 1 must be a string, bytes or code object" on 4
Line #3128 in CH5O2_VBMM_2023.f:"      PARAMETER(    BOHR_A = .5291772083D0)"
	get_parameters: got "eval() arg 1 must be a string, bytes or code object" on 4
Post-processing...
	Block: CH5O2_VBMM_2023
			Block: pes
			Block: pot
In: :CH5O2_VBMM_2023:CH5O2_VBMM_2023.f:pot
get_parameters: got "eval() arg 1 must be a string, bytes or code object" on 4
In: :CH5O2_VBMM_2023:CH5O2_VBMM_2023.f:pot
get_parameters: got "eval() arg 1 must be a string, bytes or code object" on 4
			Block: coorden
In: :CH5O2_VBMM_2023:CH5O2_VBMM_2023.f:coorden
get_parameters: got "eval() arg 1 must be a string, bytes or code object" on 4
In: :CH5O2_VBMM_2023:CH5O2_VBMM_2023.f:coorden
get_parameters: got "eval() arg 1 must be a string, bytes or code object" on 4
{}
In: :CH5O2_VBMM_2023:CH5O2_VBMM_2023.f:vander
vars2fortran: No typespec for argument "evdw".
			Block: vander
In: :CH5O2_VBMM_2023:CH5O2_VBMM_2023.f:vander
get_parameters: got "eval() arg 1 must be a string, bytes or code object" on 4
In: :CH5O2_VBMM_2023:CH5O2_VBMM_2023.f:vander
get_parameters: got "eval() arg 1 must be a string, bytes or code object" on 4
{}
In: :CH5O2_VBMM_2023:CH5O2_VBMM_2023.f:torsion
vars2fortran: No typespec for argument "vtor".
			Block: torsion
In: :CH5O2_VBMM_2023:CH5O2_VBMM_2023.f:torsion
get_parameters: got "eval() arg 1 must be a string, bytes or code object" on 4
In: :CH5O2_VBMM_2023:CH5O2_VBMM_2023.f:torsion
get_parameters: got "eval() arg 1 must be a string, bytes or code object" on 4
{}
In: :CH5O2_VBMM_2023:CH5O2_VBMM_2023.f:dihedro
vars2fortran: No typespec for argument "dihed".
			Block: dihedro
In: :CH5O2_VBMM_2023:CH5O2_VBMM_2023.f:dihedro
get_parameters: got "eval() arg 1 must be a string, bytes or code object" on 4
In: :CH5O2_VBMM_2023:CH5O2_VBMM_2023.f:dihedro
get_parameters: got "eval() arg 1 must be a string, bytes or code object" on 4
			Block: crosprod
			Block: dotprod
			Block: anorm
			Block: refangles
In: :CH5O2_VBMM_2023:CH5O2_VBMM_2023.f:refangles
get_parameters: got "eval() arg 1 must be a string, bytes or code object" on 4
In: :CH5O2_VBMM_2023:CH5O2_VBMM_2023.f:refangles
get_parameters: got "eval() arg 1 must be a string, bytes or code object" on 4
{}
In: :CH5O2_VBMM_2023:CH5O2_VBMM_2023.f:stretch
vars2fortran: No typespec for argument "vstr".
			Block: stretch
In: :CH5O2_VBMM_2023:CH5O2_VBMM_2023.f:stretch
get_parameters: got "eval() arg 1 must be a string, bytes or code object" on 4
In: :CH5O2_VBMM_2023:CH5O2_VBMM_2023.f:stretch
get_parameters: got "eval() arg 1 must be a string, bytes or code object" on 4
{}
In: :CH5O2_VBMM_2023:CH5O2_VBMM_2023.f:opbend
vars2fortran: No typespec for argument "vop".
			Block: opbend
In: :CH5O2_VBMM_2023:CH5O2_VBMM_2023.f:opbend
get_parameters: got "eval() arg 1 must be a string, bytes or code object" on 4
In: :CH5O2_VBMM_2023:CH5O2_VBMM_2023.f:opbend
get_parameters: got "eval() arg 1 must be a string, bytes or code object" on 4
{}
In: :CH5O2_VBMM_2023:CH5O2_VBMM_2023.f:calcdelta1
vars2fortran: No typespec for argument "i".
{}
In: :CH5O2_VBMM_2023:CH5O2_VBMM_2023.f:calcdelta1
vars2fortran: No typespec for argument "j".
{}
In: :CH5O2_VBMM_2023:CH5O2_VBMM_2023.f:calcdelta1
vars2fortran: No typespec for argument "k".
{}
In: :CH5O2_VBMM_2023:CH5O2_VBMM_2023.f:calcdelta1
vars2fortran: No typespec for argument "l".
{}
In: :CH5O2_VBMM_2023:CH5O2_VBMM_2023.f:calcdelta1
vars2fortran: No typespec for argument "sum2".
{}
In: :CH5O2_VBMM_2023:CH5O2_VBMM_2023.f:calcdelta1
vars2fortran: No typespec for argument "sum4".
			Block: calcdelta1
In: :CH5O2_VBMM_2023:CH5O2_VBMM_2023.f:calcdelta1
get_parameters: got "eval() arg 1 must be a string, bytes or code object" on 4
In: :CH5O2_VBMM_2023:CH5O2_VBMM_2023.f:calcdelta1
get_parameters: got "eval() arg 1 must be a string, bytes or code object" on 4
			Block: opforce
In: :CH5O2_VBMM_2023:CH5O2_VBMM_2023.f:opforce
get_parameters: got "eval() arg 1 must be a string, bytes or code object" on 4
In: :CH5O2_VBMM_2023:CH5O2_VBMM_2023.f:opforce
get_parameters: got "eval() arg 1 must be a string, bytes or code object" on 4
{}
In: :CH5O2_VBMM_2023:CH5O2_VBMM_2023.f:ipbend
vars2fortran: No typespec for argument "vip".
			Block: ipbend
In: :CH5O2_VBMM_2023:CH5O2_VBMM_2023.f:ipbend
get_parameters: got "eval() arg 1 must be a string, bytes or code object" on 4
In: :CH5O2_VBMM_2023:CH5O2_VBMM_2023.f:ipbend
get_parameters: got "eval() arg 1 must be a string, bytes or code object" on 4
			Block: ipforce
In: :CH5O2_VBMM_2023:CH5O2_VBMM_2023.f:ipforce
get_parameters: got "eval() arg 1 must be a string, bytes or code object" on 4
In: :CH5O2_VBMM_2023:CH5O2_VBMM_2023.f:ipforce
get_parameters: got "eval() arg 1 must be a string, bytes or code object" on 4
			Block: switchf
In: :CH5O2_VBMM_2023:CH5O2_VBMM_2023.f:switchf
get_parameters: got "eval() arg 1 must be a string, bytes or code object" on 4
In: :CH5O2_VBMM_2023:CH5O2_VBMM_2023.f:switchf
get_parameters: got "eval() arg 1 must be a string, bytes or code object" on 4
			Block: prepot
In: :CH5O2_VBMM_2023:CH5O2_VBMM_2023.f:prepot
get_parameters: got "eval() arg 1 must be a string, bytes or code object" on 4
In: :CH5O2_VBMM_2023:CH5O2_VBMM_2023.f:prepot
get_parameters: got "eval() arg 1 must be a string, bytes or code object" on 4
			Block: ptpacm
In: :CH5O2_VBMM_2023:CH5O2_VBMM_2023.f:ptpacm
get_parameters: got "eval() arg 1 must be a string, bytes or code object" on 4
In: :CH5O2_VBMM_2023:CH5O2_VBMM_2023.f:ptpacm
get_parameters: got "eval() arg 1 must be a string, bytes or code object" on 4
			Block: potinfo
In: :CH5O2_VBMM_2023:CH5O2_VBMM_2023.f:potinfo
get_parameters: got "eval() arg 1 must be a string, bytes or code object" on 4
In: :CH5O2_VBMM_2023:CH5O2_VBMM_2023.f:potinfo
get_parameters: got "eval() arg 1 must be a string, bytes or code object" on 4
			Block: ancvrt
In: :CH5O2_VBMM_2023:CH5O2_VBMM_2023.f:ancvrt
get_parameters: got "eval() arg 1 must be a string, bytes or code object" on 4
In: :CH5O2_VBMM_2023:CH5O2_VBMM_2023.f:ancvrt
get_parameters: got "eval() arg 1 must be a string, bytes or code object" on 4
In: :CH5O2_VBMM_2023:CH5O2_VBMM_2023.f:ancvrt
get_parameters: got "eval() arg 1 must be a string, bytes or code object" on 4
In: :CH5O2_VBMM_2023:CH5O2_VBMM_2023.f:ancvrt
get_parameters: got "eval() arg 1 must be a string, bytes or code object" on 4
In: :CH5O2_VBMM_2023:CH5O2_VBMM_2023.f:ancvrt
get_parameters: got "eval() arg 1 must be a string, bytes or code object" on 4
In: :CH5O2_VBMM_2023:CH5O2_VBMM_2023.f:ancvrt
get_parameters: got "eval() arg 1 must be a string, bytes or code object" on 4
In: :CH5O2_VBMM_2023:CH5O2_VBMM_2023.f:ancvrt
get_parameters: got "eval() arg 1 must be a string, bytes or code object" on 4
In: :CH5O2_VBMM_2023:CH5O2_VBMM_2023.f:ancvrt
get_parameters: got "eval() arg 1 must be a string, bytes or code object" on 4
In: :CH5O2_VBMM_2023:CH5O2_VBMM_2023.f:ancvrt
get_parameters: got "eval() arg 1 must be a string, bytes or code object" on 4
In: :CH5O2_VBMM_2023:CH5O2_VBMM_2023.f:ancvrt
get_parameters: got "eval() arg 1 must be a string, bytes or code object" on 4
In: :CH5O2_VBMM_2023:CH5O2_VBMM_2023.f:ancvrt
get_parameters: got "eval() arg 1 must be a string, bytes or code object" on 4
In: :CH5O2_VBMM_2023:CH5O2_VBMM_2023.f:ancvrt
get_parameters: got "eval() arg 1 must be a string, bytes or code object" on 4
In: :CH5O2_VBMM_2023:CH5O2_VBMM_2023.f:ancvrt
get_parameters: got "eval() arg 1 must be a string, bytes or code object" on 4
In: :CH5O2_VBMM_2023:CH5O2_VBMM_2023.f:ancvrt
get_parameters: got "eval() arg 1 must be a string, bytes or code object" on 4
In: :CH5O2_VBMM_2023:CH5O2_VBMM_2023.f:ancvrt
get_parameters: got "eval() arg 1 must be a string, bytes or code object" on 4
			Block: cartou
In: :CH5O2_VBMM_2023:CH5O2_VBMM_2023.f:cartou
get_parameters: got "eval() arg 1 must be a string, bytes or code object" on 4
			Block: carttor
			Block: eunitzero
In: :CH5O2_VBMM_2023:CH5O2_VBMM_2023.f:eunitzero
get_parameters: got "eval() arg 1 must be a string, bytes or code object" on 4
			Block: rtocart
In: :CH5O2_VBMM_2023:CH5O2_VBMM_2023.f:rtocart
get_parameters: got "eval() arg 1 must be a string, bytes or code object" on 4
			Block: dedcou
In: :CH5O2_VBMM_2023:CH5O2_VBMM_2023.f:dedcou
get_parameters: got "eval() arg 1 must be a string, bytes or code object" on 4
Applying post-processing hooks...
  character_backward_compatibility_hook
Post-processing (stage 2)...
Building modules...
    Building module "CH5O2_VBMM_2023"...
    Generating possibly empty wrappers"
    Maybe empty "CH5O2_VBMM_2023-f2pywrappers.f"
        Constructing wrapper function "pes"...
          p,g,d = pes(x,igrad)
    Generating possibly empty wrappers"
    Maybe empty "CH5O2_VBMM_2023-f2pywrappers.f"
        Constructing wrapper function "pot"...
          pot()
    Generating possibly empty wrappers"
    Maybe empty "CH5O2_VBMM_2023-f2pywrappers.f"
        Constructing wrapper function "coorden"...
          coorden()
    Generating possibly empty wrappers"
    Maybe empty "CH5O2_VBMM_2023-f2pywrappers.f"
        Constructing wrapper function "vander"...
          vander(evdw)
    Generating possibly empty wrappers"
    Maybe empty "CH5O2_VBMM_2023-f2pywrappers.f"
        Constructing wrapper function "torsion"...
          torsion(vtor)
    Generating possibly empty wrappers"
    Maybe empty "CH5O2_VBMM_2023-f2pywrappers.f"
        Constructing wrapper function "dihedro"...
          dihedro(i,j,k,l,dihed)
    Generating possibly empty wrappers"
    Maybe empty "CH5O2_VBMM_2023-f2pywrappers.f"
        Constructing wrapper function "crosprod"...
          crosprod(x,y,z)
    Generating possibly empty wrappers"
    Maybe empty "CH5O2_VBMM_2023-f2pywrappers.f"
		Creating wrapper for Fortran function "dotprod"("dotprod")...
        Constructing wrapper function "dotprod"...
          dotprod = dotprod(x,y)
    Generating possibly empty wrappers"
    Maybe empty "CH5O2_VBMM_2023-f2pywrappers.f"
		Creating wrapper for Fortran function "anorm"("anorm")...
        Constructing wrapper function "anorm"...
          anorm = anorm(x)
    Generating possibly empty wrappers"
    Maybe empty "CH5O2_VBMM_2023-f2pywrappers.f"
        Constructing wrapper function "refangles"...
          refangles()
    Generating possibly empty wrappers"
    Maybe empty "CH5O2_VBMM_2023-f2pywrappers.f"
        Constructing wrapper function "stretch"...
          stretch(vstr)
    Generating possibly empty wrappers"
    Maybe empty "CH5O2_VBMM_2023-f2pywrappers.f"
        Constructing wrapper function "opbend"...
          opbend(vop)
    Generating possibly empty wrappers"
    Maybe empty "CH5O2_VBMM_2023-f2pywrappers.f"
        Constructing wrapper function "calcdelta1"...
          calcdelta1(i,j,k,l,sum2,sum4)
    Generating possibly empty wrappers"
    Maybe empty "CH5O2_VBMM_2023-f2pywrappers.f"
        Constructing wrapper function "opforce"...
          opforce()
    Generating possibly empty wrappers"
    Maybe empty "CH5O2_VBMM_2023-f2pywrappers.f"
        Constructing wrapper function "ipbend"...
          ipbend(vip)
    Generating possibly empty wrappers"
    Maybe empty "CH5O2_VBMM_2023-f2pywrappers.f"
        Constructing wrapper function "ipforce"...
          ipforce()
    Generating possibly empty wrappers"
    Maybe empty "CH5O2_VBMM_2023-f2pywrappers.f"
        Constructing wrapper function "switchf"...
          switchf()
    Generating possibly empty wrappers"
    Maybe empty "CH5O2_VBMM_2023-f2pywrappers.f"
        Constructing wrapper function "prepot"...
          prepot()
    Generating possibly empty wrappers"
    Maybe empty "CH5O2_VBMM_2023-f2pywrappers.f"
        Constructing wrapper function "potinfo"...
          potinfo()
    Generating possibly empty wrappers"
    Maybe empty "CH5O2_VBMM_2023-f2pywrappers.f"
        Constructing wrapper function "ancvrt"...
          ancvrt()
    Generating possibly empty wrappers"
    Maybe empty "CH5O2_VBMM_2023-f2pywrappers.f"
        Constructing wrapper function "cartou"...
          cartou()
    Generating possibly empty wrappers"
    Maybe empty "CH5O2_VBMM_2023-f2pywrappers.f"
        Constructing wrapper function "carttor"...
          carttor()
    Generating possibly empty wrappers"
    Maybe empty "CH5O2_VBMM_2023-f2pywrappers.f"
        Constructing wrapper function "eunitzero"...
          eunitzero()
    Generating possibly empty wrappers"
    Maybe empty "CH5O2_VBMM_2023-f2pywrappers.f"
        Constructing wrapper function "rtocart"...
          rtocart()
    Generating possibly empty wrappers"
    Maybe empty "CH5O2_VBMM_2023-f2pywrappers.f"
        Constructing wrapper function "dedcou"...
          dedcou()
		Constructing COMMON block support for "usrocm"...
		  pengygs,pengyes,pengyij,dgscart,descart,dijcart
		Constructing COMMON block support for "usricm"...
		  cart,anuzero,nulbl,nflag,nasurf,nder
		Constructing COMMON block support for "pt1cm"...
		  r,engygs,degsdr
		Constructing COMMON block support for "pt3cm"...
		  ezero
		Constructing COMMON block support for "pt4cm"...
		  engyes,deesdr
		Constructing COMMON block support for "pt5cm"...
		  engyij,deijdr
		Constructing COMMON block support for "infocm"...
		  cartnu,indexes,irctnt,natoms,icartr,mder,msurf,ref
		Constructing COMMON block support for "potcm"...
		  nnc1,nnc2,nnb,r0c1hr,r0c1hp,w3,w4,d1c1h,d3c1h,a1c1h,b1c1h,c1c1h,r0c2hr,r0c2hp,w5,w6,d1c2h,d3c2h,a1c2h,b1c2h,c1c2h,r0ccr,r0ccp,w9,w10,d1cc,acc,a1c,a2c,r0h1h,d1h1h,d3h1h,ah1h,r0h2h,d1h2h,d3h2h,ah2h,r0c1b,d1c1b,d3c1b,ac1b,r0c2b,d1c2b,d3c2b,ac2b,aphi,bphi,cphi,aphi1,bphi1,cphi1,aphi2,bphi2,cphi2,a3s,b3s,a3scc,b3scc,atheta,btheta,ctheta,athetacc,bthetacc,cthetacc,fch3,hch3,fkinf1,ak1,aa11,aa21,aa31,aa41,fkinf2,aa12,aa22,aa32,aa42,v3,w1,w2,w7,w8,a1s1,a2s1,b1s1,b2s1,a1s2,a2s2,b1s2,b2s2,a1scc,a2scc,b1scc,b2scc,vdwe,vdwr,vdwc1,vdwc2
		Constructing COMMON block support for "potcm2"...
		  nc1h,nc2h
		Constructing COMMON block support for "qpdot"...
		  q,pdot
		Constructing COMMON block support for "coord2"...
		  nc1,nc2,nc,nhb,n1h,n2h
		Constructing COMMON block support for "coord3"...
		  tc1b,tc2b,tcc
		Constructing COMMON block support for "coord4"...
		  tc1h,tc2h,tb1h,tb2h
		Constructing COMMON block support for "coord5"...
		  rc1b,rc2b,rcc,rc1h,rc2h,rb1h,rb2h
		Constructing COMMON block support for "coord6"...
		  r0c1h,r0c2h,r0cc
		Constructing COMMON block support for "torsion1"...
		  thetahcch,t2
		Constructing COMMON block support for "refangles1"...
		  theta0,sphi,stheta
		Constructing COMMON block support for "vop6"...
		  fdelta,hdelta
		Constructing COMMON block support for "ipforce1"...
		  fk0,f1
		Constructing COMMON block support for "switch1"...
		  s1,s2,s3
		Constructing COMMON block support for "newh2o"...
		  nno,no,tno,rno,ded,angh2o,fkh2oeq,fkh2o,alph2o,angh2oeq,dkdr,dkdx,dedo,dedhi,dedho,ahh,d3hh,d1hh,r0hh
		Constructing COMMON block support for "newvdw"...
		  roh,toh
		Constructing COMMON block support for "utilcm"...
		  dgscartnu,descartnu,dijcartnu,cnvrtd,cnvrte,cnvrtde,ireorder,ksdiag,kediag,ksoffd,keoffd
    Wrote C/API module "CH5O2_VBMM_2023" to file "/tmp/tmpacpfc0pw/src.linux-x86_64-3.11/CH5O2_VBMM_2023module.c"
    Fortran 77 wrappers are saved to "/tmp/tmpacpfc0pw/src.linux-x86_64-3.11/CH5O2_VBMM_2023-f2pywrappers.f"
INFO:   adding '/tmp/tmpacpfc0pw/src.linux-x86_64-3.11/fortranobject.c' to sources.
INFO:   adding '/tmp/tmpacpfc0pw/src.linux-x86_64-3.11' to include_dirs.
copying /home/truhlard/shuxx055/anaconda3/envs/chempotpy/lib/python3.11/site-packages/numpy/f2py/src/fortranobject.c -> /tmp/tmpacpfc0pw/src.linux-x86_64-3.11
copying /home/truhlard/shuxx055/anaconda3/envs/chempotpy/lib/python3.11/site-packages/numpy/f2py/src/fortranobject.h -> /tmp/tmpacpfc0pw/src.linux-x86_64-3.11
INFO:   adding '/tmp/tmpacpfc0pw/src.linux-x86_64-3.11/CH5O2_VBMM_2023-f2pywrappers.f' to sources.
INFO: build_src: building npy-pkg config files
running build_ext
INFO: customize UnixCCompiler
INFO: customize UnixCCompiler using build_ext
INFO: get_default_fcompiler: matching types: '['arm', 'gnu95', 'intel', 'lahey', 'pg', 'nv', 'absoft', 'nag', 'vast', 'compaq', 'intele', 'intelem', 'gnu', 'g95', 'pathf95', 'nagfor', 'fujitsu']'
INFO: customize ArmFlangCompiler
WARN: Could not locate executable armflang
INFO: customize Gnu95FCompiler
INFO: Found executable /home/truhlard/shuxx055/anaconda3/envs/chempotpy/bin/gfortran
INFO: customize Gnu95FCompiler
INFO: customize Gnu95FCompiler using build_ext
INFO: building 'CH5O2_VBMM_2023' extension
INFO: compiling C sources
INFO: C compiler: gcc -pthread -B /home/truhlard/shuxx055/anaconda3/envs/chempotpy/compiler_compat -DNDEBUG -fwrapv -O2 -Wall -fPIC -O2 -isystem /home/truhlard/shuxx055/anaconda3/envs/chempotpy/include -fPIC -O2 -isystem /home/truhlard/shuxx055/anaconda3/envs/chempotpy/include -fPIC

creating /tmp/tmpacpfc0pw/tmp
creating /tmp/tmpacpfc0pw/tmp/tmpacpfc0pw
creating /tmp/tmpacpfc0pw/tmp/tmpacpfc0pw/src.linux-x86_64-3.11
INFO: compile options: '-DNPY_DISABLE_OPTIMIZATION=1 -I/tmp/tmpacpfc0pw/src.linux-x86_64-3.11 -I/home/truhlard/shuxx055/anaconda3/envs/chempotpy/lib/python3.11/site-packages/numpy/core/include -I/home/truhlard/shuxx055/anaconda3/envs/chempotpy/include/python3.11 -c'
INFO: gcc: /tmp/tmpacpfc0pw/src.linux-x86_64-3.11/CH5O2_VBMM_2023module.c
INFO: gcc: /tmp/tmpacpfc0pw/src.linux-x86_64-3.11/fortranobject.c
INFO: compiling Fortran sources
INFO: Fortran f77 compiler: /home/truhlard/shuxx055/anaconda3/envs/chempotpy/bin/gfortran -fallow-argument-mismatch -std=legacy -fPIC -O3 -funroll-loops
Fortran f90 compiler: /home/truhlard/shuxx055/anaconda3/envs/chempotpy/bin/gfortran -Wall -g -fno-second-underscore -fPIC -O3 -funroll-loops
Fortran fix compiler: /home/truhlard/shuxx055/anaconda3/envs/chempotpy/bin/gfortran -Wall -g -ffixed-form -fno-second-underscore -Wall -g -fno-second-underscore -fPIC -O3 -funroll-loops
INFO: compile options: '-I/tmp/tmpacpfc0pw/src.linux-x86_64-3.11 -I/home/truhlard/shuxx055/anaconda3/envs/chempotpy/lib/python3.11/site-packages/numpy/core/include -I/home/truhlard/shuxx055/anaconda3/envs/chempotpy/include/python3.11 -c'
INFO: gfortran:f77: /tmp/tmpacpfc0pw/src.linux-x86_64-3.11/CH5O2_VBMM_2023-f2pywrappers.f
INFO: gfortran:f77: CH5O2_VBMM_2023.f
INFO: /home/truhlard/shuxx055/anaconda3/envs/chempotpy/bin/gfortran -Wall -g -Wall -g -shared /tmp/tmpacpfc0pw/tmp/tmpacpfc0pw/src.linux-x86_64-3.11/CH5O2_VBMM_2023module.o /tmp/tmpacpfc0pw/tmp/tmpacpfc0pw/src.linux-x86_64-3.11/fortranobject.o /tmp/tmpacpfc0pw/CH5O2_VBMM_2023.o /tmp/tmpacpfc0pw/tmp/tmpacpfc0pw/src.linux-x86_64-3.11/CH5O2_VBMM_2023-f2pywrappers.o -L/panfs/jay/groups/16/truhlard/shuxx055/anaconda3/envs/chempotpy/bin/../lib/gcc/x86_64-conda-linux-gnu/13.1.0/../../../../x86_64-conda-linux-gnu/lib/../lib -L/panfs/jay/groups/16/truhlard/shuxx055/anaconda3/envs/chempotpy/bin/../lib/gcc/x86_64-conda-linux-gnu/13.1.0/../../../../x86_64-conda-linux-gnu/lib/../lib -lgfortran -o ./CH5O2_VBMM_2023.cpython-311-x86_64-linux-gnu.so
Removing build directory /tmp/tmpacpfc0pw
