running build
running config_cc
INFO: unifing config_cc, config, build_clib, build_ext, build commands --compiler options
running config_fc
INFO: unifing config_fc, config, build_clib, build_ext, build commands --fcompiler options
running build_src
INFO: build_src
INFO: building extension "C2H6O_VBMM" sources
INFO: f2py options: []
INFO: f2py:> /tmp/tmpmtkdo0xi/src.linux-x86_64-3.11/C2H6O_VBMMmodule.c
creating /tmp/tmpmtkdo0xi/src.linux-x86_64-3.11
Reading fortran codes...
	Reading file 'C2H6O_VBMM.f90' (format:free)
Line #28 in C2H6O_VBMM.f90:"      PARAMETER (JSURF=INT(ISURF*(ISURF+1)/2)) "
	determineexprtype: could not determine expressions ('int') type.
Line #28 in C2H6O_VBMM.f90:"      PARAMETER (JSURF=INT(ISURF*(ISURF+1)/2)) "
	determineexprtype: could not determine expressions ('int(isurf*(isurf+1)/2)') type.
Line #115 in C2H6O_VBMM.f90:"      PARAMETER (PI = 3.141592653589793D0) "
	get_parameters: got "eval() arg 1 must be a string, bytes or code object" on 4
Line #116 in C2H6O_VBMM.f90:"      PARAMETER (NATOM = 25) "
	get_parameters: got "eval() arg 1 must be a string, bytes or code object" on 4
Line #116 in C2H6O_VBMM.f90:"      PARAMETER (NATOM = 25) "
	get_parameters: got "eval() arg 1 must be a string, bytes or code object" on 4
Line #314 in C2H6O_VBMM.f90:"      PARAMETER (PI = 3.141592653589793D0) "
	get_parameters: got "eval() arg 1 must be a string, bytes or code object" on 4
Line #315 in C2H6O_VBMM.f90:"      PARAMETER (NATOM = 25) "
	get_parameters: got "eval() arg 1 must be a string, bytes or code object" on 4
Line #315 in C2H6O_VBMM.f90:"      PARAMETER (NATOM = 25) "
	get_parameters: got "eval() arg 1 must be a string, bytes or code object" on 4
Line #485 in C2H6O_VBMM.f90:"      PARAMETER (PI = 3.141592653589793D0) "
	get_parameters: got "eval() arg 1 must be a string, bytes or code object" on 4
Line #486 in C2H6O_VBMM.f90:"      PARAMETER (NATOM = 25) "
	get_parameters: got "eval() arg 1 must be a string, bytes or code object" on 4
Line #486 in C2H6O_VBMM.f90:"      PARAMETER (NATOM = 25) "
	get_parameters: got "eval() arg 1 must be a string, bytes or code object" on 4
Line #608 in C2H6O_VBMM.f90:"      PARAMETER (PI = 3.141592653589793D0) "
	get_parameters: got "eval() arg 1 must be a string, bytes or code object" on 4
Line #609 in C2H6O_VBMM.f90:"      PARAMETER (NATOM = 25) "
	get_parameters: got "eval() arg 1 must be a string, bytes or code object" on 4
Line #609 in C2H6O_VBMM.f90:"      PARAMETER (NATOM = 25) "
	get_parameters: got "eval() arg 1 must be a string, bytes or code object" on 4
Line #768 in C2H6O_VBMM.f90:"c  subroutine calculates reference angles for the "in-plane" potential "
	analyzeline: No name/args pattern found for line.
Line #779 in C2H6O_VBMM.f90:"      PARAMETER (PI = 3.141592653589793D0) "
	get_parameters: got "eval() arg 1 must be a string, bytes or code object" on 4
Line #780 in C2H6O_VBMM.f90:"      PARAMETER (NATOM = 25) "
	get_parameters: got "eval() arg 1 must be a string, bytes or code object" on 4
Line #780 in C2H6O_VBMM.f90:"      PARAMETER (NATOM = 25) "
	get_parameters: got "eval() arg 1 must be a string, bytes or code object" on 4
Line #953 in C2H6O_VBMM.f90:"c  subroutine to calculate leps-type stretching potential and its "
	analyzeline: No name/args pattern found for line.
Line #965 in C2H6O_VBMM.f90:"      PARAMETER (PI = 3.141592653589793D0) "
	get_parameters: got "eval() arg 1 must be a string, bytes or code object" on 4
Line #966 in C2H6O_VBMM.f90:"      PARAMETER (NATOM = 25) "
	get_parameters: got "eval() arg 1 must be a string, bytes or code object" on 4
Line #966 in C2H6O_VBMM.f90:"      PARAMETER (NATOM = 25) "
	get_parameters: got "eval() arg 1 must be a string, bytes or code object" on 4
{'before': '', 'this': 'dimension', 'after': 'vqbh(6),vjbh(6),vq(3),vj(3), '}
Line #1023 in C2H6O_VBMM.f90:"       dimension vqbh(6),vjbh(6),vq(3),vj(3), "
	analyzeline: no name pattern found in dimension statement for ''. Skipping.
Line #1159 in C2H6O_VBMM.f90:"c  subroutine calculates symmetrized vop potential and derivatives "
	analyzeline: No name/args pattern found for line.
Line #1170 in C2H6O_VBMM.f90:"      PARAMETER (PI = 3.141592653589793D0) "
	get_parameters: got "eval() arg 1 must be a string, bytes or code object" on 4
Line #1171 in C2H6O_VBMM.f90:"      PARAMETER (NATOM = 25) "
	get_parameters: got "eval() arg 1 must be a string, bytes or code object" on 4
Line #1171 in C2H6O_VBMM.f90:"      PARAMETER (NATOM = 25) "
	get_parameters: got "eval() arg 1 must be a string, bytes or code object" on 4
Line #1296 in C2H6O_VBMM.f90:"c  subroutine calculates symmetrised in plane bend term "
	analyzeline: No name/args pattern found for line.
Line #1308 in C2H6O_VBMM.f90:"      PARAMETER (PI = 3.141592653589793D0) "
	get_parameters: got "eval() arg 1 must be a string, bytes or code object" on 4
Line #1309 in C2H6O_VBMM.f90:"      PARAMETER (NATOM = 25) "
	get_parameters: got "eval() arg 1 must be a string, bytes or code object" on 4
Line #1309 in C2H6O_VBMM.f90:"      PARAMETER (NATOM = 25) "
	get_parameters: got "eval() arg 1 must be a string, bytes or code object" on 4
Line #1450 in C2H6O_VBMM.f90:"c  subroutine calculates out of plane angle delta, loops "
	analyzeline: No name/args pattern found for line.
Line #1465 in C2H6O_VBMM.f90:"      PARAMETER (PI = 3.141592653589793D0) "
	get_parameters: got "eval() arg 1 must be a string, bytes or code object" on 4
Line #1466 in C2H6O_VBMM.f90:"      PARAMETER (NATOM = 25) "
	get_parameters: got "eval() arg 1 must be a string, bytes or code object" on 4
Line #1466 in C2H6O_VBMM.f90:"      PARAMETER (NATOM = 25) "
	get_parameters: got "eval() arg 1 must be a string, bytes or code object" on 4
{'before': '', 'this': 'dimension', 'after': 'delta(8),in(3),a(3),b(3),axb(3),c(8,3),argd(8), '}
Line #1523 in C2H6O_VBMM.f90:"       dimension  delta(8),in(3),a(3),b(3),axb(3),c(8,3),argd(8), "
	analyzeline: no name pattern found in dimension statement for ''. Skipping.
Line #1647 in C2H6O_VBMM.f90:"c  subroutine calculates out of plane angle delta, loops "
	analyzeline: No name/args pattern found for line.
Line #1662 in C2H6O_VBMM.f90:"      PARAMETER (PI = 3.141592653589793D0) "
	get_parameters: got "eval() arg 1 must be a string, bytes or code object" on 4
Line #1663 in C2H6O_VBMM.f90:"      PARAMETER (NATOM = 25) "
	get_parameters: got "eval() arg 1 must be a string, bytes or code object" on 4
Line #1663 in C2H6O_VBMM.f90:"      PARAMETER (NATOM = 25) "
	get_parameters: got "eval() arg 1 must be a string, bytes or code object" on 4
{'before': '', 'this': 'dimension', 'after': 'delta(8),in(3),a(3),b(3),axb(3),c(8,3),argd(8), '}
Line #1720 in C2H6O_VBMM.f90:"       dimension  delta(8),in(3),a(3),b(3),axb(3),c(8,3),argd(8), "
	analyzeline: no name pattern found in dimension statement for ''. Skipping.
Line #1849 in C2H6O_VBMM.f90:"      PARAMETER (PI = 3.141592653589793D0) "
	get_parameters: got "eval() arg 1 must be a string, bytes or code object" on 4
Line #1850 in C2H6O_VBMM.f90:"      PARAMETER (NATOM = 25) "
	get_parameters: got "eval() arg 1 must be a string, bytes or code object" on 4
Line #1850 in C2H6O_VBMM.f90:"      PARAMETER (NATOM = 25) "
	get_parameters: got "eval() arg 1 must be a string, bytes or code object" on 4
Line #1953 in C2H6O_VBMM.f90:"      PARAMETER (PI = 3.141592653589793D0) "
	get_parameters: got "eval() arg 1 must be a string, bytes or code object" on 4
Line #1954 in C2H6O_VBMM.f90:"      PARAMETER (NATOM = 25) "
	get_parameters: got "eval() arg 1 must be a string, bytes or code object" on 4
Line #1954 in C2H6O_VBMM.f90:"      PARAMETER (NATOM = 25) "
	get_parameters: got "eval() arg 1 must be a string, bytes or code object" on 4
Line #2102 in C2H6O_VBMM.f90:"      PARAMETER (PI = 3.141592653589793D0) "
	get_parameters: got "eval() arg 1 must be a string, bytes or code object" on 4
Line #2103 in C2H6O_VBMM.f90:"      PARAMETER (NATOM = 25) "
	get_parameters: got "eval() arg 1 must be a string, bytes or code object" on 4
Line #2103 in C2H6O_VBMM.f90:"      PARAMETER (NATOM = 25) "
	get_parameters: got "eval() arg 1 must be a string, bytes or code object" on 4
Line #2360 in C2H6O_VBMM.f90:"Cc  subroutine to calculate van der waals potential "
	analyzeline: No name/args pattern found for line.
Line #2479 in C2H6O_VBMM.f90:"ccC   NATOMS = the number of atoms represented by this potential function "
	analyzeline: No name/args pattern found for line.
Line #2510 in C2H6O_VBMM.f90:"C   NATOMS = the number of atoms represented by this potential function "
	analyzeline: No name/args pattern found for line.
Line #2525 in C2H6O_VBMM.f90:"      PARAMETER (PI = 3.141592653589793D0) "
	get_parameters: got "eval() arg 1 must be a string, bytes or code object" on 4
Line #2526 in C2H6O_VBMM.f90:"      PARAMETER (NATOM = 25) "
	get_parameters: got "eval() arg 1 must be a string, bytes or code object" on 4
Line #2526 in C2H6O_VBMM.f90:"      PARAMETER (NATOM = 25) "
	get_parameters: got "eval() arg 1 must be a string, bytes or code object" on 4
Line #2527 in C2H6O_VBMM.f90:"      PARAMETER (N3TMMN = 27) "
	get_parameters: got "eval() arg 1 must be a string, bytes or code object" on 4
Line #2527 in C2H6O_VBMM.f90:"      PARAMETER (N3TMMN = 27) "
	get_parameters: got "eval() arg 1 must be a string, bytes or code object" on 4
Line #2679 in C2H6O_VBMM.f90:"      PARAMETER (PI = 3.141592653589793D0) "
	get_parameters: got "eval() arg 1 must be a string, bytes or code object" on 4
Line #2680 in C2H6O_VBMM.f90:"      PARAMETER (NATOM = 25) "
	get_parameters: got "eval() arg 1 must be a string, bytes or code object" on 4
Line #2680 in C2H6O_VBMM.f90:"      PARAMETER (NATOM = 25) "
	get_parameters: got "eval() arg 1 must be a string, bytes or code object" on 4
Line #2814 in C2H6O_VBMM.f90:"      PARAMETER (PI = 3.141592653589793D0) "
	get_parameters: got "eval() arg 1 must be a string, bytes or code object" on 4
Line #2984 in C2H6O_VBMM.f90:"      PARAMETER(        PI = 3.141592653589793D0) "
	get_parameters: got "eval() arg 1 must be a string, bytes or code object" on 4
Line #2985 in C2H6O_VBMM.f90:"      PARAMETER(    CLIGHT = 2.99792458D08) "
	get_parameters: got "eval() arg 1 must be a string, bytes or code object" on 4
Line #2985 in C2H6O_VBMM.f90:"      PARAMETER(    CLIGHT = 2.99792458D08) "
	get_parameters: got "eval() arg 1 must be a string, bytes or code object" on 4
Line #2986 in C2H6O_VBMM.f90:"      PARAMETER(     CMU_0 = 4.0D0*PI*1.0D-07) "
	get_parameters: got "eval() arg 1 must be a string, bytes or code object" on 4
Line #2986 in C2H6O_VBMM.f90:"      PARAMETER(     CMU_0 = 4.0D0*PI*1.0D-07) "
	get_parameters: got "eval() arg 1 must be a string, bytes or code object" on 4
Line #2986 in C2H6O_VBMM.f90:"      PARAMETER(     CMU_0 = 4.0D0*PI*1.0D-07) "
	get_parameters: got "eval() arg 1 must be a string, bytes or code object" on 4
Line #2987 in C2H6O_VBMM.f90:"      PARAMETER(CEPSILON_0 = 1.0D0/(CMU_0*CLIGHT**2)) "
	get_parameters: got "eval() arg 1 must be a string, bytes or code object" on 4
Line #2987 in C2H6O_VBMM.f90:"      PARAMETER(CEPSILON_0 = 1.0D0/(CMU_0*CLIGHT**2)) "
	get_parameters: got "eval() arg 1 must be a string, bytes or code object" on 4
Line #2987 in C2H6O_VBMM.f90:"      PARAMETER(CEPSILON_0 = 1.0D0/(CMU_0*CLIGHT**2)) "
	get_parameters: got "eval() arg 1 must be a string, bytes or code object" on 4
Line #2987 in C2H6O_VBMM.f90:"      PARAMETER(CEPSILON_0 = 1.0D0/(CMU_0*CLIGHT**2)) "
	determineexprtype: could not determine expressions ('1.0d0/(cmu_0*clight**2)') type.
Line #2988 in C2H6O_VBMM.f90:"      PARAMETER(        CE = 1.602176462D-19) "
	get_parameters: got "eval() arg 1 must be a string, bytes or code object" on 4
Line #2988 in C2H6O_VBMM.f90:"      PARAMETER(        CE = 1.602176462D-19) "
	get_parameters: got "eval() arg 1 must be a string, bytes or code object" on 4
Line #2988 in C2H6O_VBMM.f90:"      PARAMETER(        CE = 1.602176462D-19) "
	get_parameters: got "eval() arg 1 must be a string, bytes or code object" on 4
Line #2989 in C2H6O_VBMM.f90:"      PARAMETER(   CPLANCK = 6.62606876D-34) "
	get_parameters: got "eval() arg 1 must be a string, bytes or code object" on 4
Line #2989 in C2H6O_VBMM.f90:"      PARAMETER(   CPLANCK = 6.62606876D-34) "
	get_parameters: got "eval() arg 1 must be a string, bytes or code object" on 4
Line #2989 in C2H6O_VBMM.f90:"      PARAMETER(   CPLANCK = 6.62606876D-34) "
	get_parameters: got "eval() arg 1 must be a string, bytes or code object" on 4
Line #2989 in C2H6O_VBMM.f90:"      PARAMETER(   CPLANCK = 6.62606876D-34) "
	get_parameters: got "eval() arg 1 must be a string, bytes or code object" on 4
Line #2990 in C2H6O_VBMM.f90:"      PARAMETER(      CM_E = 9.10938188D-31) "
	get_parameters: got "eval() arg 1 must be a string, bytes or code object" on 4
Line #2990 in C2H6O_VBMM.f90:"      PARAMETER(      CM_E = 9.10938188D-31) "
	get_parameters: got "eval() arg 1 must be a string, bytes or code object" on 4
Line #2990 in C2H6O_VBMM.f90:"      PARAMETER(      CM_E = 9.10938188D-31) "
	get_parameters: got "eval() arg 1 must be a string, bytes or code object" on 4
Line #2990 in C2H6O_VBMM.f90:"      PARAMETER(      CM_E = 9.10938188D-31) "
	get_parameters: got "eval() arg 1 must be a string, bytes or code object" on 4
Line #2990 in C2H6O_VBMM.f90:"      PARAMETER(      CM_E = 9.10938188D-31) "
	get_parameters: got "eval() arg 1 must be a string, bytes or code object" on 4
Line #2991 in C2H6O_VBMM.f90:"      PARAMETER(      CANG = 1.0D-10) "
	get_parameters: got "eval() arg 1 must be a string, bytes or code object" on 4
Line #2991 in C2H6O_VBMM.f90:"      PARAMETER(      CANG = 1.0D-10) "
	get_parameters: got "eval() arg 1 must be a string, bytes or code object" on 4
Line #2991 in C2H6O_VBMM.f90:"      PARAMETER(      CANG = 1.0D-10) "
	get_parameters: got "eval() arg 1 must be a string, bytes or code object" on 4
Line #2991 in C2H6O_VBMM.f90:"      PARAMETER(      CANG = 1.0D-10) "
	get_parameters: got "eval() arg 1 must be a string, bytes or code object" on 4
Line #2991 in C2H6O_VBMM.f90:"      PARAMETER(      CANG = 1.0D-10) "
	get_parameters: got "eval() arg 1 must be a string, bytes or code object" on 4
Line #2991 in C2H6O_VBMM.f90:"      PARAMETER(      CANG = 1.0D-10) "
	get_parameters: got "eval() arg 1 must be a string, bytes or code object" on 4
Line #2992 in C2H6O_VBMM.f90:"      PARAMETER( CAVOGADRO = 6.02214199D23) "
	get_parameters: got "eval() arg 1 must be a string, bytes or code object" on 4
Line #2992 in C2H6O_VBMM.f90:"      PARAMETER( CAVOGADRO = 6.02214199D23) "
	get_parameters: got "eval() arg 1 must be a string, bytes or code object" on 4
Line #2992 in C2H6O_VBMM.f90:"      PARAMETER( CAVOGADRO = 6.02214199D23) "
	get_parameters: got "eval() arg 1 must be a string, bytes or code object" on 4
Line #2992 in C2H6O_VBMM.f90:"      PARAMETER( CAVOGADRO = 6.02214199D23) "
	get_parameters: got "eval() arg 1 must be a string, bytes or code object" on 4
Line #2992 in C2H6O_VBMM.f90:"      PARAMETER( CAVOGADRO = 6.02214199D23) "
	get_parameters: got "eval() arg 1 must be a string, bytes or code object" on 4
Line #2992 in C2H6O_VBMM.f90:"      PARAMETER( CAVOGADRO = 6.02214199D23) "
	get_parameters: got "eval() arg 1 must be a string, bytes or code object" on 4
Line #2992 in C2H6O_VBMM.f90:"      PARAMETER( CAVOGADRO = 6.02214199D23) "
	get_parameters: got "eval() arg 1 must be a string, bytes or code object" on 4
Line #2993 in C2H6O_VBMM.f90:"      PARAMETER(     CKCAL = 4.184D10) "
	get_parameters: got "eval() arg 1 must be a string, bytes or code object" on 4
Line #2993 in C2H6O_VBMM.f90:"      PARAMETER(     CKCAL = 4.184D10) "
	get_parameters: got "eval() arg 1 must be a string, bytes or code object" on 4
Line #2993 in C2H6O_VBMM.f90:"      PARAMETER(     CKCAL = 4.184D10) "
	get_parameters: got "eval() arg 1 must be a string, bytes or code object" on 4
Line #2993 in C2H6O_VBMM.f90:"      PARAMETER(     CKCAL = 4.184D10) "
	get_parameters: got "eval() arg 1 must be a string, bytes or code object" on 4
Line #2993 in C2H6O_VBMM.f90:"      PARAMETER(     CKCAL = 4.184D10) "
	get_parameters: got "eval() arg 1 must be a string, bytes or code object" on 4
Line #2993 in C2H6O_VBMM.f90:"      PARAMETER(     CKCAL = 4.184D10) "
	get_parameters: got "eval() arg 1 must be a string, bytes or code object" on 4
Line #2993 in C2H6O_VBMM.f90:"      PARAMETER(     CKCAL = 4.184D10) "
	get_parameters: got "eval() arg 1 must be a string, bytes or code object" on 4
Line #2993 in C2H6O_VBMM.f90:"      PARAMETER(     CKCAL = 4.184D10) "
	get_parameters: got "eval() arg 1 must be a string, bytes or code object" on 4
Line #2994 in C2H6O_VBMM.f90:"      PARAMETER(  HTOMILLH = 1000.D0) "
	get_parameters: got "eval() arg 1 must be a string, bytes or code object" on 4
Line #2994 in C2H6O_VBMM.f90:"      PARAMETER(  HTOMILLH = 1000.D0) "
	get_parameters: got "eval() arg 1 must be a string, bytes or code object" on 4
Line #2994 in C2H6O_VBMM.f90:"      PARAMETER(  HTOMILLH = 1000.D0) "
	get_parameters: got "eval() arg 1 must be a string, bytes or code object" on 4
Line #2994 in C2H6O_VBMM.f90:"      PARAMETER(  HTOMILLH = 1000.D0) "
	get_parameters: got "eval() arg 1 must be a string, bytes or code object" on 4
Line #2994 in C2H6O_VBMM.f90:"      PARAMETER(  HTOMILLH = 1000.D0) "
	get_parameters: got "eval() arg 1 must be a string, bytes or code object" on 4
Line #2994 in C2H6O_VBMM.f90:"      PARAMETER(  HTOMILLH = 1000.D0) "
	get_parameters: got "eval() arg 1 must be a string, bytes or code object" on 4
Line #2994 in C2H6O_VBMM.f90:"      PARAMETER(  HTOMILLH = 1000.D0) "
	get_parameters: got "eval() arg 1 must be a string, bytes or code object" on 4
Line #2994 in C2H6O_VBMM.f90:"      PARAMETER(  HTOMILLH = 1000.D0) "
	get_parameters: got "eval() arg 1 must be a string, bytes or code object" on 4
Line #2994 in C2H6O_VBMM.f90:"      PARAMETER(  HTOMILLH = 1000.D0) "
	get_parameters: got "eval() arg 1 must be a string, bytes or code object" on 4
Line #2995 in C2H6O_VBMM.f90:"      PARAMETER(     HTOEV = 27.2113834D0) "
	get_parameters: got "eval() arg 1 must be a string, bytes or code object" on 4
Line #2995 in C2H6O_VBMM.f90:"      PARAMETER(     HTOEV = 27.2113834D0) "
	get_parameters: got "eval() arg 1 must be a string, bytes or code object" on 4
Line #2995 in C2H6O_VBMM.f90:"      PARAMETER(     HTOEV = 27.2113834D0) "
	get_parameters: got "eval() arg 1 must be a string, bytes or code object" on 4
Line #2995 in C2H6O_VBMM.f90:"      PARAMETER(     HTOEV = 27.2113834D0) "
	get_parameters: got "eval() arg 1 must be a string, bytes or code object" on 4
Line #2995 in C2H6O_VBMM.f90:"      PARAMETER(     HTOEV = 27.2113834D0) "
	get_parameters: got "eval() arg 1 must be a string, bytes or code object" on 4
Line #2995 in C2H6O_VBMM.f90:"      PARAMETER(     HTOEV = 27.2113834D0) "
	get_parameters: got "eval() arg 1 must be a string, bytes or code object" on 4
Line #2995 in C2H6O_VBMM.f90:"      PARAMETER(     HTOEV = 27.2113834D0) "
	get_parameters: got "eval() arg 1 must be a string, bytes or code object" on 4
Line #2995 in C2H6O_VBMM.f90:"      PARAMETER(     HTOEV = 27.2113834D0) "
	get_parameters: got "eval() arg 1 must be a string, bytes or code object" on 4
Line #2995 in C2H6O_VBMM.f90:"      PARAMETER(     HTOEV = 27.2113834D0) "
	get_parameters: got "eval() arg 1 must be a string, bytes or code object" on 4
Line #2995 in C2H6O_VBMM.f90:"      PARAMETER(     HTOEV = 27.2113834D0) "
	get_parameters: got "eval() arg 1 must be a string, bytes or code object" on 4
Line #2996 in C2H6O_VBMM.f90:"      PARAMETER(   HTOKCAL = 627.509470D0) "
	get_parameters: got "eval() arg 1 must be a string, bytes or code object" on 4
Line #2996 in C2H6O_VBMM.f90:"      PARAMETER(   HTOKCAL = 627.509470D0) "
	get_parameters: got "eval() arg 1 must be a string, bytes or code object" on 4
Line #2996 in C2H6O_VBMM.f90:"      PARAMETER(   HTOKCAL = 627.509470D0) "
	get_parameters: got "eval() arg 1 must be a string, bytes or code object" on 4
Line #2996 in C2H6O_VBMM.f90:"      PARAMETER(   HTOKCAL = 627.509470D0) "
	get_parameters: got "eval() arg 1 must be a string, bytes or code object" on 4
Line #2996 in C2H6O_VBMM.f90:"      PARAMETER(   HTOKCAL = 627.509470D0) "
	get_parameters: got "eval() arg 1 must be a string, bytes or code object" on 4
Line #2996 in C2H6O_VBMM.f90:"      PARAMETER(   HTOKCAL = 627.509470D0) "
	get_parameters: got "eval() arg 1 must be a string, bytes or code object" on 4
Line #2996 in C2H6O_VBMM.f90:"      PARAMETER(   HTOKCAL = 627.509470D0) "
	get_parameters: got "eval() arg 1 must be a string, bytes or code object" on 4
Line #2996 in C2H6O_VBMM.f90:"      PARAMETER(   HTOKCAL = 627.509470D0) "
	get_parameters: got "eval() arg 1 must be a string, bytes or code object" on 4
Line #2996 in C2H6O_VBMM.f90:"      PARAMETER(   HTOKCAL = 627.509470D0) "
	get_parameters: got "eval() arg 1 must be a string, bytes or code object" on 4
Line #2996 in C2H6O_VBMM.f90:"      PARAMETER(   HTOKCAL = 627.509470D0) "
	get_parameters: got "eval() arg 1 must be a string, bytes or code object" on 4
Line #2996 in C2H6O_VBMM.f90:"      PARAMETER(   HTOKCAL = 627.509470D0) "
	get_parameters: got "eval() arg 1 must be a string, bytes or code object" on 4
Line #2997 in C2H6O_VBMM.f90:"      PARAMETER(   HTOWAVE = 219474.631D0) "
	get_parameters: got "eval() arg 1 must be a string, bytes or code object" on 4
Line #2997 in C2H6O_VBMM.f90:"      PARAMETER(   HTOWAVE = 219474.631D0) "
	get_parameters: got "eval() arg 1 must be a string, bytes or code object" on 4
Line #2997 in C2H6O_VBMM.f90:"      PARAMETER(   HTOWAVE = 219474.631D0) "
	get_parameters: got "eval() arg 1 must be a string, bytes or code object" on 4
Line #2997 in C2H6O_VBMM.f90:"      PARAMETER(   HTOWAVE = 219474.631D0) "
	get_parameters: got "eval() arg 1 must be a string, bytes or code object" on 4
Line #2997 in C2H6O_VBMM.f90:"      PARAMETER(   HTOWAVE = 219474.631D0) "
	get_parameters: got "eval() arg 1 must be a string, bytes or code object" on 4
Line #2997 in C2H6O_VBMM.f90:"      PARAMETER(   HTOWAVE = 219474.631D0) "
	get_parameters: got "eval() arg 1 must be a string, bytes or code object" on 4
Line #2997 in C2H6O_VBMM.f90:"      PARAMETER(   HTOWAVE = 219474.631D0) "
	get_parameters: got "eval() arg 1 must be a string, bytes or code object" on 4
Line #2997 in C2H6O_VBMM.f90:"      PARAMETER(   HTOWAVE = 219474.631D0) "
	get_parameters: got "eval() arg 1 must be a string, bytes or code object" on 4
Line #2997 in C2H6O_VBMM.f90:"      PARAMETER(   HTOWAVE = 219474.631D0) "
	get_parameters: got "eval() arg 1 must be a string, bytes or code object" on 4
Line #2997 in C2H6O_VBMM.f90:"      PARAMETER(   HTOWAVE = 219474.631D0) "
	get_parameters: got "eval() arg 1 must be a string, bytes or code object" on 4
Line #2997 in C2H6O_VBMM.f90:"      PARAMETER(   HTOWAVE = 219474.631D0) "
	get_parameters: got "eval() arg 1 must be a string, bytes or code object" on 4
Line #2997 in C2H6O_VBMM.f90:"      PARAMETER(   HTOWAVE = 219474.631D0) "
	get_parameters: got "eval() arg 1 must be a string, bytes or code object" on 4
Line #2998 in C2H6O_VBMM.f90:"      PARAMETER(     HTOKJ = 2625.49962D0) "
	get_parameters: got "eval() arg 1 must be a string, bytes or code object" on 4
Line #2998 in C2H6O_VBMM.f90:"      PARAMETER(     HTOKJ = 2625.49962D0) "
	get_parameters: got "eval() arg 1 must be a string, bytes or code object" on 4
Line #2998 in C2H6O_VBMM.f90:"      PARAMETER(     HTOKJ = 2625.49962D0) "
	get_parameters: got "eval() arg 1 must be a string, bytes or code object" on 4
Line #2998 in C2H6O_VBMM.f90:"      PARAMETER(     HTOKJ = 2625.49962D0) "
	get_parameters: got "eval() arg 1 must be a string, bytes or code object" on 4
Line #2998 in C2H6O_VBMM.f90:"      PARAMETER(     HTOKJ = 2625.49962D0) "
	get_parameters: got "eval() arg 1 must be a string, bytes or code object" on 4
Line #2998 in C2H6O_VBMM.f90:"      PARAMETER(     HTOKJ = 2625.49962D0) "
	get_parameters: got "eval() arg 1 must be a string, bytes or code object" on 4
Line #2998 in C2H6O_VBMM.f90:"      PARAMETER(     HTOKJ = 2625.49962D0) "
	get_parameters: got "eval() arg 1 must be a string, bytes or code object" on 4
Line #2998 in C2H6O_VBMM.f90:"      PARAMETER(     HTOKJ = 2625.49962D0) "
	get_parameters: got "eval() arg 1 must be a string, bytes or code object" on 4
Line #2998 in C2H6O_VBMM.f90:"      PARAMETER(     HTOKJ = 2625.49962D0) "
	get_parameters: got "eval() arg 1 must be a string, bytes or code object" on 4
Line #2998 in C2H6O_VBMM.f90:"      PARAMETER(     HTOKJ = 2625.49962D0) "
	get_parameters: got "eval() arg 1 must be a string, bytes or code object" on 4
Line #2998 in C2H6O_VBMM.f90:"      PARAMETER(     HTOKJ = 2625.49962D0) "
	get_parameters: got "eval() arg 1 must be a string, bytes or code object" on 4
Line #2998 in C2H6O_VBMM.f90:"      PARAMETER(     HTOKJ = 2625.49962D0) "
	get_parameters: got "eval() arg 1 must be a string, bytes or code object" on 4
Line #2998 in C2H6O_VBMM.f90:"      PARAMETER(     HTOKJ = 2625.49962D0) "
	get_parameters: got "eval() arg 1 must be a string, bytes or code object" on 4
Line #2999 in C2H6O_VBMM.f90:"      PARAMETER(    BOHR_A = .5291772083D0) "
	get_parameters: got "eval() arg 1 must be a string, bytes or code object" on 4
Line #2999 in C2H6O_VBMM.f90:"      PARAMETER(    BOHR_A = .5291772083D0) "
	get_parameters: got "eval() arg 1 must be a string, bytes or code object" on 4
Line #2999 in C2H6O_VBMM.f90:"      PARAMETER(    BOHR_A = .5291772083D0) "
	get_parameters: got "eval() arg 1 must be a string, bytes or code object" on 4
Line #2999 in C2H6O_VBMM.f90:"      PARAMETER(    BOHR_A = .5291772083D0) "
	get_parameters: got "eval() arg 1 must be a string, bytes or code object" on 4
Line #2999 in C2H6O_VBMM.f90:"      PARAMETER(    BOHR_A = .5291772083D0) "
	get_parameters: got "eval() arg 1 must be a string, bytes or code object" on 4
Line #2999 in C2H6O_VBMM.f90:"      PARAMETER(    BOHR_A = .5291772083D0) "
	get_parameters: got "eval() arg 1 must be a string, bytes or code object" on 4
Line #2999 in C2H6O_VBMM.f90:"      PARAMETER(    BOHR_A = .5291772083D0) "
	get_parameters: got "eval() arg 1 must be a string, bytes or code object" on 4
Line #2999 in C2H6O_VBMM.f90:"      PARAMETER(    BOHR_A = .5291772083D0) "
	get_parameters: got "eval() arg 1 must be a string, bytes or code object" on 4
Line #2999 in C2H6O_VBMM.f90:"      PARAMETER(    BOHR_A = .5291772083D0) "
	get_parameters: got "eval() arg 1 must be a string, bytes or code object" on 4
Line #2999 in C2H6O_VBMM.f90:"      PARAMETER(    BOHR_A = .5291772083D0) "
	get_parameters: got "eval() arg 1 must be a string, bytes or code object" on 4
Line #2999 in C2H6O_VBMM.f90:"      PARAMETER(    BOHR_A = .5291772083D0) "
	get_parameters: got "eval() arg 1 must be a string, bytes or code object" on 4
Line #2999 in C2H6O_VBMM.f90:"      PARAMETER(    BOHR_A = .5291772083D0) "
	get_parameters: got "eval() arg 1 must be a string, bytes or code object" on 4
Line #2999 in C2H6O_VBMM.f90:"      PARAMETER(    BOHR_A = .5291772083D0) "
	get_parameters: got "eval() arg 1 must be a string, bytes or code object" on 4
Line #2999 in C2H6O_VBMM.f90:"      PARAMETER(    BOHR_A = .5291772083D0) "
	get_parameters: got "eval() arg 1 must be a string, bytes or code object" on 4
crackline: groupcounter=14 groupname={0: '', 1: 'module', 2: 'interface', 3: 'function', 4: 'subroutine', 5: 'subroutine', 6: 'subroutine', 7: 'subroutine', 8: 'subroutine', 9: 'subroutine', 10: 'subroutine', 11: 'subroutine', 12: 'subroutine', 13: 'function', 14: 'subroutine', 15: 'subroutine'}
crackline: Mismatch of blocks encountered. Trying to fix it by assuming "end" statement.
crackline: groupcounter=13 groupname={0: '', 1: 'module', 2: 'interface', 3: 'function', 4: 'subroutine', 5: 'subroutine', 6: 'subroutine', 7: 'subroutine', 8: 'subroutine', 9: 'subroutine', 10: 'subroutine', 11: 'subroutine', 12: 'subroutine', 13: 'function', 14: 'subroutine', 15: 'subroutine'}
crackline: Mismatch of blocks encountered. Trying to fix it by assuming "end" statement.
crackline: groupcounter=12 groupname={0: '', 1: 'module', 2: 'interface', 3: 'function', 4: 'subroutine', 5: 'subroutine', 6: 'subroutine', 7: 'subroutine', 8: 'subroutine', 9: 'subroutine', 10: 'subroutine', 11: 'subroutine', 12: 'subroutine', 13: 'function', 14: 'subroutine', 15: 'subroutine'}
crackline: Mismatch of blocks encountered. Trying to fix it by assuming "end" statement.
crackline: groupcounter=11 groupname={0: '', 1: 'module', 2: 'interface', 3: 'function', 4: 'subroutine', 5: 'subroutine', 6: 'subroutine', 7: 'subroutine', 8: 'subroutine', 9: 'subroutine', 10: 'subroutine', 11: 'subroutine', 12: 'subroutine', 13: 'function', 14: 'subroutine', 15: 'subroutine'}
crackline: Mismatch of blocks encountered. Trying to fix it by assuming "end" statement.
crackline: groupcounter=10 groupname={0: '', 1: 'module', 2: 'interface', 3: 'function', 4: 'subroutine', 5: 'subroutine', 6: 'subroutine', 7: 'subroutine', 8: 'subroutine', 9: 'subroutine', 10: 'subroutine', 11: 'subroutine', 12: 'subroutine', 13: 'function', 14: 'subroutine', 15: 'subroutine'}
crackline: Mismatch of blocks encountered. Trying to fix it by assuming "end" statement.
crackline: groupcounter=9 groupname={0: '', 1: 'module', 2: 'interface', 3: 'function', 4: 'subroutine', 5: 'subroutine', 6: 'subroutine', 7: 'subroutine', 8: 'subroutine', 9: 'subroutine', 10: 'subroutine', 11: 'subroutine', 12: 'subroutine', 13: 'function', 14: 'subroutine', 15: 'subroutine'}
crackline: Mismatch of blocks encountered. Trying to fix it by assuming "end" statement.
crackline: groupcounter=8 groupname={0: '', 1: 'module', 2: 'interface', 3: 'function', 4: 'subroutine', 5: 'subroutine', 6: 'subroutine', 7: 'subroutine', 8: 'subroutine', 9: 'subroutine', 10: 'subroutine', 11: 'subroutine', 12: 'subroutine', 13: 'function', 14: 'subroutine', 15: 'subroutine'}
crackline: Mismatch of blocks encountered. Trying to fix it by assuming "end" statement.
crackline: groupcounter=7 groupname={0: '', 1: 'module', 2: 'interface', 3: 'function', 4: 'subroutine', 5: 'subroutine', 6: 'subroutine', 7: 'subroutine', 8: 'subroutine', 9: 'subroutine', 10: 'subroutine', 11: 'subroutine', 12: 'subroutine', 13: 'function', 14: 'subroutine', 15: 'subroutine'}
crackline: Mismatch of blocks encountered. Trying to fix it by assuming "end" statement.
crackline: groupcounter=6 groupname={0: '', 1: 'module', 2: 'interface', 3: 'function', 4: 'subroutine', 5: 'subroutine', 6: 'subroutine', 7: 'subroutine', 8: 'subroutine', 9: 'subroutine', 10: 'subroutine', 11: 'subroutine', 12: 'subroutine', 13: 'function', 14: 'subroutine', 15: 'subroutine'}
crackline: Mismatch of blocks encountered. Trying to fix it by assuming "end" statement.
crackline: groupcounter=5 groupname={0: '', 1: 'module', 2: 'interface', 3: 'function', 4: 'subroutine', 5: 'subroutine', 6: 'subroutine', 7: 'subroutine', 8: 'subroutine', 9: 'subroutine', 10: 'subroutine', 11: 'subroutine', 12: 'subroutine', 13: 'function', 14: 'subroutine', 15: 'subroutine'}
crackline: Mismatch of blocks encountered. Trying to fix it by assuming "end" statement.
crackline: groupcounter=4 groupname={0: '', 1: 'module', 2: 'interface', 3: 'function', 4: 'subroutine', 5: 'subroutine', 6: 'subroutine', 7: 'subroutine', 8: 'subroutine', 9: 'subroutine', 10: 'subroutine', 11: 'subroutine', 12: 'subroutine', 13: 'function', 14: 'subroutine', 15: 'subroutine'}
crackline: Mismatch of blocks encountered. Trying to fix it by assuming "end" statement.
crackline: groupcounter=3 groupname={0: '', 1: 'module', 2: 'interface', 3: 'function', 4: 'subroutine', 5: 'subroutine', 6: 'subroutine', 7: 'subroutine', 8: 'subroutine', 9: 'subroutine', 10: 'subroutine', 11: 'subroutine', 12: 'subroutine', 13: 'function', 14: 'subroutine', 15: 'subroutine'}
crackline: Mismatch of blocks encountered. Trying to fix it by assuming "end" statement.
crackline: groupcounter=2 groupname={0: '', 1: 'module', 2: 'interface', 3: 'function', 4: 'subroutine', 5: 'subroutine', 6: 'subroutine', 7: 'subroutine', 8: 'subroutine', 9: 'subroutine', 10: 'subroutine', 11: 'subroutine', 12: 'subroutine', 13: 'function', 14: 'subroutine', 15: 'subroutine'}
crackline: Mismatch of blocks encountered. Trying to fix it by assuming "end" statement.
crackline: groupcounter=1 groupname={0: '', 1: 'module', 2: 'interface', 3: 'function', 4: 'subroutine', 5: 'subroutine', 6: 'subroutine', 7: 'subroutine', 8: 'subroutine', 9: 'subroutine', 10: 'subroutine', 11: 'subroutine', 12: 'subroutine', 13: 'function', 14: 'subroutine', 15: 'subroutine'}
crackline: Mismatch of blocks encountered. Trying to fix it by assuming "end" statement.
Post-processing...
	Block: C2H6O_VBMM
			Block: pes
			Block: pot
In: :C2H6O_VBMM:C2H6O_VBMM.f90:pot
get_parameters: got "eval() arg 1 must be a string, bytes or code object" on 4
In: :C2H6O_VBMM:C2H6O_VBMM.f90:pot
get_parameters: got "eval() arg 1 must be a string, bytes or code object" on 4
			Block: coorden
In: :C2H6O_VBMM:C2H6O_VBMM.f90:coorden
get_parameters: got "eval() arg 1 must be a string, bytes or code object" on 4
In: :C2H6O_VBMM:C2H6O_VBMM.f90:coorden
get_parameters: got "eval() arg 1 must be a string, bytes or code object" on 4
{}
In: :C2H6O_VBMM:C2H6O_VBMM.f90:torsion
vars2fortran: No typespec for argument "vtor".
			Block: torsion
In: :C2H6O_VBMM:C2H6O_VBMM.f90:torsion
get_parameters: got "eval() arg 1 must be a string, bytes or code object" on 4
In: :C2H6O_VBMM:C2H6O_VBMM.f90:torsion
get_parameters: got "eval() arg 1 must be a string, bytes or code object" on 4
{}
In: :C2H6O_VBMM:C2H6O_VBMM.f90:dihed:dihedro
vars2fortran: No typespec for argument "dihed".
{}
In: :C2H6O_VBMM:C2H6O_VBMM.f90:dihed:refangles:stretch:opbend:ipbend:calcdelta1:calcdelta2:vander:unknown_subroutine:setup
vars2fortran: No typespec for argument "n3tm".
{}
In: :C2H6O_VBMM:C2H6O_VBMM.f90:dihed:refangles:stretch:opbend:ipbend:calcdelta1:calcdelta2:vander
vars2fortran: No typespec for argument "evdw".
{}
In: :C2H6O_VBMM:C2H6O_VBMM.f90:dihed:refangles:stretch:opbend:ipbend:calcdelta1:calcdelta2
vars2fortran: No typespec for argument "i".
{}
In: :C2H6O_VBMM:C2H6O_VBMM.f90:dihed:refangles:stretch:opbend:ipbend:calcdelta1:calcdelta2
vars2fortran: No typespec for argument "j".
{}
In: :C2H6O_VBMM:C2H6O_VBMM.f90:dihed:refangles:stretch:opbend:ipbend:calcdelta1:calcdelta2
vars2fortran: No typespec for argument "k".
{}
In: :C2H6O_VBMM:C2H6O_VBMM.f90:dihed:refangles:stretch:opbend:ipbend:calcdelta1:calcdelta2
vars2fortran: No typespec for argument "l".
{}
In: :C2H6O_VBMM:C2H6O_VBMM.f90:dihed:refangles:stretch:opbend:ipbend:calcdelta1:calcdelta2
vars2fortran: No typespec for argument "sum2".
{}
In: :C2H6O_VBMM:C2H6O_VBMM.f90:dihed:refangles:stretch:opbend:ipbend:calcdelta1:calcdelta2
vars2fortran: No typespec for argument "sum4".
{}
In: :C2H6O_VBMM:C2H6O_VBMM.f90:dihed:refangles:stretch:opbend:ipbend:calcdelta1
vars2fortran: No typespec for argument "i".
{}
In: :C2H6O_VBMM:C2H6O_VBMM.f90:dihed:refangles:stretch:opbend:ipbend:calcdelta1
vars2fortran: No typespec for argument "j".
{}
In: :C2H6O_VBMM:C2H6O_VBMM.f90:dihed:refangles:stretch:opbend:ipbend:calcdelta1
vars2fortran: No typespec for argument "k".
{}
In: :C2H6O_VBMM:C2H6O_VBMM.f90:dihed:refangles:stretch:opbend:ipbend:calcdelta1
vars2fortran: No typespec for argument "l".
{}
In: :C2H6O_VBMM:C2H6O_VBMM.f90:dihed:refangles:stretch:opbend:ipbend:calcdelta1
vars2fortran: No typespec for argument "sum2".
{}
In: :C2H6O_VBMM:C2H6O_VBMM.f90:dihed:refangles:stretch:opbend:ipbend:calcdelta1
vars2fortran: No typespec for argument "sum4".
{}
In: :C2H6O_VBMM:C2H6O_VBMM.f90:dihed:refangles:stretch:opbend:ipbend
vars2fortran: No typespec for argument "vip".
{}
In: :C2H6O_VBMM:C2H6O_VBMM.f90:dihed:refangles:stretch:opbend
vars2fortran: No typespec for argument "vop".
{}
In: :C2H6O_VBMM:C2H6O_VBMM.f90:dihed:refangles:stretch
vars2fortran: No typespec for argument "vstr".
{}
In: :C2H6O_VBMM:C2H6O_VBMM.f90:dihed
vars2fortran: No typespec for argument "i".
{}
In: :C2H6O_VBMM:C2H6O_VBMM.f90:dihed
vars2fortran: No typespec for argument "j".
{}
In: :C2H6O_VBMM:C2H6O_VBMM.f90:dihed
vars2fortran: No typespec for argument "k".
{}
In: :C2H6O_VBMM:C2H6O_VBMM.f90:dihed
vars2fortran: No typespec for argument "l".
			Block: dihed
In: :C2H6O_VBMM:C2H6O_VBMM.f90:dihed
analyzevars: prefix ('c      double precision') were not used
Applying post-processing hooks...
  character_backward_compatibility_hook
Post-processing (stage 2)...
Building modules...
    Building module "C2H6O_VBMM"...
    Generating possibly empty wrappers"
    Maybe empty "C2H6O_VBMM-f2pywrappers.f"
        Constructing wrapper function "pes"...
          p,g,d = pes(x,igrad)
    Generating possibly empty wrappers"
    Maybe empty "C2H6O_VBMM-f2pywrappers.f"
        Constructing wrapper function "pot"...
          pot()
    Generating possibly empty wrappers"
    Maybe empty "C2H6O_VBMM-f2pywrappers.f"
        Constructing wrapper function "coorden"...
          coorden()
    Generating possibly empty wrappers"
    Maybe empty "C2H6O_VBMM-f2pywrappers.f"
        Constructing wrapper function "torsion"...
          torsion(vtor)
    Generating possibly empty wrappers"
    Maybe empty "C2H6O_VBMM-f2pywrappers.f"
		Creating wrapper for Fortran function "dihed"("dihed")...
        Constructing wrapper function "dihed"...
          dihed = dihed(i,j,k,l)
		Constructing COMMON block support for "usrocm"...
		  pengygs,pengyes
		Constructing COMMON block support for "usricm"...
		  cart,anuzero
		Constructing COMMON block support for "pt1cm"...
		  r,engygs,degsdr
		Constructing COMMON block support for "pt3cm"...
		  ezero
		Constructing COMMON block support for "pt4cm"...
		  engyes,deesdr
		Constructing COMMON block support for "pt5cm"...
		  engyij,deijdr
		Constructing COMMON block support for "infocm"...
		  cartnu,indexes
		Constructing COMMON block support for "potcm"...
		  nnc1,nnc2,nnb
		Constructing COMMON block support for "angles"...
		  theta0,dtheta0
		Constructing COMMON block support for "bonds"...
		  r0c1h,r0c2h
		Constructing COMMON block support for "bonds2"...
		  rc1h,rc2h,rbh,rhh
		Constructing COMMON block support for "bonds3"...
		  rc1b,rc2b
		Constructing COMMON block support for "coords1"...
		  tcb,tc1h,tc2h,tbh
		Constructing COMMON block support for "coords2"...
		  tcc,thh
		Constructing COMMON block support for "coords3"...
		  tc1b,tc2b
		Constructing COMMON block support for "delta1"...
		  fdelta,hdelta
		Constructing COMMON block support for "delta2"...
		  dfdelta,dhdelta
		Constructing COMMON block support for "force1"...
		  fk0,f1,dfdc,dfdh
		Constructing COMMON block support for "ip1"...
		  s1,ds1,s2,ds2
		Constructing COMMON block support for "ndx"...
		  nc,nhb,nh
		Constructing COMMON block support for "ndx2"...
		  nc1,nc2,nnh
		Constructing COMMON block support for "op1"...
		  s3,ds3
		Constructing COMMON block support for "qpdot"...
		  q,pdot
		Constructing COMMON block support for "stret1"...
		  d1ch,d3ch,a1cc,b1cc,c1cc
		Constructing COMMON block support for "switch1"...
		  sphi,dsphi,stheta,dstheta
		Constructing COMMON block support for "thetahcch"...
		  thetahcch
    Wrote C/API module "C2H6O_VBMM" to file "/tmp/tmpmtkdo0xi/src.linux-x86_64-3.11/C2H6O_VBMMmodule.c"
    Fortran 77 wrappers are saved to "/tmp/tmpmtkdo0xi/src.linux-x86_64-3.11/C2H6O_VBMM-f2pywrappers.f"
INFO:   adding '/tmp/tmpmtkdo0xi/src.linux-x86_64-3.11/fortranobject.c' to sources.
INFO:   adding '/tmp/tmpmtkdo0xi/src.linux-x86_64-3.11' to include_dirs.
copying /home/truhlard/shuxx055/anaconda3/envs/chempotpy/lib/python3.11/site-packages/numpy/f2py/src/fortranobject.c -> /tmp/tmpmtkdo0xi/src.linux-x86_64-3.11
copying /home/truhlard/shuxx055/anaconda3/envs/chempotpy/lib/python3.11/site-packages/numpy/f2py/src/fortranobject.h -> /tmp/tmpmtkdo0xi/src.linux-x86_64-3.11
INFO:   adding '/tmp/tmpmtkdo0xi/src.linux-x86_64-3.11/C2H6O_VBMM-f2pywrappers.f' to sources.
INFO: build_src: building npy-pkg config files
running build_ext
INFO: customize UnixCCompiler
INFO: customize UnixCCompiler using build_ext
INFO: get_default_fcompiler: matching types: '['arm', 'gnu95', 'intel', 'lahey', 'pg', 'nv', 'absoft', 'nag', 'vast', 'compaq', 'intele', 'intelem', 'gnu', 'g95', 'pathf95', 'nagfor', 'fujitsu']'
INFO: customize ArmFlangCompiler
WARN: Could not locate executable armflang
INFO: customize Gnu95FCompiler
INFO: Found executable /home/truhlard/shuxx055/anaconda3/envs/chempotpy/bin/gfortran
INFO: customize Gnu95FCompiler
INFO: customize Gnu95FCompiler using build_ext
INFO: building 'C2H6O_VBMM' extension
INFO: compiling C sources
INFO: C compiler: gcc -pthread -B /home/truhlard/shuxx055/anaconda3/envs/chempotpy/compiler_compat -DNDEBUG -fwrapv -O2 -Wall -fPIC -O2 -isystem /home/truhlard/shuxx055/anaconda3/envs/chempotpy/include -fPIC -O2 -isystem /home/truhlard/shuxx055/anaconda3/envs/chempotpy/include -fPIC

creating /tmp/tmpmtkdo0xi/tmp
creating /tmp/tmpmtkdo0xi/tmp/tmpmtkdo0xi
creating /tmp/tmpmtkdo0xi/tmp/tmpmtkdo0xi/src.linux-x86_64-3.11
INFO: compile options: '-DNPY_DISABLE_OPTIMIZATION=1 -I/tmp/tmpmtkdo0xi/src.linux-x86_64-3.11 -I/home/truhlard/shuxx055/anaconda3/envs/chempotpy/lib/python3.11/site-packages/numpy/core/include -I/home/truhlard/shuxx055/anaconda3/envs/chempotpy/include/python3.11 -c'
INFO: gcc: /tmp/tmpmtkdo0xi/src.linux-x86_64-3.11/C2H6O_VBMMmodule.c
INFO: gcc: /tmp/tmpmtkdo0xi/src.linux-x86_64-3.11/fortranobject.c
INFO: compiling Fortran sources
INFO: Fortran f77 compiler: /home/truhlard/shuxx055/anaconda3/envs/chempotpy/bin/gfortran -Wall -g -ffixed-form -fno-second-underscore -fPIC -O3 -funroll-loops
Fortran f90 compiler: /home/truhlard/shuxx055/anaconda3/envs/chempotpy/bin/gfortran -fallow-argument-mismatch -std=legacy -fPIC -O3 -funroll-loops
Fortran fix compiler: /home/truhlard/shuxx055/anaconda3/envs/chempotpy/bin/gfortran -Wall -g -ffixed-form -fno-second-underscore -fallow-argument-mismatch -std=legacy -fPIC -O3 -funroll-loops
INFO: compile options: '-I/tmp/tmpmtkdo0xi/src.linux-x86_64-3.11 -I/home/truhlard/shuxx055/anaconda3/envs/chempotpy/lib/python3.11/site-packages/numpy/core/include -I/home/truhlard/shuxx055/anaconda3/envs/chempotpy/include/python3.11 -c'
INFO: gfortran:fix: C2H6O_VBMM.f90
INFO: gfortran:f77: /tmp/tmpmtkdo0xi/src.linux-x86_64-3.11/C2H6O_VBMM-f2pywrappers.f
INFO: /home/truhlard/shuxx055/anaconda3/envs/chempotpy/bin/gfortran -Wall -g -Wall -g -shared /tmp/tmpmtkdo0xi/tmp/tmpmtkdo0xi/src.linux-x86_64-3.11/C2H6O_VBMMmodule.o /tmp/tmpmtkdo0xi/tmp/tmpmtkdo0xi/src.linux-x86_64-3.11/fortranobject.o /tmp/tmpmtkdo0xi/C2H6O_VBMM.o /tmp/tmpmtkdo0xi/tmp/tmpmtkdo0xi/src.linux-x86_64-3.11/C2H6O_VBMM-f2pywrappers.o -L/panfs/jay/groups/16/truhlard/shuxx055/anaconda3/envs/chempotpy/bin/../lib/gcc/x86_64-conda-linux-gnu/13.1.0/../../../../x86_64-conda-linux-gnu/lib/../lib -L/panfs/jay/groups/16/truhlard/shuxx055/anaconda3/envs/chempotpy/bin/../lib/gcc/x86_64-conda-linux-gnu/13.1.0/../../../../x86_64-conda-linux-gnu/lib/../lib -lgfortran -o ./C2H6O_VBMM.cpython-311-x86_64-linux-gnu.so
Removing build directory /tmp/tmpmtkdo0xi
