running build
running config_cc
INFO: unifing config_cc, config, build_clib, build_ext, build commands --compiler options
running config_fc
INFO: unifing config_fc, config, build_clib, build_ext, build commands --fcompiler options
running build_src
INFO: build_src
INFO: building extension "CH2O2_PIPNN" sources
INFO: f2py options: []
INFO: f2py:> /tmp/tmpz57p6gu9/src.linux-x86_64-3.11/CH2O2_PIPNNmodule.c
creating /tmp/tmpz57p6gu9/src.linux-x86_64-3.11
Reading fortran codes...
	Reading file 'CH2O2_PIPNN.f90' (format:free)
Post-processing...
	Block: CH2O2_PIPNN
			Block: nnparam1
In: :CH2O2_PIPNN:CH2O2_PIPNN.f90:nnparam1
get_parameters: got "eval() arg 1 must be a string, bytes or code object" on 4
In: :CH2O2_PIPNN:CH2O2_PIPNN.f90:nnparam1
get_parameters: got "eval() arg 1 must be a string, bytes or code object" on 4
In: :CH2O2_PIPNN:CH2O2_PIPNN.f90:nnparam1
get_parameters: got "eval() arg 1 must be a string, bytes or code object" on 4
In: :CH2O2_PIPNN:CH2O2_PIPNN.f90:nnparam1
get_parameters: got "eval() arg 1 must be a string, bytes or code object" on 4
			Block: pes
In: :CH2O2_PIPNN:CH2O2_PIPNN.f90:pes
get_parameters: got "eval() arg 1 must be a string, bytes or code object" on 4
In: :CH2O2_PIPNN:CH2O2_PIPNN.f90:pes
get_parameters: got "eval() arg 1 must be a string, bytes or code object" on 4
In: :CH2O2_PIPNN:CH2O2_PIPNN.f90:pes
get_parameters: got "eval() arg 1 must be a string, bytes or code object" on 4
In: :CH2O2_PIPNN:CH2O2_PIPNN.f90:pes
get_parameters: got "eval() arg 1 must be a string, bytes or code object" on 4
			Block: pes_init
In: :CH2O2_PIPNN:CH2O2_PIPNN.f90:pes_init
get_parameters: got "eval() arg 1 must be a string, bytes or code object" on 4
In: :CH2O2_PIPNN:CH2O2_PIPNN.f90:pes_init
get_parameters: got "eval() arg 1 must be a string, bytes or code object" on 4
In: :CH2O2_PIPNN:CH2O2_PIPNN.f90:pes_init
get_parameters: got "eval() arg 1 must be a string, bytes or code object" on 4
In: :CH2O2_PIPNN:CH2O2_PIPNN.f90:pes_init
get_parameters: got "eval() arg 1 must be a string, bytes or code object" on 4
			Block: pot3a1
In: :CH2O2_PIPNN:CH2O2_PIPNN.f90:pot3a1
get_parameters: got "eval() arg 1 must be a string, bytes or code object" on 4
In: :CH2O2_PIPNN:CH2O2_PIPNN.f90:pot3a1
get_parameters: got "eval() arg 1 must be a string, bytes or code object" on 4
In: :CH2O2_PIPNN:CH2O2_PIPNN.f90:pot3a1
get_parameters: got "eval() arg 1 must be a string, bytes or code object" on 4
In: :CH2O2_PIPNN:CH2O2_PIPNN.f90:pot3a1
get_parameters: got "eval() arg 1 must be a string, bytes or code object" on 4
			Block: tranfun1
			Block: logsig1
			Block: evvdvdx
In: :CH2O2_PIPNN:CH2O2_PIPNN.f90:evvdvdx
get_parameters: got "eval() arg 1 must be a string, bytes or code object" on 4
In: :CH2O2_PIPNN:CH2O2_PIPNN.f90:evvdvdx
get_parameters: got "eval() arg 1 must be a string, bytes or code object" on 4
			Block: bemsav1
			Block: evmono1
			Block: evpoly1
Applying post-processing hooks...
  character_backward_compatibility_hook
Post-processing (stage 2)...
	Block: CH2O2_PIPNN
		Block: unknown_interface
			Block: nnparam1
			Block: pes
			Block: pes_init
			Block: pot3a1
			Block: tranfun1
			Block: logsig1
			Block: evvdvdx
			Block: bemsav1
			Block: evmono1
			Block: evpoly1
Building modules...
    Building module "CH2O2_PIPNN"...
    Generating possibly empty wrappers"
    Maybe empty "CH2O2_PIPNN-f2pywrappers.f"
        Constructing wrapper function "pes"...
          p,g,d = pes(x,igrad,path)
    Generating possibly empty wrappers"
    Maybe empty "CH2O2_PIPNN-f2pywrappers.f"
        Constructing wrapper function "pes_init"...
          pes_init(path)
    Generating possibly empty wrappers"
    Maybe empty "CH2O2_PIPNN-f2pywrappers.f"
        Constructing wrapper function "pot3a1"...
          pot3a1(x,vpot3)
    Generating possibly empty wrappers"
    Maybe empty "CH2O2_PIPNN-f2pywrappers.f"
		Creating wrapper for Fortran function "tranfun1"("tranfun1")...
        Constructing wrapper function "tranfun1"...
          tranfun1 = tranfun1(x,ifunc)
    Generating possibly empty wrappers"
    Maybe empty "CH2O2_PIPNN-f2pywrappers.f"
		Creating wrapper for Fortran function "logsig1"("logsig1")...
        Constructing wrapper function "logsig1"...
          logsig1 = logsig1(x)
    Generating possibly empty wrappers"
    Maybe empty "CH2O2_PIPNN-f2pywrappers.f"
        Constructing wrapper function "evvdvdx"...
          evvdvdx(xcart,v)
    Generating possibly empty wrappers"
    Maybe empty "CH2O2_PIPNN-f2pywrappers.f"
        Constructing wrapper function "bemsav1"...
          bemsav1(x,p)
    Generating possibly empty wrappers"
    Maybe empty "CH2O2_PIPNN-f2pywrappers.f"
        Constructing wrapper function "evmono1"...
          evmono1(x,m)
    Generating possibly empty wrappers"
    Maybe empty "CH2O2_PIPNN-f2pywrappers.f"
        Constructing wrapper function "evpoly1"...
          evpoly1(m,p)
		Constructing F90 module support for "nnparam1"...
		  Variables: alpha pi para2 ndata vpesmin nbasis natom nbond ninput1 noutput1 nscale1 nhid3 nlayer31 ifunc31 nwe3 nodemax31 nodes3a1 weight3a1 bias3a1
getarrdims:warning: assumed shape array, using 0 instead of ':'
getarrdims:warning: assumed shape array, using 0 instead of ':'
getarrdims:warning: assumed shape array, using 0 instead of ':'
getarrdims:warning: assumed shape array, using 0 instead of ':'
getarrdims:warning: assumed shape array, using 0 instead of ':'
getarrdims:warning: assumed shape array, using 0 instead of ':'
    Wrote C/API module "CH2O2_PIPNN" to file "/tmp/tmpz57p6gu9/src.linux-x86_64-3.11/CH2O2_PIPNNmodule.c"
    Fortran 77 wrappers are saved to "/tmp/tmpz57p6gu9/src.linux-x86_64-3.11/CH2O2_PIPNN-f2pywrappers.f"
    Fortran 90 wrappers are saved to "/tmp/tmpz57p6gu9/src.linux-x86_64-3.11/CH2O2_PIPNN-f2pywrappers2.f90"
INFO:   adding '/tmp/tmpz57p6gu9/src.linux-x86_64-3.11/fortranobject.c' to sources.
INFO:   adding '/tmp/tmpz57p6gu9/src.linux-x86_64-3.11' to include_dirs.
copying /home/truhlard/shuxx055/anaconda3/envs/chempotpy/lib/python3.11/site-packages/numpy/f2py/src/fortranobject.c -> /tmp/tmpz57p6gu9/src.linux-x86_64-3.11
copying /home/truhlard/shuxx055/anaconda3/envs/chempotpy/lib/python3.11/site-packages/numpy/f2py/src/fortranobject.h -> /tmp/tmpz57p6gu9/src.linux-x86_64-3.11
INFO:   adding '/tmp/tmpz57p6gu9/src.linux-x86_64-3.11/CH2O2_PIPNN-f2pywrappers.f' to sources.
INFO:   adding '/tmp/tmpz57p6gu9/src.linux-x86_64-3.11/CH2O2_PIPNN-f2pywrappers2.f90' to sources.
INFO: build_src: building npy-pkg config files
running build_ext
INFO: customize UnixCCompiler
INFO: customize UnixCCompiler using build_ext
INFO: get_default_fcompiler: matching types: '['arm', 'gnu95', 'intel', 'lahey', 'pg', 'nv', 'absoft', 'nag', 'vast', 'compaq', 'intele', 'intelem', 'gnu', 'g95', 'pathf95', 'nagfor', 'fujitsu']'
INFO: customize ArmFlangCompiler
WARN: Could not locate executable armflang
INFO: customize Gnu95FCompiler
INFO: Found executable /home/truhlard/shuxx055/anaconda3/envs/chempotpy/bin/gfortran
INFO: customize Gnu95FCompiler
INFO: customize Gnu95FCompiler using build_ext
INFO: building 'CH2O2_PIPNN' extension
INFO: compiling C sources
INFO: C compiler: gcc -pthread -B /home/truhlard/shuxx055/anaconda3/envs/chempotpy/compiler_compat -DNDEBUG -fwrapv -O2 -Wall -fPIC -O2 -isystem /home/truhlard/shuxx055/anaconda3/envs/chempotpy/include -fPIC -O2 -isystem /home/truhlard/shuxx055/anaconda3/envs/chempotpy/include -fPIC

creating /tmp/tmpz57p6gu9/tmp
creating /tmp/tmpz57p6gu9/tmp/tmpz57p6gu9
creating /tmp/tmpz57p6gu9/tmp/tmpz57p6gu9/src.linux-x86_64-3.11
INFO: compile options: '-DNPY_DISABLE_OPTIMIZATION=1 -I/tmp/tmpz57p6gu9/src.linux-x86_64-3.11 -I/home/truhlard/shuxx055/anaconda3/envs/chempotpy/lib/python3.11/site-packages/numpy/core/include -I/home/truhlard/shuxx055/anaconda3/envs/chempotpy/include/python3.11 -c'
INFO: gcc: /tmp/tmpz57p6gu9/src.linux-x86_64-3.11/CH2O2_PIPNNmodule.c
INFO: gcc: /tmp/tmpz57p6gu9/src.linux-x86_64-3.11/fortranobject.c
