running build
running config_cc
INFO: unifing config_cc, config, build_clib, build_ext, build commands --compiler options
running config_fc
INFO: unifing config_fc, config, build_clib, build_ext, build commands --fcompiler options
running build_src
INFO: build_src
INFO: building extension "AlmHn_VBO1" sources
INFO: f2py options: []
INFO: f2py:> /tmp/tmpogcu1bfe/src.linux-x86_64-3.11/AlmHn_VBO1module.c
creating /tmp/tmpogcu1bfe/src.linux-x86_64-3.11
Reading fortran codes...
	Reading file 'AlmHn_VBO1.f' (format:fix,strict)
Line #78 in AlmHn_VBO1.f:"      parameter(autoang=0.529177249d0)"
	get_parameters: got "eval() arg 1 must be a string, bytes or code object" on 4
Post-processing...
	Block: AlmHn_VBO1
			Block: pes
{'attrspec': ['dimension(maxatom)']}
In: :AlmHn_VBO1:AlmHn_VBO1.f:alhpot
vars2fortran: No typespec for argument "x".
{'attrspec': ['dimension(maxatom)']}
In: :AlmHn_VBO1:AlmHn_VBO1.f:alhpot
vars2fortran: No typespec for argument "y".
{'attrspec': ['dimension(maxatom)']}
In: :AlmHn_VBO1:AlmHn_VBO1.f:alhpot
vars2fortran: No typespec for argument "z".
{}
In: :AlmHn_VBO1:AlmHn_VBO1.f:alhpot
vars2fortran: No typespec for argument "v".
{}
In: :AlmHn_VBO1:AlmHn_VBO1.f:alhpot
vars2fortran: No typespec for argument "natom".
{}
In: :AlmHn_VBO1:AlmHn_VBO1.f:alhpot
vars2fortran: No typespec for argument "maxatom".
			Block: alhpot
In: :AlmHn_VBO1:AlmHn_VBO1.f:alhpot
get_parameters: got "eval() arg 1 must be a string, bytes or code object" on 4
In: :AlmHn_VBO1:AlmHn_VBO1.f:alhpot
get_parameters: got "eval() arg 1 must be a string, bytes or code object" on 4
Applying post-processing hooks...
  character_backward_compatibility_hook
Post-processing (stage 2)...
Building modules...
    Building module "AlmHn_VBO1"...
    Generating possibly empty wrappers"
    Maybe empty "AlmHn_VBO1-f2pywrappers.f"
        Constructing wrapper function "pes"...
          p,g,d = pes(xyz,nal,nh,natoms,igrad)
    Generating possibly empty wrappers"
    Maybe empty "AlmHn_VBO1-f2pywrappers.f"
        Constructing wrapper function "alhpot"...
          alhpot(x,y,z,v,natom,symbol,[maxatom])
    Wrote C/API module "AlmHn_VBO1" to file "/tmp/tmpogcu1bfe/src.linux-x86_64-3.11/AlmHn_VBO1module.c"
INFO:   adding '/tmp/tmpogcu1bfe/src.linux-x86_64-3.11/fortranobject.c' to sources.
INFO:   adding '/tmp/tmpogcu1bfe/src.linux-x86_64-3.11' to include_dirs.
copying /home/truhlard/shuxx055/anaconda3/envs/chempotpy/lib/python3.11/site-packages/numpy/f2py/src/fortranobject.c -> /tmp/tmpogcu1bfe/src.linux-x86_64-3.11
copying /home/truhlard/shuxx055/anaconda3/envs/chempotpy/lib/python3.11/site-packages/numpy/f2py/src/fortranobject.h -> /tmp/tmpogcu1bfe/src.linux-x86_64-3.11
INFO:   adding '/tmp/tmpogcu1bfe/src.linux-x86_64-3.11/AlmHn_VBO1-f2pywrappers.f' to sources.
INFO: build_src: building npy-pkg config files
running build_ext
INFO: customize UnixCCompiler
INFO: customize UnixCCompiler using build_ext
INFO: get_default_fcompiler: matching types: '['arm', 'gnu95', 'intel', 'lahey', 'pg', 'nv', 'absoft', 'nag', 'vast', 'compaq', 'intele', 'intelem', 'gnu', 'g95', 'pathf95', 'nagfor', 'fujitsu']'
INFO: customize ArmFlangCompiler
WARN: Could not locate executable armflang
INFO: customize Gnu95FCompiler
INFO: Found executable /home/truhlard/shuxx055/anaconda3/envs/chempotpy/bin/gfortran
INFO: customize Gnu95FCompiler
INFO: customize Gnu95FCompiler using build_ext
INFO: building 'AlmHn_VBO1' extension
INFO: compiling C sources
INFO: C compiler: gcc -pthread -B /home/truhlard/shuxx055/anaconda3/envs/chempotpy/compiler_compat -DNDEBUG -fwrapv -O2 -Wall -fPIC -O2 -isystem /home/truhlard/shuxx055/anaconda3/envs/chempotpy/include -fPIC -O2 -isystem /home/truhlard/shuxx055/anaconda3/envs/chempotpy/include -fPIC

creating /tmp/tmpogcu1bfe/tmp
creating /tmp/tmpogcu1bfe/tmp/tmpogcu1bfe
creating /tmp/tmpogcu1bfe/tmp/tmpogcu1bfe/src.linux-x86_64-3.11
INFO: compile options: '-DNPY_DISABLE_OPTIMIZATION=1 -I/tmp/tmpogcu1bfe/src.linux-x86_64-3.11 -I/home/truhlard/shuxx055/anaconda3/envs/chempotpy/lib/python3.11/site-packages/numpy/core/include -I/home/truhlard/shuxx055/anaconda3/envs/chempotpy/include/python3.11 -c'
INFO: gcc: /tmp/tmpogcu1bfe/src.linux-x86_64-3.11/AlmHn_VBO1module.c
INFO: gcc: /tmp/tmpogcu1bfe/src.linux-x86_64-3.11/fortranobject.c
INFO: compiling Fortran sources
INFO: Fortran f77 compiler: /home/truhlard/shuxx055/anaconda3/envs/chempotpy/bin/gfortran -fallow-argument-mismatch -std=legacy -fPIC -O3 -funroll-loops
Fortran f90 compiler: /home/truhlard/shuxx055/anaconda3/envs/chempotpy/bin/gfortran -Wall -g -fno-second-underscore -fPIC -O3 -funroll-loops
Fortran fix compiler: /home/truhlard/shuxx055/anaconda3/envs/chempotpy/bin/gfortran -Wall -g -ffixed-form -fno-second-underscore -Wall -g -fno-second-underscore -fPIC -O3 -funroll-loops
INFO: compile options: '-I/tmp/tmpogcu1bfe/src.linux-x86_64-3.11 -I/home/truhlard/shuxx055/anaconda3/envs/chempotpy/lib/python3.11/site-packages/numpy/core/include -I/home/truhlard/shuxx055/anaconda3/envs/chempotpy/include/python3.11 -c'
INFO: gfortran:f77: /tmp/tmpogcu1bfe/src.linux-x86_64-3.11/AlmHn_VBO1-f2pywrappers.f
INFO: gfortran:f77: AlmHn_VBO1.f
INFO: /home/truhlard/shuxx055/anaconda3/envs/chempotpy/bin/gfortran -Wall -g -Wall -g -shared /tmp/tmpogcu1bfe/tmp/tmpogcu1bfe/src.linux-x86_64-3.11/AlmHn_VBO1module.o /tmp/tmpogcu1bfe/tmp/tmpogcu1bfe/src.linux-x86_64-3.11/fortranobject.o /tmp/tmpogcu1bfe/AlmHn_VBO1.o /tmp/tmpogcu1bfe/tmp/tmpogcu1bfe/src.linux-x86_64-3.11/AlmHn_VBO1-f2pywrappers.o -L/panfs/jay/groups/16/truhlard/shuxx055/anaconda3/envs/chempotpy/bin/../lib/gcc/x86_64-conda-linux-gnu/13.1.0/../../../../x86_64-conda-linux-gnu/lib/../lib -L/panfs/jay/groups/16/truhlard/shuxx055/anaconda3/envs/chempotpy/bin/../lib/gcc/x86_64-conda-linux-gnu/13.1.0/../../../../x86_64-conda-linux-gnu/lib/../lib -lgfortran -o ./AlmHn_VBO1.cpython-311-x86_64-linux-gnu.so
Removing build directory /tmp/tmpogcu1bfe
