running build
running config_cc
INFO: unifing config_cc, config, build_clib, build_ext, build commands --compiler options
running config_fc
INFO: unifing config_fc, config, build_clib, build_ext, build commands --fcompiler options
running build_src
INFO: build_src
INFO: building extension "O4_MBP_singlet_2018" sources
INFO: f2py options: []
INFO: f2py:> /tmp/tmplsjznv9n/src.linux-x86_64-3.11/O4_MBP_singlet_2018module.c
creating /tmp/tmplsjznv9n/src.linux-x86_64-3.11
Reading fortran codes...
	Reading file 'O4_MBP_singlet_2018.f90' (format:free)
Post-processing...
	Block: O4_MBP_singlet_2018
			Block: pes
			Block: o4
			Block: assign
Applying post-processing hooks...
  character_backward_compatibility_hook
Post-processing (stage 2)...
Building modules...
    Building module "O4_MBP_singlet_2018"...
    Generating possibly empty wrappers"
    Maybe empty "O4_MBP_singlet_2018-f2pywrappers.f"
        Constructing wrapper function "pes"...
          p,g,d = pes(x,igrad)
    Generating possibly empty wrappers"
    Maybe empty "O4_MBP_singlet_2018-f2pywrappers.f"
        Constructing wrapper function "o4"...
          v = o4(r)
    Generating possibly empty wrappers"
    Maybe empty "O4_MBP_singlet_2018-f2pywrappers.f"
        Constructing wrapper function "assign"...
          assign(coeff,indices,permutation)
    Wrote C/API module "O4_MBP_singlet_2018" to file "/tmp/tmplsjznv9n/src.linux-x86_64-3.11/O4_MBP_singlet_2018module.c"
INFO:   adding '/tmp/tmplsjznv9n/src.linux-x86_64-3.11/fortranobject.c' to sources.
INFO:   adding '/tmp/tmplsjznv9n/src.linux-x86_64-3.11' to include_dirs.
copying /home/truhlard/shuxx055/anaconda3/envs/chempotpy/lib/python3.11/site-packages/numpy/f2py/src/fortranobject.c -> /tmp/tmplsjznv9n/src.linux-x86_64-3.11
copying /home/truhlard/shuxx055/anaconda3/envs/chempotpy/lib/python3.11/site-packages/numpy/f2py/src/fortranobject.h -> /tmp/tmplsjznv9n/src.linux-x86_64-3.11
INFO:   adding '/tmp/tmplsjznv9n/src.linux-x86_64-3.11/O4_MBP_singlet_2018-f2pywrappers.f' to sources.
INFO: build_src: building npy-pkg config files
running build_ext
INFO: customize UnixCCompiler
INFO: customize UnixCCompiler using build_ext
INFO: get_default_fcompiler: matching types: '['arm', 'gnu95', 'intel', 'lahey', 'pg', 'nv', 'absoft', 'nag', 'vast', 'compaq', 'intele', 'intelem', 'gnu', 'g95', 'pathf95', 'nagfor', 'fujitsu']'
INFO: customize ArmFlangCompiler
WARN: Could not locate executable armflang
INFO: customize Gnu95FCompiler
INFO: Found executable /home/truhlard/shuxx055/anaconda3/envs/chempotpy/bin/gfortran
INFO: customize Gnu95FCompiler
INFO: customize Gnu95FCompiler using build_ext
INFO: building 'O4_MBP_singlet_2018' extension
INFO: compiling C sources
INFO: C compiler: gcc -pthread -B /home/truhlard/shuxx055/anaconda3/envs/chempotpy/compiler_compat -DNDEBUG -fwrapv -O2 -Wall -fPIC -O2 -isystem /home/truhlard/shuxx055/anaconda3/envs/chempotpy/include -fPIC -O2 -isystem /home/truhlard/shuxx055/anaconda3/envs/chempotpy/include -fPIC

creating /tmp/tmplsjznv9n/tmp
creating /tmp/tmplsjznv9n/tmp/tmplsjznv9n
creating /tmp/tmplsjznv9n/tmp/tmplsjznv9n/src.linux-x86_64-3.11
INFO: compile options: '-DNPY_DISABLE_OPTIMIZATION=1 -I/tmp/tmplsjznv9n/src.linux-x86_64-3.11 -I/home/truhlard/shuxx055/anaconda3/envs/chempotpy/lib/python3.11/site-packages/numpy/core/include -I/home/truhlard/shuxx055/anaconda3/envs/chempotpy/include/python3.11 -c'
INFO: gcc: /tmp/tmplsjznv9n/src.linux-x86_64-3.11/O4_MBP_singlet_2018module.c
INFO: gcc: /tmp/tmplsjznv9n/src.linux-x86_64-3.11/fortranobject.c
INFO: compiling Fortran sources
INFO: Fortran f77 compiler: /home/truhlard/shuxx055/anaconda3/envs/chempotpy/bin/gfortran -Wall -g -ffixed-form -fno-second-underscore -fPIC -O3 -funroll-loops
Fortran f90 compiler: /home/truhlard/shuxx055/anaconda3/envs/chempotpy/bin/gfortran -fallow-argument-mismatch -std=legacy -fPIC -O3 -funroll-loops
Fortran fix compiler: /home/truhlard/shuxx055/anaconda3/envs/chempotpy/bin/gfortran -Wall -g -ffixed-form -fno-second-underscore -fallow-argument-mismatch -std=legacy -fPIC -O3 -funroll-loops
INFO: compile options: '-I/tmp/tmplsjznv9n/src.linux-x86_64-3.11 -I/home/truhlard/shuxx055/anaconda3/envs/chempotpy/lib/python3.11/site-packages/numpy/core/include -I/home/truhlard/shuxx055/anaconda3/envs/chempotpy/include/python3.11 -c'
INFO: gfortran:f90: O4_MBP_singlet_2018.f90
INFO: gfortran:f77: /tmp/tmplsjznv9n/src.linux-x86_64-3.11/O4_MBP_singlet_2018-f2pywrappers.f
INFO: /home/truhlard/shuxx055/anaconda3/envs/chempotpy/bin/gfortran -Wall -g -Wall -g -shared /tmp/tmplsjznv9n/tmp/tmplsjznv9n/src.linux-x86_64-3.11/O4_MBP_singlet_2018module.o /tmp/tmplsjznv9n/tmp/tmplsjznv9n/src.linux-x86_64-3.11/fortranobject.o /tmp/tmplsjznv9n/O4_MBP_singlet_2018.o /tmp/tmplsjznv9n/tmp/tmplsjznv9n/src.linux-x86_64-3.11/O4_MBP_singlet_2018-f2pywrappers.o -L/panfs/jay/groups/16/truhlard/shuxx055/anaconda3/envs/chempotpy/bin/../lib/gcc/x86_64-conda-linux-gnu/13.1.0/../../../../x86_64-conda-linux-gnu/lib/../lib -L/panfs/jay/groups/16/truhlard/shuxx055/anaconda3/envs/chempotpy/bin/../lib/gcc/x86_64-conda-linux-gnu/13.1.0/../../../../x86_64-conda-linux-gnu/lib/../lib -lgfortran -o ./O4_MBP_singlet_2018.cpython-311-x86_64-linux-gnu.so
Removing build directory /tmp/tmplsjznv9n
