running build
running config_cc
INFO: unifing config_cc, config, build_clib, build_ext, build commands --compiler options
running config_fc
INFO: unifing config_fc, config, build_clib, build_ext, build commands --fcompiler options
running build_src
INFO: build_src
INFO: building extension "ClH2O_PIPNN" sources
INFO: f2py options: []
INFO: f2py:> /tmp/tmpszw4nthz/src.linux-x86_64-3.11/ClH2O_PIPNNmodule.c
creating /tmp/tmpszw4nthz/src.linux-x86_64-3.11
Reading fortran codes...
	Reading file 'ClH2O_PIPNN.f90' (format:free)
Line #31949 in ClH2O_PIPNN.f90:"c    ifunc=1, transfer function is hyperbolic tangent function, 'tansig' "
	analyzeline: No name/args pattern found for line.
Line #31950 in ClH2O_PIPNN.f90:"c    ifunc=2, transfer function is log sigmoid function, 'logsig' "
	analyzeline: No name/args pattern found for line.
Line #31951 in ClH2O_PIPNN.f90:"c    ifunc=3, transfer function is pure linear function, 'purelin'. It is imposed to the output layer by default "
	analyzeline: No name/args pattern found for line.
crackline: groupcounter=5 groupname={0: '', 1: 'module', 2: 'interface', 3: 'function', 4: 'function', 5: 'function', 6: 'subroutine'}
crackline: Mismatch of blocks encountered. Trying to fix it by assuming "end" statement.
crackline: groupcounter=4 groupname={0: '', 1: 'module', 2: 'interface', 3: 'function', 4: 'function', 5: 'function', 6: 'subroutine'}
crackline: Mismatch of blocks encountered. Trying to fix it by assuming "end" statement.
crackline: groupcounter=3 groupname={0: '', 1: 'module', 2: 'interface', 3: 'function', 4: 'function', 5: 'function', 6: 'subroutine'}
crackline: Mismatch of blocks encountered. Trying to fix it by assuming "end" statement.
crackline: groupcounter=2 groupname={0: '', 1: 'module', 2: 'interface', 3: 'function', 4: 'function', 5: 'function', 6: 'subroutine'}
crackline: Mismatch of blocks encountered. Trying to fix it by assuming "end" statement.
crackline: groupcounter=1 groupname={0: '', 1: 'module', 2: 'interface', 3: 'function', 4: 'function', 5: 'function', 6: 'subroutine'}
crackline: Mismatch of blocks encountered. Trying to fix it by assuming "end" statement.
Post-processing...
	Block: ClH2O_PIPNN
			Block: nnparam
In: :ClH2O_PIPNN:ClH2O_PIPNN.f90:nnparam
get_parameters: got "eval() arg 1 must be a string, bytes or code object" on 4
In: :ClH2O_PIPNN:ClH2O_PIPNN.f90:nnparam
get_parameters: got "eval() arg 1 must be a string, bytes or code object" on 4
			Block: pes
In: :ClH2O_PIPNN:ClH2O_PIPNN.f90:pes
get_parameters: got "eval() arg 1 must be a string, bytes or code object" on 4
In: :ClH2O_PIPNN:ClH2O_PIPNN.f90:pes
get_parameters: got "eval() arg 1 must be a string, bytes or code object" on 4
			Block: clh2onn
In: :ClH2O_PIPNN:ClH2O_PIPNN.f90:clh2onn
get_parameters: got "eval() arg 1 must be a string, bytes or code object" on 4
In: :ClH2O_PIPNN:ClH2O_PIPNN.f90:clh2onn
get_parameters: got "eval() arg 1 must be a string, bytes or code object" on 4
			Block: pes_init
In: :ClH2O_PIPNN:ClH2O_PIPNN.f90:pes_init
get_parameters: got "eval() arg 1 must be a string, bytes or code object" on 4
In: :ClH2O_PIPNN:ClH2O_PIPNN.f90:pes_init
get_parameters: got "eval() arg 1 must be a string, bytes or code object" on 4
In: :ClH2O_PIPNN:ClH2O_PIPNN.f90:pes_init
get_parameters: got "eval() arg 1 must be a string, bytes or code object" on 4
In: :ClH2O_PIPNN:ClH2O_PIPNN.f90:pes_init
get_parameters: got "eval() arg 1 must be a string, bytes or code object" on 4
			Block: getpota
In: :ClH2O_PIPNN:ClH2O_PIPNN.f90:getpota
get_parameters: got "eval() arg 1 must be a string, bytes or code object" on 4
In: :ClH2O_PIPNN:ClH2O_PIPNN.f90:getpota
get_parameters: got "eval() arg 1 must be a string, bytes or code object" on 4
			Block: getpotb
In: :ClH2O_PIPNN:ClH2O_PIPNN.f90:getpotb
get_parameters: got "eval() arg 1 must be a string, bytes or code object" on 4
In: :ClH2O_PIPNN:ClH2O_PIPNN.f90:getpotb
get_parameters: got "eval() arg 1 must be a string, bytes or code object" on 4
			Block: getpotc
In: :ClH2O_PIPNN:ClH2O_PIPNN.f90:getpotc
get_parameters: got "eval() arg 1 must be a string, bytes or code object" on 4
In: :ClH2O_PIPNN:ClH2O_PIPNN.f90:getpotc
get_parameters: got "eval() arg 1 must be a string, bytes or code object" on 4
{'attrspec': ['dimension(n)']}
In: :ClH2O_PIPNN:ClH2O_PIPNN.f90:tranfun:unknown_function:unknown_function:splint
vars2fortran: No typespec for argument "xa".
{'attrspec': ['dimension(n)']}
In: :ClH2O_PIPNN:ClH2O_PIPNN.f90:tranfun:unknown_function:unknown_function:splint
vars2fortran: No typespec for argument "ya".
{'attrspec': ['dimension(n)']}
In: :ClH2O_PIPNN:ClH2O_PIPNN.f90:tranfun:unknown_function:unknown_function:splint
vars2fortran: No typespec for argument "y2a".
{}
In: :ClH2O_PIPNN:ClH2O_PIPNN.f90:tranfun:unknown_function:unknown_function:splint
vars2fortran: No typespec for argument "n".
{}
In: :ClH2O_PIPNN:ClH2O_PIPNN.f90:tranfun:unknown_function:unknown_function:splint
vars2fortran: No typespec for argument "x".
{}
In: :ClH2O_PIPNN:ClH2O_PIPNN.f90:tranfun:unknown_function:unknown_function:splint
vars2fortran: No typespec for argument "y".
{'attrspec': ['dimension(n)']}
In: :ClH2O_PIPNN:ClH2O_PIPNN.f90:tranfun:unknown_function:unknown_function:spline
vars2fortran: No typespec for argument "x".
{'attrspec': ['dimension(n)']}
In: :ClH2O_PIPNN:ClH2O_PIPNN.f90:tranfun:unknown_function:unknown_function:spline
vars2fortran: No typespec for argument "y".
{}
In: :ClH2O_PIPNN:ClH2O_PIPNN.f90:tranfun:unknown_function:unknown_function:spline
vars2fortran: No typespec for argument "n".
{}
In: :ClH2O_PIPNN:ClH2O_PIPNN.f90:tranfun:unknown_function:unknown_function:spline
vars2fortran: No typespec for argument "yp1".
{}
In: :ClH2O_PIPNN:ClH2O_PIPNN.f90:tranfun:unknown_function:unknown_function:spline
vars2fortran: No typespec for argument "ypn".
{'attrspec': ['dimension(n)']}
In: :ClH2O_PIPNN:ClH2O_PIPNN.f90:tranfun:unknown_function:unknown_function:spline
vars2fortran: No typespec for argument "y2".
			Block: tranfun
Applying post-processing hooks...
  character_backward_compatibility_hook
Post-processing (stage 2)...
	Block: ClH2O_PIPNN
		Block: unknown_interface
			Block: nnparam
			Block: pes
			Block: clh2onn
			Block: pes_init
			Block: getpota
			Block: getpotb
			Block: getpotc
			Block: tranfun
Building modules...
    Building module "ClH2O_PIPNN"...
    Generating possibly empty wrappers"
    Maybe empty "ClH2O_PIPNN-f2pywrappers.f"
        Constructing wrapper function "pes"...
          p,g,d = pes(x,igrad)
    Generating possibly empty wrappers"
    Maybe empty "ClH2O_PIPNN-f2pywrappers.f"
        Constructing wrapper function "clh2onn"...
          clh2onn(ct,vpes,vpesa,vpesb,vpesc)
    Generating possibly empty wrappers"
    Maybe empty "ClH2O_PIPNN-f2pywrappers.f"
        Constructing wrapper function "pes_init"...
          pes_init()
    Generating possibly empty wrappers"
    Maybe empty "ClH2O_PIPNN-f2pywrappers.f"
        Constructing wrapper function "getpota"...
          getpota(x,vpot)
    Generating possibly empty wrappers"
    Maybe empty "ClH2O_PIPNN-f2pywrappers.f"
        Constructing wrapper function "getpotb"...
          getpotb(x,vpot)
    Generating possibly empty wrappers"
    Maybe empty "ClH2O_PIPNN-f2pywrappers.f"
        Constructing wrapper function "getpotc"...
          getpotc(x,vpot)
    Generating possibly empty wrappers"
    Maybe empty "ClH2O_PIPNN-f2pywrappers.f"
		Creating wrapper for Fortran function "tranfun"("tranfun")...
        Constructing wrapper function "tranfun"...
          tranfun = tranfun(x,ifunc)
		Constructing F90 module support for "nnparam"...
		  Variables: alpha vpesmin n0ho n0hcl nxho nxhcl n2n dp0ho dp0hcl r0ho r0hcl exhohcl rxho rxhcl dp0ho2 dp0hcl2 exhohcl2 nbasis ninput noutput nhid nlayer ifunc nwe nodemax nterm nindex nscale nodes weighta biasa pdela pavga weightb biasb pdelb pavgb weightc biasc pdelc pavgc
getarrdims:warning: assumed shape array, using 0 instead of ':'
getarrdims:warning: assumed shape array, using 0 instead of ':'
getarrdims:warning: assumed shape array, using 0 instead of ':'
getarrdims:warning: assumed shape array, using 0 instead of ':'
getarrdims:warning: assumed shape array, using 0 instead of ':'
getarrdims:warning: assumed shape array, using 0 instead of ':'
getarrdims:warning: assumed shape array, using 0 instead of ':'
getarrdims:warning: assumed shape array, using 0 instead of ':'
getarrdims:warning: assumed shape array, using 0 instead of ':'
getarrdims:warning: assumed shape array, using 0 instead of ':'
getarrdims:warning: assumed shape array, using 0 instead of ':'
getarrdims:warning: assumed shape array, using 0 instead of ':'
getarrdims:warning: assumed shape array, using 0 instead of ':'
getarrdims:warning: assumed shape array, using 0 instead of ':'
getarrdims:warning: assumed shape array, using 0 instead of ':'
getarrdims:warning: assumed shape array, using 0 instead of ':'
getarrdims:warning: assumed shape array, using 0 instead of ':'
getarrdims:warning: assumed shape array, using 0 instead of ':'
getarrdims:warning: assumed shape array, using 0 instead of ':'
getarrdims:warning: assumed shape array, using 0 instead of ':'
getarrdims:warning: assumed shape array, using 0 instead of ':'
getarrdims:warning: assumed shape array, using 0 instead of ':'
    Wrote C/API module "ClH2O_PIPNN" to file "/tmp/tmpszw4nthz/src.linux-x86_64-3.11/ClH2O_PIPNNmodule.c"
    Fortran 77 wrappers are saved to "/tmp/tmpszw4nthz/src.linux-x86_64-3.11/ClH2O_PIPNN-f2pywrappers.f"
    Fortran 90 wrappers are saved to "/tmp/tmpszw4nthz/src.linux-x86_64-3.11/ClH2O_PIPNN-f2pywrappers2.f90"
INFO:   adding '/tmp/tmpszw4nthz/src.linux-x86_64-3.11/fortranobject.c' to sources.
INFO:   adding '/tmp/tmpszw4nthz/src.linux-x86_64-3.11' to include_dirs.
copying /home/truhlard/shuxx055/anaconda3/envs/chempotpy/lib/python3.11/site-packages/numpy/f2py/src/fortranobject.c -> /tmp/tmpszw4nthz/src.linux-x86_64-3.11
copying /home/truhlard/shuxx055/anaconda3/envs/chempotpy/lib/python3.11/site-packages/numpy/f2py/src/fortranobject.h -> /tmp/tmpszw4nthz/src.linux-x86_64-3.11
INFO:   adding '/tmp/tmpszw4nthz/src.linux-x86_64-3.11/ClH2O_PIPNN-f2pywrappers.f' to sources.
INFO:   adding '/tmp/tmpszw4nthz/src.linux-x86_64-3.11/ClH2O_PIPNN-f2pywrappers2.f90' to sources.
INFO: build_src: building npy-pkg config files
running build_ext
INFO: customize UnixCCompiler
INFO: customize UnixCCompiler using build_ext
INFO: get_default_fcompiler: matching types: '['arm', 'gnu95', 'intel', 'lahey', 'pg', 'nv', 'absoft', 'nag', 'vast', 'compaq', 'intele', 'intelem', 'gnu', 'g95', 'pathf95', 'nagfor', 'fujitsu']'
INFO: customize ArmFlangCompiler
WARN: Could not locate executable armflang
INFO: customize Gnu95FCompiler
INFO: Found executable /home/truhlard/shuxx055/anaconda3/envs/chempotpy/bin/gfortran
INFO: customize Gnu95FCompiler
INFO: customize Gnu95FCompiler using build_ext
INFO: building 'ClH2O_PIPNN' extension
INFO: compiling C sources
INFO: C compiler: gcc -pthread -B /home/truhlard/shuxx055/anaconda3/envs/chempotpy/compiler_compat -DNDEBUG -fwrapv -O2 -Wall -fPIC -O2 -isystem /home/truhlard/shuxx055/anaconda3/envs/chempotpy/include -fPIC -O2 -isystem /home/truhlard/shuxx055/anaconda3/envs/chempotpy/include -fPIC

creating /tmp/tmpszw4nthz/tmp
creating /tmp/tmpszw4nthz/tmp/tmpszw4nthz
creating /tmp/tmpszw4nthz/tmp/tmpszw4nthz/src.linux-x86_64-3.11
INFO: compile options: '-DNPY_DISABLE_OPTIMIZATION=1 -I/tmp/tmpszw4nthz/src.linux-x86_64-3.11 -I/home/truhlard/shuxx055/anaconda3/envs/chempotpy/lib/python3.11/site-packages/numpy/core/include -I/home/truhlard/shuxx055/anaconda3/envs/chempotpy/include/python3.11 -c'
INFO: gcc: /tmp/tmpszw4nthz/src.linux-x86_64-3.11/ClH2O_PIPNNmodule.c
INFO: gcc: /tmp/tmpszw4nthz/src.linux-x86_64-3.11/fortranobject.c
