running build
running config_cc
INFO: unifing config_cc, config, build_clib, build_ext, build commands --compiler options
running config_fc
INFO: unifing config_fc, config, build_clib, build_ext, build commands --fcompiler options
running build_src
INFO: build_src
INFO: building extension "H4O2_PIP" sources
INFO: f2py options: []
INFO: f2py:> /tmp/tmp3hkeziv7/src.linux-x86_64-3.11/H4O2_PIPmodule.c
creating /tmp/tmp3hkeziv7/src.linux-x86_64-3.11
Reading fortran codes...
	Reading file 'H4O2_PIP.f90' (format:free)
Post-processing...
	Block: H4O2_PIP
			Block: constants
In: :H4O2_PIP:H4O2_PIP.f90:constants
get_parameters: got "eval() arg 1 must be a string, bytes or code object" on 4
In: :H4O2_PIP:H4O2_PIP.f90:constants
get_parameters: got "eval() arg 1 must be a string, bytes or code object" on 4
In: :H4O2_PIP:H4O2_PIP.f90:constants
get_parameters: got "eval() arg 1 must be a string, bytes or code object" on 4
In: :H4O2_PIP:H4O2_PIP.f90:constants
get_parameters: got "eval() arg 1 must be a string, bytes or code object" on 4
In: :H4O2_PIP:H4O2_PIP.f90:constants
get_parameters: got "eval() arg 1 must be a string, bytes or code object" on 4
In: :H4O2_PIP:H4O2_PIP.f90:constants
get_parameters: got "eval() arg 1 must be a string, bytes or code object" on 4
In: :H4O2_PIP:H4O2_PIP.f90:constants
get_parameters: got "eval() arg 1 must be a string, bytes or code object" on 4
In: :H4O2_PIP:H4O2_PIP.f90:constants
get_parameters: got "eval() arg 1 must be a string, bytes or code object" on 4
In: :H4O2_PIP:H4O2_PIP.f90:constants
get_parameters: got "eval() arg 1 must be a string, bytes or code object" on 4
			Block: pes
			Block: pes_init
			Block: h4o2pot
			Block: prepot
			Block: calcpot
			Block: inv_mg42_t
In: :H4O2_PIP:H4O2_PIP.f90:inv_mg42_t
get_parameters: got "invalid syntax (<string>, line 1)" on '(/0, 3, 5, 3, 3, 0, 1, 0, 0, 0/)'
In: :H4O2_PIP:H4O2_PIP.f90:inv_mg42_t
get_parameters: got "invalid syntax (<string>, line 1)" on '(/0, 3, 8, 11, 14, 14, 15, 15, 15, 15/)'
In: :H4O2_PIP:H4O2_PIP.f90:inv_mg42_t
get_parameters: got "invalid syntax (<string>, line 1)" on '(/1, 0, 1, 10, 24, 47, 101, 195, 328, 489/)'
In: :H4O2_PIP:H4O2_PIP.f90:inv_mg42_t
get_parameters: got "invalid syntax (<string>, line 1)" on '(/1, 1, 2, 12, 36, 83, 184, 379, 707, 1196/)'
In: :H4O2_PIP:H4O2_PIP.f90:inv_mg42_t
get_parameters: got "invalid syntax (<string>, line 1)" on '(/1, 3, 12, 41, 137, 415, 1201, 3246, 8319, 20180/)'
In: :H4O2_PIP:H4O2_PIP.f90:inv_mg42_t
get_parameters: got "invalid syntax (<string>, line 1)" on '(/1, 4, 16, 57, 194, 609, 1810, 5056, 13375, 33555/)'
			Block: getr0
			Block: getrvec
In: :H4O2_PIP:H4O2_PIP.f90:getrvec
get_parameters: got "invalid syntax (<string>, line 1)" on '(/0, 3, 5, 3, 3, 0, 1, 0, 0, 0/)'
In: :H4O2_PIP:H4O2_PIP.f90:getrvec
get_parameters: got "invalid syntax (<string>, line 1)" on '(/0, 3, 8, 11, 14, 14, 15, 15, 15, 15/)'
In: :H4O2_PIP:H4O2_PIP.f90:getrvec
get_parameters: got "invalid syntax (<string>, line 1)" on '(/1, 0, 1, 10, 24, 47, 101, 195, 328, 489/)'
In: :H4O2_PIP:H4O2_PIP.f90:getrvec
get_parameters: got "invalid syntax (<string>, line 1)" on '(/1, 1, 2, 12, 36, 83, 184, 379, 707, 1196/)'
In: :H4O2_PIP:H4O2_PIP.f90:getrvec
get_parameters: got "invalid syntax (<string>, line 1)" on '(/1, 3, 12, 41, 137, 415, 1201, 3246, 8319, 20180/)'
In: :H4O2_PIP:H4O2_PIP.f90:getrvec
get_parameters: got "invalid syntax (<string>, line 1)" on '(/1, 4, 16, 57, 194, 609, 1810, 5056, 13375, 33555/)'
			Block: getvec
In: :H4O2_PIP:H4O2_PIP.f90:getvec
get_parameters: got "invalid syntax (<string>, line 1)" on '(/0, 3, 5, 3, 3, 0, 1, 0, 0, 0/)'
In: :H4O2_PIP:H4O2_PIP.f90:getvec
get_parameters: got "invalid syntax (<string>, line 1)" on '(/0, 3, 8, 11, 14, 14, 15, 15, 15, 15/)'
In: :H4O2_PIP:H4O2_PIP.f90:getvec
get_parameters: got "invalid syntax (<string>, line 1)" on '(/1, 0, 1, 10, 24, 47, 101, 195, 328, 489/)'
In: :H4O2_PIP:H4O2_PIP.f90:getvec
get_parameters: got "invalid syntax (<string>, line 1)" on '(/1, 1, 2, 12, 36, 83, 184, 379, 707, 1196/)'
In: :H4O2_PIP:H4O2_PIP.f90:getvec
get_parameters: got "invalid syntax (<string>, line 1)" on '(/1, 3, 12, 41, 137, 415, 1201, 3246, 8319, 20180/)'
In: :H4O2_PIP:H4O2_PIP.f90:getvec
get_parameters: got "invalid syntax (<string>, line 1)" on '(/1, 4, 16, 57, 194, 609, 1810, 5056, 13375, 33555/)'
			Block: getx0
			Block: inv_base
In: :H4O2_PIP:H4O2_PIP.f90:inv_base
get_parameters: got "invalid syntax (<string>, line 1)" on '(/0, 3, 5, 3, 3, 0, 1, 0, 0, 0/)'
In: :H4O2_PIP:H4O2_PIP.f90:inv_base
get_parameters: got "invalid syntax (<string>, line 1)" on '(/0, 3, 8, 11, 14, 14, 15, 15, 15, 15/)'
In: :H4O2_PIP:H4O2_PIP.f90:inv_base
get_parameters: got "invalid syntax (<string>, line 1)" on '(/1, 0, 1, 10, 24, 47, 101, 195, 328, 489/)'
In: :H4O2_PIP:H4O2_PIP.f90:inv_base
get_parameters: got "invalid syntax (<string>, line 1)" on '(/1, 1, 2, 12, 36, 83, 184, 379, 707, 1196/)'
In: :H4O2_PIP:H4O2_PIP.f90:inv_base
get_parameters: got "invalid syntax (<string>, line 1)" on '(/1, 3, 12, 41, 137, 415, 1201, 3246, 8319, 20180/)'
In: :H4O2_PIP:H4O2_PIP.f90:inv_base
get_parameters: got "invalid syntax (<string>, line 1)" on '(/1, 4, 16, 57, 194, 609, 1810, 5056, 13375, 33555/)'
			Block: mg42_base
In: :H4O2_PIP:H4O2_PIP.f90:mg42_base
get_parameters: got "invalid syntax (<string>, line 1)" on '(/0, 3, 5, 3, 3, 0, 1, 0, 0, 0/)'
In: :H4O2_PIP:H4O2_PIP.f90:mg42_base
get_parameters: got "invalid syntax (<string>, line 1)" on '(/0, 3, 8, 11, 14, 14, 15, 15, 15, 15/)'
In: :H4O2_PIP:H4O2_PIP.f90:mg42_base
get_parameters: got "invalid syntax (<string>, line 1)" on '(/1, 0, 1, 10, 24, 47, 101, 195, 328, 489/)'
In: :H4O2_PIP:H4O2_PIP.f90:mg42_base
get_parameters: got "invalid syntax (<string>, line 1)" on '(/1, 1, 2, 12, 36, 83, 184, 379, 707, 1196/)'
In: :H4O2_PIP:H4O2_PIP.f90:mg42_base
get_parameters: got "invalid syntax (<string>, line 1)" on '(/1, 3, 12, 41, 137, 415, 1201, 3246, 8319, 20180/)'
In: :H4O2_PIP:H4O2_PIP.f90:mg42_base
get_parameters: got "invalid syntax (<string>, line 1)" on '(/1, 4, 16, 57, 194, 609, 1810, 5056, 13375, 33555/)'
			Block: mg42_gens
In: :H4O2_PIP:H4O2_PIP.f90:mg42_gens
get_parameters: got "invalid syntax (<string>, line 1)" on '(/0, 3, 5, 3, 3, 0, 1, 0, 0, 0/)'
In: :H4O2_PIP:H4O2_PIP.f90:mg42_gens
get_parameters: got "invalid syntax (<string>, line 1)" on '(/0, 3, 8, 11, 14, 14, 15, 15, 15, 15/)'
In: :H4O2_PIP:H4O2_PIP.f90:mg42_gens
get_parameters: got "invalid syntax (<string>, line 1)" on '(/1, 0, 1, 10, 24, 47, 101, 195, 328, 489/)'
In: :H4O2_PIP:H4O2_PIP.f90:mg42_gens
get_parameters: got "invalid syntax (<string>, line 1)" on '(/1, 1, 2, 12, 36, 83, 184, 379, 707, 1196/)'
In: :H4O2_PIP:H4O2_PIP.f90:mg42_gens
get_parameters: got "invalid syntax (<string>, line 1)" on '(/1, 3, 12, 41, 137, 415, 1201, 3246, 8319, 20180/)'
In: :H4O2_PIP:H4O2_PIP.f90:mg42_gens
get_parameters: got "invalid syntax (<string>, line 1)" on '(/1, 4, 16, 57, 194, 609, 1810, 5056, 13375, 33555/)'
			Block: mg42_prims
In: :H4O2_PIP:H4O2_PIP.f90:mg42_prims
get_parameters: got "invalid syntax (<string>, line 1)" on '(/0, 3, 5, 3, 3, 0, 1, 0, 0, 0/)'
In: :H4O2_PIP:H4O2_PIP.f90:mg42_prims
get_parameters: got "invalid syntax (<string>, line 1)" on '(/0, 3, 8, 11, 14, 14, 15, 15, 15, 15/)'
In: :H4O2_PIP:H4O2_PIP.f90:mg42_prims
get_parameters: got "invalid syntax (<string>, line 1)" on '(/1, 0, 1, 10, 24, 47, 101, 195, 328, 489/)'
In: :H4O2_PIP:H4O2_PIP.f90:mg42_prims
get_parameters: got "invalid syntax (<string>, line 1)" on '(/1, 1, 2, 12, 36, 83, 184, 379, 707, 1196/)'
In: :H4O2_PIP:H4O2_PIP.f90:mg42_prims
get_parameters: got "invalid syntax (<string>, line 1)" on '(/1, 3, 12, 41, 137, 415, 1201, 3246, 8319, 20180/)'
In: :H4O2_PIP:H4O2_PIP.f90:mg42_prims
get_parameters: got "invalid syntax (<string>, line 1)" on '(/1, 4, 16, 57, 194, 609, 1810, 5056, 13375, 33555/)'
			Block: mg42_secs
In: :H4O2_PIP:H4O2_PIP.f90:mg42_secs
get_parameters: got "invalid syntax (<string>, line 1)" on '(/0, 3, 5, 3, 3, 0, 1, 0, 0, 0/)'
In: :H4O2_PIP:H4O2_PIP.f90:mg42_secs
get_parameters: got "invalid syntax (<string>, line 1)" on '(/0, 3, 8, 11, 14, 14, 15, 15, 15, 15/)'
In: :H4O2_PIP:H4O2_PIP.f90:mg42_secs
get_parameters: got "invalid syntax (<string>, line 1)" on '(/1, 0, 1, 10, 24, 47, 101, 195, 328, 489/)'
In: :H4O2_PIP:H4O2_PIP.f90:mg42_secs
get_parameters: got "invalid syntax (<string>, line 1)" on '(/1, 1, 2, 12, 36, 83, 184, 379, 707, 1196/)'
In: :H4O2_PIP:H4O2_PIP.f90:mg42_secs
get_parameters: got "invalid syntax (<string>, line 1)" on '(/1, 3, 12, 41, 137, 415, 1201, 3246, 8319, 20180/)'
In: :H4O2_PIP:H4O2_PIP.f90:mg42_secs
get_parameters: got "invalid syntax (<string>, line 1)" on '(/1, 4, 16, 57, 194, 609, 1810, 5056, 13375, 33555/)'
Applying post-processing hooks...
  character_backward_compatibility_hook
Post-processing (stage 2)...
	Block: H4O2_PIP
		Block: unknown_interface
			Block: constants
			Block: pes
			Block: pes_init
			Block: h4o2pot
			Block: prepot
			Block: calcpot
			Block: inv_mg42_t
			Block: getr0
			Block: getrvec
			Block: getvec
			Block: getx0
			Block: inv_base
			Block: mg42_base
			Block: mg42_gens
			Block: mg42_prims
			Block: mg42_secs
Building modules...
    Building module "H4O2_PIP"...
    Generating possibly empty wrappers"
    Maybe empty "H4O2_PIP-f2pywrappers.f"
        Constructing wrapper function "pes"...
          p,g,d = pes(x,igrad,path)
    Generating possibly empty wrappers"
    Maybe empty "H4O2_PIP-f2pywrappers.f"
        Constructing wrapper function "pes_init"...
          pes_init(path)
    Generating possibly empty wrappers"
    Maybe empty "H4O2_PIP-f2pywrappers.f"
        Constructing wrapper function "h4o2pot"...
          h4o2pot(x,v)
    Generating possibly empty wrappers"
    Maybe empty "H4O2_PIP-f2pywrappers.f"
        Constructing wrapper function "prepot"...
          prepot(dname)
    Generating possibly empty wrappers"
    Maybe empty "H4O2_PIP-f2pywrappers.f"
        Constructing wrapper function "calcpot"...
          calcpot(v,cart)
    Generating possibly empty wrappers"
    Maybe empty "H4O2_PIP-f2pywrappers.f"
        Constructing wrapper function "getr0"...
          getr0(xn,r0,[nk])
    Generating possibly empty wrappers"
    Maybe empty "H4O2_PIP-f2pywrappers.f"
        Constructing wrapper function "getrvec"...
          getrvec(r,vec,[m])
    Generating possibly empty wrappers"
    Maybe empty "H4O2_PIP-f2pywrappers.f"
        Constructing wrapper function "getvec"...
          getvec(ms,mr,xn,vec)
    Generating possibly empty wrappers"
    Maybe empty "H4O2_PIP-f2pywrappers.f"
        Constructing wrapper function "getx0"...
          getx0(r0,x0,[nk])
    Generating possibly empty wrappers"
    Maybe empty "H4O2_PIP-f2pywrappers.f"
        Constructing wrapper function "inv_base"...
          w = inv_base(mxd,u,v)
    Generating possibly empty wrappers"
    Maybe empty "H4O2_PIP-f2pywrappers.f"
        Constructing wrapper function "mg42_base"...
          w = mg42_base(mxd,x)
    Generating possibly empty wrappers"
    Maybe empty "H4O2_PIP-f2pywrappers.f"
        Constructing wrapper function "mg42_gens"...
          y = mg42_gens(ind,x)
    Generating possibly empty wrappers"
    Maybe empty "H4O2_PIP-f2pywrappers.f"
        Constructing wrapper function "mg42_prims"...
          u = mg42_prims(x)
    Generating possibly empty wrappers"
    Maybe empty "H4O2_PIP-f2pywrappers.f"
        Constructing wrapper function "mg42_secs"...
          v = mg42_secs(mxd,x)
		Constructing COMMON block support for "ncoe"...
		  ms,mr
		Constructing COMMON block support for "h4o2coef"...
		  dc0,dw0,coef
		Constructing F90 module support for "constants"...
		  Variables: c_mass d_mass h_mass o_mass pi auang aucm aukcal emass
		Constructing F90 module support for "inv_mg42_t"...
		  Variables: mg42_nr mg42_ngrp mg42_ngen mg42_dvp mg42_ivp mg42_dvs mg42_ivs mg42_dvb mg42_ivb
    Wrote C/API module "H4O2_PIP" to file "/tmp/tmp3hkeziv7/src.linux-x86_64-3.11/H4O2_PIPmodule.c"
    Fortran 77 wrappers are saved to "/tmp/tmp3hkeziv7/src.linux-x86_64-3.11/H4O2_PIP-f2pywrappers.f"
    Fortran 90 wrappers are saved to "/tmp/tmp3hkeziv7/src.linux-x86_64-3.11/H4O2_PIP-f2pywrappers2.f90"
INFO:   adding '/tmp/tmp3hkeziv7/src.linux-x86_64-3.11/fortranobject.c' to sources.
INFO:   adding '/tmp/tmp3hkeziv7/src.linux-x86_64-3.11' to include_dirs.
copying /home/truhlard/shuxx055/anaconda3/envs/chempotpy/lib/python3.11/site-packages/numpy/f2py/src/fortranobject.c -> /tmp/tmp3hkeziv7/src.linux-x86_64-3.11
copying /home/truhlard/shuxx055/anaconda3/envs/chempotpy/lib/python3.11/site-packages/numpy/f2py/src/fortranobject.h -> /tmp/tmp3hkeziv7/src.linux-x86_64-3.11
INFO:   adding '/tmp/tmp3hkeziv7/src.linux-x86_64-3.11/H4O2_PIP-f2pywrappers.f' to sources.
INFO:   adding '/tmp/tmp3hkeziv7/src.linux-x86_64-3.11/H4O2_PIP-f2pywrappers2.f90' to sources.
INFO: build_src: building npy-pkg config files
running build_ext
INFO: customize UnixCCompiler
INFO: customize UnixCCompiler using build_ext
INFO: get_default_fcompiler: matching types: '['arm', 'gnu95', 'intel', 'lahey', 'pg', 'nv', 'absoft', 'nag', 'vast', 'compaq', 'intele', 'intelem', 'gnu', 'g95', 'pathf95', 'nagfor', 'fujitsu']'
INFO: customize ArmFlangCompiler
WARN: Could not locate executable armflang
INFO: customize Gnu95FCompiler
INFO: Found executable /home/truhlard/shuxx055/anaconda3/envs/chempotpy/bin/gfortran
INFO: customize Gnu95FCompiler
INFO: customize Gnu95FCompiler using build_ext
INFO: building 'H4O2_PIP' extension
INFO: compiling C sources
INFO: C compiler: gcc -pthread -B /home/truhlard/shuxx055/anaconda3/envs/chempotpy/compiler_compat -DNDEBUG -fwrapv -O2 -Wall -fPIC -O2 -isystem /home/truhlard/shuxx055/anaconda3/envs/chempotpy/include -fPIC -O2 -isystem /home/truhlard/shuxx055/anaconda3/envs/chempotpy/include -fPIC

creating /tmp/tmp3hkeziv7/tmp
creating /tmp/tmp3hkeziv7/tmp/tmp3hkeziv7
creating /tmp/tmp3hkeziv7/tmp/tmp3hkeziv7/src.linux-x86_64-3.11
INFO: compile options: '-DNPY_DISABLE_OPTIMIZATION=1 -I/tmp/tmp3hkeziv7/src.linux-x86_64-3.11 -I/home/truhlard/shuxx055/anaconda3/envs/chempotpy/lib/python3.11/site-packages/numpy/core/include -I/home/truhlard/shuxx055/anaconda3/envs/chempotpy/include/python3.11 -c'
INFO: gcc: /tmp/tmp3hkeziv7/src.linux-x86_64-3.11/H4O2_PIPmodule.c
INFO: gcc: /tmp/tmp3hkeziv7/src.linux-x86_64-3.11/fortranobject.c
