running build
running config_cc
INFO: unifing config_cc, config, build_clib, build_ext, build commands --compiler options
running config_fc
INFO: unifing config_fc, config, build_clib, build_ext, build commands --fcompiler options
running build_src
INFO: build_src
INFO: building extension "NaH2_LEPS_7S_2000" sources
INFO: f2py options: []
INFO: f2py:> /tmp/tmpnzsqqx8t/src.linux-x86_64-3.11/NaH2_LEPS_7S_2000module.c
creating /tmp/tmpnzsqqx8t/src.linux-x86_64-3.11
Reading fortran codes...
	Reading file 'NaH2_LEPS_7S_2000.f' (format:fix,strict)
Post-processing...
	Block: NaH2_LEPS_7S_2000
			Block: pes
			Block: evdrdx
			Block: diagonalize
			Block: prepot
{'attrspec': ['dimension(nt,3)']}
In: :NaH2_LEPS_7S_2000:NaH2_LEPS_7S_2000.f:pot
vars2fortran: No typespec for argument "r".
{'attrspec': ['dimension(nt)']}
In: :NaH2_LEPS_7S_2000:NaH2_LEPS_7S_2000.f:pot
vars2fortran: No typespec for argument "e".
{}
In: :NaH2_LEPS_7S_2000:NaH2_LEPS_7S_2000.f:pot
vars2fortran: No typespec for argument "nt".
{}
In: :NaH2_LEPS_7S_2000:NaH2_LEPS_7S_2000.f:pot
vars2fortran: No typespec for argument "nsurf".
			Block: pot
			Block: prepot11
			Block: prepot12
			Block: prepot22
Applying post-processing hooks...
  character_backward_compatibility_hook
Post-processing (stage 2)...
Building modules...
    Building module "NaH2_LEPS_7S_2000"...
    Generating possibly empty wrappers"
    Maybe empty "NaH2_LEPS_7S_2000-f2pywrappers.f"
        Constructing wrapper function "pes"...
          p,g,d = pes(x,igrad)
    Generating possibly empty wrappers"
    Maybe empty "NaH2_LEPS_7S_2000-f2pywrappers.f"
        Constructing wrapper function "evdrdx"...
          drdx = evdrdx(x,r)
    Generating possibly empty wrappers"
    Maybe empty "NaH2_LEPS_7S_2000-f2pywrappers.f"
        Constructing wrapper function "diagonalize"...
          ev_s,u_ss = diagonalize(a_ss,[n])
    Generating possibly empty wrappers"
    Maybe empty "NaH2_LEPS_7S_2000-f2pywrappers.f"
        Constructing wrapper function "prepot"...
          prepot()
    Generating possibly empty wrappers"
    Maybe empty "NaH2_LEPS_7S_2000-f2pywrappers.f"
        Constructing wrapper function "pot"...
          pot(r,e,nsurf,[nt])
    Generating possibly empty wrappers"
    Maybe empty "NaH2_LEPS_7S_2000-f2pywrappers.f"
        Constructing wrapper function "prepot11"...
          prepot11()
    Generating possibly empty wrappers"
    Maybe empty "NaH2_LEPS_7S_2000-f2pywrappers.f"
        Constructing wrapper function "pot11"...
          pot11(r,e,nt)
    Generating possibly empty wrappers"
    Maybe empty "NaH2_LEPS_7S_2000-f2pywrappers.f"
        Constructing wrapper function "prepot12"...
          prepot12()
    Generating possibly empty wrappers"
    Maybe empty "NaH2_LEPS_7S_2000-f2pywrappers.f"
        Constructing wrapper function "pot12"...
          pot12(r,e,nt)
    Generating possibly empty wrappers"
    Maybe empty "NaH2_LEPS_7S_2000-f2pywrappers.f"
        Constructing wrapper function "prepot22"...
          prepot22()
    Generating possibly empty wrappers"
    Maybe empty "NaH2_LEPS_7S_2000-f2pywrappers.f"
        Constructing wrapper function "pot22"...
          pot22(r,e,nt)
		Constructing COMMON block support for "com_para"...
		  g_myrank,g_nprocs
    Wrote C/API module "NaH2_LEPS_7S_2000" to file "/tmp/tmpnzsqqx8t/src.linux-x86_64-3.11/NaH2_LEPS_7S_2000module.c"
    Fortran 77 wrappers are saved to "/tmp/tmpnzsqqx8t/src.linux-x86_64-3.11/NaH2_LEPS_7S_2000-f2pywrappers.f"
INFO:   adding '/tmp/tmpnzsqqx8t/src.linux-x86_64-3.11/fortranobject.c' to sources.
INFO:   adding '/tmp/tmpnzsqqx8t/src.linux-x86_64-3.11' to include_dirs.
copying /home/truhlard/shuxx055/anaconda3/envs/chempotpy/lib/python3.11/site-packages/numpy/f2py/src/fortranobject.c -> /tmp/tmpnzsqqx8t/src.linux-x86_64-3.11
copying /home/truhlard/shuxx055/anaconda3/envs/chempotpy/lib/python3.11/site-packages/numpy/f2py/src/fortranobject.h -> /tmp/tmpnzsqqx8t/src.linux-x86_64-3.11
INFO:   adding '/tmp/tmpnzsqqx8t/src.linux-x86_64-3.11/NaH2_LEPS_7S_2000-f2pywrappers.f' to sources.
INFO: build_src: building npy-pkg config files
running build_ext
INFO: customize UnixCCompiler
INFO: customize UnixCCompiler using build_ext
INFO: get_default_fcompiler: matching types: '['arm', 'gnu95', 'intel', 'lahey', 'pg', 'nv', 'absoft', 'nag', 'vast', 'compaq', 'intele', 'intelem', 'gnu', 'g95', 'pathf95', 'nagfor', 'fujitsu']'
INFO: customize ArmFlangCompiler
WARN: Could not locate executable armflang
INFO: customize Gnu95FCompiler
INFO: Found executable /home/truhlard/shuxx055/anaconda3/envs/chempotpy/bin/gfortran
INFO: customize Gnu95FCompiler
INFO: customize Gnu95FCompiler using build_ext
INFO: building 'NaH2_LEPS_7S_2000' extension
INFO: compiling C sources
INFO: C compiler: gcc -pthread -B /home/truhlard/shuxx055/anaconda3/envs/chempotpy/compiler_compat -DNDEBUG -fwrapv -O2 -Wall -fPIC -O2 -isystem /home/truhlard/shuxx055/anaconda3/envs/chempotpy/include -fPIC -O2 -isystem /home/truhlard/shuxx055/anaconda3/envs/chempotpy/include -fPIC

creating /tmp/tmpnzsqqx8t/tmp
creating /tmp/tmpnzsqqx8t/tmp/tmpnzsqqx8t
creating /tmp/tmpnzsqqx8t/tmp/tmpnzsqqx8t/src.linux-x86_64-3.11
INFO: compile options: '-DNPY_DISABLE_OPTIMIZATION=1 -I/tmp/tmpnzsqqx8t/src.linux-x86_64-3.11 -I/home/truhlard/shuxx055/anaconda3/envs/chempotpy/lib/python3.11/site-packages/numpy/core/include -I/home/truhlard/shuxx055/anaconda3/envs/chempotpy/include/python3.11 -c'
INFO: gcc: /tmp/tmpnzsqqx8t/src.linux-x86_64-3.11/NaH2_LEPS_7S_2000module.c
INFO: gcc: /tmp/tmpnzsqqx8t/src.linux-x86_64-3.11/fortranobject.c
INFO: compiling Fortran sources
INFO: Fortran f77 compiler: /home/truhlard/shuxx055/anaconda3/envs/chempotpy/bin/gfortran -fallow-argument-mismatch -std=legacy -fPIC -O3 -funroll-loops
Fortran f90 compiler: /home/truhlard/shuxx055/anaconda3/envs/chempotpy/bin/gfortran -Wall -g -fno-second-underscore -fPIC -O3 -funroll-loops
Fortran fix compiler: /home/truhlard/shuxx055/anaconda3/envs/chempotpy/bin/gfortran -Wall -g -ffixed-form -fno-second-underscore -Wall -g -fno-second-underscore -fPIC -O3 -funroll-loops
INFO: compile options: '-I/tmp/tmpnzsqqx8t/src.linux-x86_64-3.11 -I/home/truhlard/shuxx055/anaconda3/envs/chempotpy/lib/python3.11/site-packages/numpy/core/include -I/home/truhlard/shuxx055/anaconda3/envs/chempotpy/include/python3.11 -c'
INFO: gfortran:f77: /tmp/tmpnzsqqx8t/src.linux-x86_64-3.11/NaH2_LEPS_7S_2000-f2pywrappers.f
INFO: gfortran:f77: NaH2_LEPS_7S_2000.f
INFO: /home/truhlard/shuxx055/anaconda3/envs/chempotpy/bin/gfortran -Wall -g -Wall -g -shared /tmp/tmpnzsqqx8t/tmp/tmpnzsqqx8t/src.linux-x86_64-3.11/NaH2_LEPS_7S_2000module.o /tmp/tmpnzsqqx8t/tmp/tmpnzsqqx8t/src.linux-x86_64-3.11/fortranobject.o /tmp/tmpnzsqqx8t/NaH2_LEPS_7S_2000.o /tmp/tmpnzsqqx8t/tmp/tmpnzsqqx8t/src.linux-x86_64-3.11/NaH2_LEPS_7S_2000-f2pywrappers.o -L/panfs/jay/groups/16/truhlard/shuxx055/anaconda3/envs/chempotpy/bin/../lib/gcc/x86_64-conda-linux-gnu/13.1.0/../../../../x86_64-conda-linux-gnu/lib/../lib -L/panfs/jay/groups/16/truhlard/shuxx055/anaconda3/envs/chempotpy/bin/../lib/gcc/x86_64-conda-linux-gnu/13.1.0/../../../../x86_64-conda-linux-gnu/lib/../lib -lgfortran -o ./NaH2_LEPS_7S_2000.cpython-311-x86_64-linux-gnu.so
Removing build directory /tmp/tmpnzsqqx8t
