running build
running config_cc
INFO: unifing config_cc, config, build_clib, build_ext, build commands --compiler options
running config_fc
INFO: unifing config_fc, config, build_clib, build_ext, build commands --fcompiler options
running build_src
INFO: build_src
INFO: building extension "HClOH_PIPNN" sources
INFO: f2py options: []
INFO: f2py:> /tmp/tmpzowzuqyv/src.linux-x86_64-3.11/HClOH_PIPNNmodule.c
creating /tmp/tmpzowzuqyv/src.linux-x86_64-3.11
Reading fortran codes...
	Reading file 'HClOH_PIPNN.f90' (format:free)
Line #484 in HClOH_PIPNN.f90:"c    ifunc=1, transfer function is hyperbolic tangent function, 'tansig' "
	analyzeline: No name/args pattern found for line.
Line #485 in HClOH_PIPNN.f90:"c    ifunc=2, transfer function is log sigmoid function, 'logsig' "
	analyzeline: No name/args pattern found for line.
Line #486 in HClOH_PIPNN.f90:"c    ifunc=3, transfer function is pure linear function, 'purelin'. It is imposed to the output layer by default "
	analyzeline: No name/args pattern found for line.
crackline: groupcounter=5 groupname={0: '', 1: 'module', 2: 'interface', 3: 'function', 4: 'function', 5: 'function', 6: 'subroutine'}
crackline: Mismatch of blocks encountered. Trying to fix it by assuming "end" statement.
crackline: groupcounter=4 groupname={0: '', 1: 'module', 2: 'interface', 3: 'function', 4: 'function', 5: 'function', 6: 'subroutine'}
crackline: Mismatch of blocks encountered. Trying to fix it by assuming "end" statement.
crackline: groupcounter=3 groupname={0: '', 1: 'module', 2: 'interface', 3: 'function', 4: 'function', 5: 'function', 6: 'subroutine'}
crackline: Mismatch of blocks encountered. Trying to fix it by assuming "end" statement.
crackline: groupcounter=2 groupname={0: '', 1: 'module', 2: 'interface', 3: 'function', 4: 'function', 5: 'function', 6: 'subroutine'}
crackline: Mismatch of blocks encountered. Trying to fix it by assuming "end" statement.
crackline: groupcounter=1 groupname={0: '', 1: 'module', 2: 'interface', 3: 'function', 4: 'function', 5: 'function', 6: 'subroutine'}
crackline: Mismatch of blocks encountered. Trying to fix it by assuming "end" statement.
Post-processing...
	Block: HClOH_PIPNN
			Block: nnparam
In: :HClOH_PIPNN:HClOH_PIPNN.f90:nnparam
get_parameters: got "eval() arg 1 must be a string, bytes or code object" on 8
			Block: pes
In: :HClOH_PIPNN:HClOH_PIPNN.f90:pes
get_parameters: got "eval() arg 1 must be a string, bytes or code object" on 8
			Block: hcloh_pes_interface
In: :HClOH_PIPNN:HClOH_PIPNN.f90:hcloh_pes_interface
get_parameters: got "eval() arg 1 must be a string, bytes or code object" on 8
			Block: hclohnn
In: :HClOH_PIPNN:HClOH_PIPNN.f90:hclohnn
get_parameters: got "eval() arg 1 must be a string, bytes or code object" on 8
In: :HClOH_PIPNN:HClOH_PIPNN.f90:hclohnn
get_parameters: got "eval() arg 1 must be a string, bytes or code object" on 8
			Block: pes_init
In: :HClOH_PIPNN:HClOH_PIPNN.f90:pes_init
get_parameters: got "eval() arg 1 must be a string, bytes or code object" on 8
			Block: getpota
In: :HClOH_PIPNN:HClOH_PIPNN.f90:getpota
get_parameters: got "eval() arg 1 must be a string, bytes or code object" on 8
			Block: getpotb
In: :HClOH_PIPNN:HClOH_PIPNN.f90:getpotb
get_parameters: got "eval() arg 1 must be a string, bytes or code object" on 8
			Block: getpotc
In: :HClOH_PIPNN:HClOH_PIPNN.f90:getpotc
get_parameters: got "eval() arg 1 must be a string, bytes or code object" on 8
			Block: tranfun
Applying post-processing hooks...
  character_backward_compatibility_hook
Post-processing (stage 2)...
	Block: HClOH_PIPNN
		Block: unknown_interface
			Block: nnparam
			Block: pes
			Block: hcloh_pes_interface
			Block: hclohnn
			Block: pes_init
			Block: getpota
			Block: getpotb
			Block: getpotc
			Block: tranfun
Building modules...
    Building module "HClOH_PIPNN"...
    Generating possibly empty wrappers"
    Maybe empty "HClOH_PIPNN-f2pywrappers.f"
        Constructing wrapper function "pes"...
          p,g,d = pes(x,igrad,path)
    Generating possibly empty wrappers"
    Maybe empty "HClOH_PIPNN-f2pywrappers.f"
        Constructing wrapper function "hcloh_pes_interface"...
          hcloh_pes_interface(ct,vpes)
    Generating possibly empty wrappers"
    Maybe empty "HClOH_PIPNN-f2pywrappers.f"
        Constructing wrapper function "hclohnn"...
          hclohnn(ct,vpes,vpesa,vpesb,vpesc)
    Generating possibly empty wrappers"
    Maybe empty "HClOH_PIPNN-f2pywrappers.f"
        Constructing wrapper function "pes_init"...
          pes_init(path)
    Generating possibly empty wrappers"
    Maybe empty "HClOH_PIPNN-f2pywrappers.f"
        Constructing wrapper function "getpota"...
          getpota(x,vpot)
    Generating possibly empty wrappers"
    Maybe empty "HClOH_PIPNN-f2pywrappers.f"
        Constructing wrapper function "getpotb"...
          getpotb(x,vpot)
    Generating possibly empty wrappers"
    Maybe empty "HClOH_PIPNN-f2pywrappers.f"
        Constructing wrapper function "getpotc"...
          getpotc(x,vpot)
    Generating possibly empty wrappers"
    Maybe empty "HClOH_PIPNN-f2pywrappers.f"
		Creating wrapper for Fortran function "tranfun"("tranfun")...
        Constructing wrapper function "tranfun"...
          tranfun = tranfun(x,ifunc)
		Constructing F90 module support for "nnparam"...
		  Variables: ninput noutput nhid nlayer ifunc nwe nodemax nscale nodes weighta biasa pdela pavga weightb biasb pdelb pavgb weightc biasc pdelc pavgc vpescut
getarrdims:warning: assumed shape array, using 0 instead of ':'
getarrdims:warning: assumed shape array, using 0 instead of ':'
getarrdims:warning: assumed shape array, using 0 instead of ':'
getarrdims:warning: assumed shape array, using 0 instead of ':'
getarrdims:warning: assumed shape array, using 0 instead of ':'
getarrdims:warning: assumed shape array, using 0 instead of ':'
getarrdims:warning: assumed shape array, using 0 instead of ':'
getarrdims:warning: assumed shape array, using 0 instead of ':'
getarrdims:warning: assumed shape array, using 0 instead of ':'
getarrdims:warning: assumed shape array, using 0 instead of ':'
getarrdims:warning: assumed shape array, using 0 instead of ':'
getarrdims:warning: assumed shape array, using 0 instead of ':'
getarrdims:warning: assumed shape array, using 0 instead of ':'
getarrdims:warning: assumed shape array, using 0 instead of ':'
getarrdims:warning: assumed shape array, using 0 instead of ':'
getarrdims:warning: assumed shape array, using 0 instead of ':'
getarrdims:warning: assumed shape array, using 0 instead of ':'
getarrdims:warning: assumed shape array, using 0 instead of ':'
getarrdims:warning: assumed shape array, using 0 instead of ':'
getarrdims:warning: assumed shape array, using 0 instead of ':'
getarrdims:warning: assumed shape array, using 0 instead of ':'
getarrdims:warning: assumed shape array, using 0 instead of ':'
    Wrote C/API module "HClOH_PIPNN" to file "/tmp/tmpzowzuqyv/src.linux-x86_64-3.11/HClOH_PIPNNmodule.c"
    Fortran 77 wrappers are saved to "/tmp/tmpzowzuqyv/src.linux-x86_64-3.11/HClOH_PIPNN-f2pywrappers.f"
    Fortran 90 wrappers are saved to "/tmp/tmpzowzuqyv/src.linux-x86_64-3.11/HClOH_PIPNN-f2pywrappers2.f90"
INFO:   adding '/tmp/tmpzowzuqyv/src.linux-x86_64-3.11/fortranobject.c' to sources.
INFO:   adding '/tmp/tmpzowzuqyv/src.linux-x86_64-3.11' to include_dirs.
copying /home/truhlard/shuxx055/anaconda3/envs/chempotpy/lib/python3.11/site-packages/numpy/f2py/src/fortranobject.c -> /tmp/tmpzowzuqyv/src.linux-x86_64-3.11
copying /home/truhlard/shuxx055/anaconda3/envs/chempotpy/lib/python3.11/site-packages/numpy/f2py/src/fortranobject.h -> /tmp/tmpzowzuqyv/src.linux-x86_64-3.11
INFO:   adding '/tmp/tmpzowzuqyv/src.linux-x86_64-3.11/HClOH_PIPNN-f2pywrappers.f' to sources.
INFO:   adding '/tmp/tmpzowzuqyv/src.linux-x86_64-3.11/HClOH_PIPNN-f2pywrappers2.f90' to sources.
INFO: build_src: building npy-pkg config files
running build_ext
INFO: customize UnixCCompiler
INFO: customize UnixCCompiler using build_ext
INFO: get_default_fcompiler: matching types: '['arm', 'gnu95', 'intel', 'lahey', 'pg', 'nv', 'absoft', 'nag', 'vast', 'compaq', 'intele', 'intelem', 'gnu', 'g95', 'pathf95', 'nagfor', 'fujitsu']'
INFO: customize ArmFlangCompiler
WARN: Could not locate executable armflang
INFO: customize Gnu95FCompiler
INFO: Found executable /home/truhlard/shuxx055/anaconda3/envs/chempotpy/bin/gfortran
INFO: customize Gnu95FCompiler
INFO: customize Gnu95FCompiler using build_ext
INFO: building 'HClOH_PIPNN' extension
INFO: compiling C sources
INFO: C compiler: gcc -pthread -B /home/truhlard/shuxx055/anaconda3/envs/chempotpy/compiler_compat -DNDEBUG -fwrapv -O2 -Wall -fPIC -O2 -isystem /home/truhlard/shuxx055/anaconda3/envs/chempotpy/include -fPIC -O2 -isystem /home/truhlard/shuxx055/anaconda3/envs/chempotpy/include -fPIC

creating /tmp/tmpzowzuqyv/tmp
creating /tmp/tmpzowzuqyv/tmp/tmpzowzuqyv
creating /tmp/tmpzowzuqyv/tmp/tmpzowzuqyv/src.linux-x86_64-3.11
INFO: compile options: '-DNPY_DISABLE_OPTIMIZATION=1 -I/tmp/tmpzowzuqyv/src.linux-x86_64-3.11 -I/home/truhlard/shuxx055/anaconda3/envs/chempotpy/lib/python3.11/site-packages/numpy/core/include -I/home/truhlard/shuxx055/anaconda3/envs/chempotpy/include/python3.11 -c'
INFO: gcc: /tmp/tmpzowzuqyv/src.linux-x86_64-3.11/HClOH_PIPNNmodule.c
INFO: gcc: /tmp/tmpzowzuqyv/src.linux-x86_64-3.11/fortranobject.c
