running build
running config_cc
INFO: unifing config_cc, config, build_clib, build_ext, build commands --compiler options
running config_fc
INFO: unifing config_fc, config, build_clib, build_ext, build commands --fcompiler options
running build_src
INFO: build_src
INFO: building extension "C6H5SH_APRP_DPEM" sources
INFO: f2py options: []
INFO: f2py:> /tmp/tmpoqbn5d0b/src.linux-x86_64-3.11/C6H5SH_APRP_DPEMmodule.c
creating /tmp/tmpoqbn5d0b/src.linux-x86_64-3.11
Reading fortran codes...
	Reading file 'C6H5SH_APRP_DPEM.f90' (format:free)
Post-processing...
	Block: C6H5SH_APRP_DPEM
			Block: dpem
			Block: pot
In: :C6H5SH_APRP_DPEM:C6H5SH_APRP_DPEM.f90:pot
get_parameters: got "eval() arg 1 must be a string, bytes or code object" on 8
In: :C6H5SH_APRP_DPEM:C6H5SH_APRP_DPEM.f90:pot
get_parameters: got "eval() arg 1 must be a string, bytes or code object" on 8
In: :C6H5SH_APRP_DPEM:C6H5SH_APRP_DPEM.f90:pot
get_parameters: got "eval() arg 1 must be a string, bytes or code object" on 8
In: :C6H5SH_APRP_DPEM:C6H5SH_APRP_DPEM.f90:pot
get_parameters: got "eval() arg 1 must be a string, bytes or code object" on 8
Applying post-processing hooks...
  character_backward_compatibility_hook
Post-processing (stage 2)...
Building modules...
    Building module "C6H5SH_APRP_DPEM"...
    Generating possibly empty wrappers"
    Maybe empty "C6H5SH_APRP_DPEM-f2pywrappers.f"
        Constructing wrapper function "dpem"...
          u,ug = dpem(x,igrad)
    Generating possibly empty wrappers"
    Maybe empty "C6H5SH_APRP_DPEM-f2pywrappers.f"
        Constructing wrapper function "pot"...
          pot(igrad,xx,uu,guu,vv,gvv,dvec,cc,repflag)
    Wrote C/API module "C6H5SH_APRP_DPEM" to file "/tmp/tmpoqbn5d0b/src.linux-x86_64-3.11/C6H5SH_APRP_DPEMmodule.c"
INFO:   adding '/tmp/tmpoqbn5d0b/src.linux-x86_64-3.11/fortranobject.c' to sources.
INFO:   adding '/tmp/tmpoqbn5d0b/src.linux-x86_64-3.11' to include_dirs.
copying /home/truhlard/shuxx055/anaconda3/envs/chempotpy/lib/python3.11/site-packages/numpy/f2py/src/fortranobject.c -> /tmp/tmpoqbn5d0b/src.linux-x86_64-3.11
copying /home/truhlard/shuxx055/anaconda3/envs/chempotpy/lib/python3.11/site-packages/numpy/f2py/src/fortranobject.h -> /tmp/tmpoqbn5d0b/src.linux-x86_64-3.11
INFO:   adding '/tmp/tmpoqbn5d0b/src.linux-x86_64-3.11/C6H5SH_APRP_DPEM-f2pywrappers.f' to sources.
INFO: build_src: building npy-pkg config files
running build_ext
INFO: customize UnixCCompiler
INFO: customize UnixCCompiler using build_ext
INFO: get_default_fcompiler: matching types: '['arm', 'gnu95', 'intel', 'lahey', 'pg', 'nv', 'absoft', 'nag', 'vast', 'compaq', 'intele', 'intelem', 'gnu', 'g95', 'pathf95', 'nagfor', 'fujitsu']'
INFO: customize ArmFlangCompiler
WARN: Could not locate executable armflang
INFO: customize Gnu95FCompiler
INFO: Found executable /home/truhlard/shuxx055/anaconda3/envs/chempotpy/bin/gfortran
INFO: customize Gnu95FCompiler
INFO: customize Gnu95FCompiler using build_ext
INFO: building 'C6H5SH_APRP_DPEM' extension
INFO: compiling C sources
INFO: C compiler: gcc -pthread -B /home/truhlard/shuxx055/anaconda3/envs/chempotpy/compiler_compat -DNDEBUG -fwrapv -O2 -Wall -fPIC -O2 -isystem /home/truhlard/shuxx055/anaconda3/envs/chempotpy/include -fPIC -O2 -isystem /home/truhlard/shuxx055/anaconda3/envs/chempotpy/include -fPIC

creating /tmp/tmpoqbn5d0b/tmp
creating /tmp/tmpoqbn5d0b/tmp/tmpoqbn5d0b
creating /tmp/tmpoqbn5d0b/tmp/tmpoqbn5d0b/src.linux-x86_64-3.11
INFO: compile options: '-DNPY_DISABLE_OPTIMIZATION=1 -I/tmp/tmpoqbn5d0b/src.linux-x86_64-3.11 -I/home/truhlard/shuxx055/anaconda3/envs/chempotpy/lib/python3.11/site-packages/numpy/core/include -I/home/truhlard/shuxx055/anaconda3/envs/chempotpy/include/python3.11 -c'
INFO: gcc: /tmp/tmpoqbn5d0b/src.linux-x86_64-3.11/C6H5SH_APRP_DPEMmodule.c
INFO: gcc: /tmp/tmpoqbn5d0b/src.linux-x86_64-3.11/fortranobject.c
INFO: compiling Fortran sources
INFO: Fortran f77 compiler: /home/truhlard/shuxx055/anaconda3/envs/chempotpy/bin/gfortran -Wall -g -ffixed-form -fno-second-underscore -fPIC -O3 -funroll-loops
Fortran f90 compiler: /home/truhlard/shuxx055/anaconda3/envs/chempotpy/bin/gfortran -fallow-argument-mismatch -std=legacy -fPIC -O3 -funroll-loops
Fortran fix compiler: /home/truhlard/shuxx055/anaconda3/envs/chempotpy/bin/gfortran -Wall -g -ffixed-form -fno-second-underscore -fallow-argument-mismatch -std=legacy -fPIC -O3 -funroll-loops
INFO: compile options: '-I/tmp/tmpoqbn5d0b/src.linux-x86_64-3.11 -I/home/truhlard/shuxx055/anaconda3/envs/chempotpy/lib/python3.11/site-packages/numpy/core/include -I/home/truhlard/shuxx055/anaconda3/envs/chempotpy/include/python3.11 -c'
INFO: gfortran:f90: C6H5SH_APRP_DPEM.f90
INFO: gfortran:f77: /tmp/tmpoqbn5d0b/src.linux-x86_64-3.11/C6H5SH_APRP_DPEM-f2pywrappers.f
INFO: /home/truhlard/shuxx055/anaconda3/envs/chempotpy/bin/gfortran -Wall -g -Wall -g -shared /tmp/tmpoqbn5d0b/tmp/tmpoqbn5d0b/src.linux-x86_64-3.11/C6H5SH_APRP_DPEMmodule.o /tmp/tmpoqbn5d0b/tmp/tmpoqbn5d0b/src.linux-x86_64-3.11/fortranobject.o /tmp/tmpoqbn5d0b/C6H5SH_APRP_DPEM.o /tmp/tmpoqbn5d0b/tmp/tmpoqbn5d0b/src.linux-x86_64-3.11/C6H5SH_APRP_DPEM-f2pywrappers.o -L/panfs/jay/groups/16/truhlard/shuxx055/anaconda3/envs/chempotpy/bin/../lib/gcc/x86_64-conda-linux-gnu/13.1.0/../../../../x86_64-conda-linux-gnu/lib/../lib -L/panfs/jay/groups/16/truhlard/shuxx055/anaconda3/envs/chempotpy/bin/../lib/gcc/x86_64-conda-linux-gnu/13.1.0/../../../../x86_64-conda-linux-gnu/lib/../lib -lgfortran -o ./C6H5SH_APRP_DPEM.cpython-311-x86_64-linux-gnu.so
Removing build directory /tmp/tmpoqbn5d0b
