00900
6 0 0 3
11
10 250 279 10250 7479
0
6 8 0 3
11
4 1
6 0 0 3
11
1 500 500 C
6 0 0 3
11
1 613 500 C
1 688 518 C
2 669 500 C
2 631 500 C
2 613 518 C
2 613 590 C
2 631 608 C
2 669 608 C
2 688 590 C
1 725 500 C
1 744 500 C
2 725 518 C
2 725 590 C
2 744 608 C
2 781 608 C
2 800 590 C
2 800 518 C
2 781 500 C
2 744 500 C
1 838 500 C
1 838 500 C
2 838 608 C
2 875 572 C
2 913 608 C
2 913 500 C
1 950 500 C
1 950 500 C
2 950 608 C
2 988 572 C
2 1025 608 C
2 1025 500 C
1 1063 500 C
1 1063 608 C
2 1063 518 C
2 1081 500 C
2 1119 500 C
2 1138 518 C
2 1138 608 C
1 1175 500 C
1 1175 500 C
2 1175 608 C
2 1250 500 C
2 1250 608 C
1 1288 500 C
1 1288 500 C
2 1363 500 C
1 1325 500 C
2 1325 608 C
1 1288 608 C
2 1363 608 C
1 1400 500 C
1 1475 518 C
2 1456 500 C
2 1419 500 C
2 1400 518 C
2 1400 590 C
2 1419 608 C
2 1456 608 C
2 1475 590 C
1 1513 500 C
1 1513 500 C
2 1513 590 C
2 1531 608 C
2 1569 608 C
2 1588 590 C
2 1588 500 C
1 1513 536 C
2 1588 536 C
1 1625 500 C
1 1663 500 C
2 1663 608 C
2 1625 608 C
2 1700 608 C
1 1738 500 C
1 1738 500 C
2 1813 500 C
1 1775 500 C
2 1775 608 C
1 1738 608 C
2 1813 608 C
1 1850 500 C
1 1869 500 C
2 1850 518 C
2 1850 590 C
2 1869 608 C
2 1906 608 C
2 1925 590 C
2 1925 518 C
2 1906 500 C
2 1869 500 C
1 1963 500 C
1 1963 500 C
2 1963 608 C
2 2038 500 C
2 2038 608 C
1 2075 500 C
1 2188 500 C
1 2206 500 C
2 2188 518 C
2 2188 590 C
2 2206 608 C
2 2244 608 C
2 2263 590 C
2 2263 518 C
2 2244 500 C
2 2206 500 C
1 2300 500 C
1 2300 500 C
2 2300 608 C
1 2300 554 C
2 2319 554 C
2 2375 500 C
1 2319 554 C
2 2375 608 C
1 2413 500 C
6 0 0 3
11
1 0 0 C
6 0 0 3
11
4 2
6 0 0 3
11
