running build
running config_cc
INFO: unifing config_cc, config, build_clib, build_ext, build commands --compiler options
running config_fc
INFO: unifing config_fc, config, build_clib, build_ext, build commands --fcompiler options
running build_src
INFO: build_src
INFO: building extension "SiOH_GEN_1988" sources
INFO: f2py options: []
INFO: f2py:> /tmp/tmpf8zgpm9d/src.linux-x86_64-3.11/SiOH_GEN_1988module.c
creating /tmp/tmpf8zgpm9d/src.linux-x86_64-3.11
Reading fortran codes...
	Reading file 'SiOH_GEN_1988.f' (format:fix,strict)
Line #97 in SiOH_GEN_1988.f:"      parameter(pi=3.1415926536d0)"
	get_parameters: got "eval() arg 1 must be a string, bytes or code object" on 4
Line #98 in SiOH_GEN_1988.f:"      parameter(pener=4.3597482d-11)"
	get_parameters: got "eval() arg 1 must be a string, bytes or code object" on 4
Line #98 in SiOH_GEN_1988.f:"      parameter(pener=4.3597482d-11)"
	get_parameters: got "eval() arg 1 must be a string, bytes or code object" on 4
Line #99 in SiOH_GEN_1988.f:"      parameter(pdis=0.52917706d0)"
	get_parameters: got "eval() arg 1 must be a string, bytes or code object" on 4
Line #99 in SiOH_GEN_1988.f:"      parameter(pdis=0.52917706d0)"
	get_parameters: got "eval() arg 1 must be a string, bytes or code object" on 4
Line #99 in SiOH_GEN_1988.f:"      parameter(pdis=0.52917706d0)"
	get_parameters: got "eval() arg 1 must be a string, bytes or code object" on 4
Line #100 in SiOH_GEN_1988.f:"      parameter(pang=57.2957795d0)"
	get_parameters: got "eval() arg 1 must be a string, bytes or code object" on 4
Line #100 in SiOH_GEN_1988.f:"      parameter(pang=57.2957795d0)"
	get_parameters: got "eval() arg 1 must be a string, bytes or code object" on 4
Line #100 in SiOH_GEN_1988.f:"      parameter(pang=57.2957795d0)"
	get_parameters: got "eval() arg 1 must be a string, bytes or code object" on 4
Line #100 in SiOH_GEN_1988.f:"      parameter(pang=57.2957795d0)"
	get_parameters: got "eval() arg 1 must be a string, bytes or code object" on 4
Post-processing...
	Block: SiOH_GEN_1988
			Block: pes
{'attrspec': ['dimension(maxatom)']}
In: :SiOH_GEN_1988:SiOH_GEN_1988.f:siohpot
vars2fortran: No typespec for argument "q".
{'attrspec': ['dimension(maxatom)']}
In: :SiOH_GEN_1988:SiOH_GEN_1988.f:siohpot
vars2fortran: No typespec for argument "indmm".
{}
In: :SiOH_GEN_1988:SiOH_GEN_1988.f:siohpot
vars2fortran: No typespec for argument "v".
{}
In: :SiOH_GEN_1988:SiOH_GEN_1988.f:siohpot
vars2fortran: No typespec for argument "natom".
{}
In: :SiOH_GEN_1988:SiOH_GEN_1988.f:siohpot
vars2fortran: No typespec for argument "maxatom".
{}
In: :SiOH_GEN_1988:SiOH_GEN_1988.f:siohpot
vars2fortran: No typespec for argument "ien".
			Block: siohpot
In: :SiOH_GEN_1988:SiOH_GEN_1988.f:siohpot
get_parameters: got "eval() arg 1 must be a string, bytes or code object" on 4
In: :SiOH_GEN_1988:SiOH_GEN_1988.f:siohpot
get_parameters: got "eval() arg 1 must be a string, bytes or code object" on 4
In: :SiOH_GEN_1988:SiOH_GEN_1988.f:siohpot
get_parameters: got "eval() arg 1 must be a string, bytes or code object" on 4
In: :SiOH_GEN_1988:SiOH_GEN_1988.f:siohpot
get_parameters: got "eval() arg 1 must be a string, bytes or code object" on 4
In: :SiOH_GEN_1988:SiOH_GEN_1988.f:siohpot
get_parameters: got "eval() arg 1 must be a string, bytes or code object" on 4
Applying post-processing hooks...
  character_backward_compatibility_hook
Post-processing (stage 2)...
Building modules...
    Building module "SiOH_GEN_1988"...
    Generating possibly empty wrappers"
    Maybe empty "SiOH_GEN_1988-f2pywrappers.f"
        Constructing wrapper function "pes"...
          p,g,d = pes(xyz,nsi,no,nh,natoms,igrad)
    Generating possibly empty wrappers"
    Maybe empty "SiOH_GEN_1988-f2pywrappers.f"
        Constructing wrapper function "siohpot"...
          siohpot(x,y,z,q,indmm,v,dvdx,dvdy,dvdz,natom,ien,[maxatom])
    Wrote C/API module "SiOH_GEN_1988" to file "/tmp/tmpf8zgpm9d/src.linux-x86_64-3.11/SiOH_GEN_1988module.c"
INFO:   adding '/tmp/tmpf8zgpm9d/src.linux-x86_64-3.11/fortranobject.c' to sources.
INFO:   adding '/tmp/tmpf8zgpm9d/src.linux-x86_64-3.11' to include_dirs.
copying /home/truhlard/shuxx055/anaconda3/envs/chempotpy/lib/python3.11/site-packages/numpy/f2py/src/fortranobject.c -> /tmp/tmpf8zgpm9d/src.linux-x86_64-3.11
copying /home/truhlard/shuxx055/anaconda3/envs/chempotpy/lib/python3.11/site-packages/numpy/f2py/src/fortranobject.h -> /tmp/tmpf8zgpm9d/src.linux-x86_64-3.11
INFO:   adding '/tmp/tmpf8zgpm9d/src.linux-x86_64-3.11/SiOH_GEN_1988-f2pywrappers.f' to sources.
INFO: build_src: building npy-pkg config files
running build_ext
INFO: customize UnixCCompiler
INFO: customize UnixCCompiler using build_ext
INFO: get_default_fcompiler: matching types: '['arm', 'gnu95', 'intel', 'lahey', 'pg', 'nv', 'absoft', 'nag', 'vast', 'compaq', 'intele', 'intelem', 'gnu', 'g95', 'pathf95', 'nagfor', 'fujitsu']'
INFO: customize ArmFlangCompiler
WARN: Could not locate executable armflang
INFO: customize Gnu95FCompiler
INFO: Found executable /home/truhlard/shuxx055/anaconda3/envs/chempotpy/bin/gfortran
INFO: customize Gnu95FCompiler
INFO: customize Gnu95FCompiler using build_ext
INFO: building 'SiOH_GEN_1988' extension
INFO: compiling C sources
INFO: C compiler: gcc -pthread -B /home/truhlard/shuxx055/anaconda3/envs/chempotpy/compiler_compat -DNDEBUG -fwrapv -O2 -Wall -fPIC -O2 -isystem /home/truhlard/shuxx055/anaconda3/envs/chempotpy/include -fPIC -O2 -isystem /home/truhlard/shuxx055/anaconda3/envs/chempotpy/include -fPIC

creating /tmp/tmpf8zgpm9d/tmp
creating /tmp/tmpf8zgpm9d/tmp/tmpf8zgpm9d
creating /tmp/tmpf8zgpm9d/tmp/tmpf8zgpm9d/src.linux-x86_64-3.11
INFO: compile options: '-DNPY_DISABLE_OPTIMIZATION=1 -I/tmp/tmpf8zgpm9d/src.linux-x86_64-3.11 -I/home/truhlard/shuxx055/anaconda3/envs/chempotpy/lib/python3.11/site-packages/numpy/core/include -I/home/truhlard/shuxx055/anaconda3/envs/chempotpy/include/python3.11 -c'
INFO: gcc: /tmp/tmpf8zgpm9d/src.linux-x86_64-3.11/SiOH_GEN_1988module.c
INFO: gcc: /tmp/tmpf8zgpm9d/src.linux-x86_64-3.11/fortranobject.c
INFO: compiling Fortran sources
INFO: Fortran f77 compiler: /home/truhlard/shuxx055/anaconda3/envs/chempotpy/bin/gfortran -fallow-argument-mismatch -std=legacy -fPIC -O3 -funroll-loops
Fortran f90 compiler: /home/truhlard/shuxx055/anaconda3/envs/chempotpy/bin/gfortran -Wall -g -fno-second-underscore -fPIC -O3 -funroll-loops
Fortran fix compiler: /home/truhlard/shuxx055/anaconda3/envs/chempotpy/bin/gfortran -Wall -g -ffixed-form -fno-second-underscore -Wall -g -fno-second-underscore -fPIC -O3 -funroll-loops
INFO: compile options: '-I/tmp/tmpf8zgpm9d/src.linux-x86_64-3.11 -I/home/truhlard/shuxx055/anaconda3/envs/chempotpy/lib/python3.11/site-packages/numpy/core/include -I/home/truhlard/shuxx055/anaconda3/envs/chempotpy/include/python3.11 -c'
INFO: gfortran:f77: /tmp/tmpf8zgpm9d/src.linux-x86_64-3.11/SiOH_GEN_1988-f2pywrappers.f
INFO: gfortran:f77: SiOH_GEN_1988.f
INFO: /home/truhlard/shuxx055/anaconda3/envs/chempotpy/bin/gfortran -Wall -g -Wall -g -shared /tmp/tmpf8zgpm9d/tmp/tmpf8zgpm9d/src.linux-x86_64-3.11/SiOH_GEN_1988module.o /tmp/tmpf8zgpm9d/tmp/tmpf8zgpm9d/src.linux-x86_64-3.11/fortranobject.o /tmp/tmpf8zgpm9d/SiOH_GEN_1988.o /tmp/tmpf8zgpm9d/tmp/tmpf8zgpm9d/src.linux-x86_64-3.11/SiOH_GEN_1988-f2pywrappers.o -L/panfs/jay/groups/16/truhlard/shuxx055/anaconda3/envs/chempotpy/bin/../lib/gcc/x86_64-conda-linux-gnu/13.1.0/../../../../x86_64-conda-linux-gnu/lib/../lib -L/panfs/jay/groups/16/truhlard/shuxx055/anaconda3/envs/chempotpy/bin/../lib/gcc/x86_64-conda-linux-gnu/13.1.0/../../../../x86_64-conda-linux-gnu/lib/../lib -lgfortran -o ./SiOH_GEN_1988.cpython-311-x86_64-linux-gnu.so
Removing build directory /tmp/tmpf8zgpm9d
