running build
running config_cc
INFO: unifing config_cc, config, build_clib, build_ext, build commands --compiler options
running config_fc
INFO: unifing config_fc, config, build_clib, build_ext, build commands --fcompiler options
running build_src
INFO: build_src
INFO: building extension "CH4O_LEP_1995" sources
INFO: f2py options: []
INFO: f2py:> /tmp/tmpx6txrhh9/src.linux-x86_64-3.11/CH4O_LEP_1995module.c
creating /tmp/tmpx6txrhh9/src.linux-x86_64-3.11
Reading fortran codes...
	Reading file 'CH4O_LEP_1995.f90' (format:free)
Line #15 in CH4O_LEP_1995.f90:"      PARAMETER (JSURF=INT(ISURF*(ISURF+1)/2)) "
	determineexprtype: could not determine expressions ('int') type.
Line #15 in CH4O_LEP_1995.f90:"      PARAMETER (JSURF=INT(ISURF*(ISURF+1)/2)) "
	determineexprtype: could not determine expressions ('int(isurf*(isurf+1)/2)') type.
Line #109 in CH4O_LEP_1995.f90:"      PARAMETER (PI = 3.141592653589793D0)                                       "
	get_parameters: got "eval() arg 1 must be a string, bytes or code object" on 4
Line #110 in CH4O_LEP_1995.f90:"      PARAMETER (NATOM = 25)                                                     "
	get_parameters: got "eval() arg 1 must be a string, bytes or code object" on 4
Line #110 in CH4O_LEP_1995.f90:"      PARAMETER (NATOM = 25)                                                     "
	get_parameters: got "eval() arg 1 must be a string, bytes or code object" on 4
Line #245 in CH4O_LEP_1995.f90:"      PARAMETER (PI = 3.141592653589793D0)                                       "
	get_parameters: got "eval() arg 1 must be a string, bytes or code object" on 4
Line #246 in CH4O_LEP_1995.f90:"      PARAMETER (NATOM = 25)                                                     "
	get_parameters: got "eval() arg 1 must be a string, bytes or code object" on 4
Line #246 in CH4O_LEP_1995.f90:"      PARAMETER (NATOM = 25)                                                     "
	get_parameters: got "eval() arg 1 must be a string, bytes or code object" on 4
Line #316 in CH4O_LEP_1995.f90:"c  subroutine calculates reference angles for the "in-plane" potential           "
	analyzeline: No name/args pattern found for line.
Line #326 in CH4O_LEP_1995.f90:"      PARAMETER (PI = 3.141592653589793D0)                                       "
	get_parameters: got "eval() arg 1 must be a string, bytes or code object" on 4
Line #327 in CH4O_LEP_1995.f90:"      PARAMETER (NATOM = 25)                                                     "
	get_parameters: got "eval() arg 1 must be a string, bytes or code object" on 4
Line #327 in CH4O_LEP_1995.f90:"      PARAMETER (NATOM = 25)                                                     "
	get_parameters: got "eval() arg 1 must be a string, bytes or code object" on 4
Line #456 in CH4O_LEP_1995.f90:"c  subroutine to calculate leps-type stretching potential and its                "
	analyzeline: No name/args pattern found for line.
Line #467 in CH4O_LEP_1995.f90:"      PARAMETER (PI = 3.141592653589793D0)                                       "
	get_parameters: got "eval() arg 1 must be a string, bytes or code object" on 4
Line #468 in CH4O_LEP_1995.f90:"      PARAMETER (NATOM = 25)                                                     "
	get_parameters: got "eval() arg 1 must be a string, bytes or code object" on 4
Line #468 in CH4O_LEP_1995.f90:"      PARAMETER (NATOM = 25)                                                     "
	get_parameters: got "eval() arg 1 must be a string, bytes or code object" on 4
{'before': '', 'this': 'dimension', 'after': 'vqch(4),vjch(4),vqbh(4),vjbh(4),vq(4),vj(4),                    '}
Line #510 in CH4O_LEP_1995.f90:"       dimension vqch(4),vjch(4),vqbh(4),vjbh(4),vq(4),vj(4),                    "
	analyzeline: no name pattern found in dimension statement for ''. Skipping.
Line #663 in CH4O_LEP_1995.f90:"c  subroutine calculates symmetrized vop potential and derivatives               "
	analyzeline: No name/args pattern found for line.
Line #673 in CH4O_LEP_1995.f90:"      PARAMETER (PI = 3.141592653589793D0)                                       "
	get_parameters: got "eval() arg 1 must be a string, bytes or code object" on 4
Line #674 in CH4O_LEP_1995.f90:"      PARAMETER (NATOM = 25)                                                     "
	get_parameters: got "eval() arg 1 must be a string, bytes or code object" on 4
Line #674 in CH4O_LEP_1995.f90:"      PARAMETER (NATOM = 25)                                                     "
	get_parameters: got "eval() arg 1 must be a string, bytes or code object" on 4
Line #746 in CH4O_LEP_1995.f90:"c  subroutine performs sum over j, k, l                                          "
	analyzeline: No name/args pattern found for line.
Line #778 in CH4O_LEP_1995.f90:"c  subroutine calculates symmetrised in plane bend term                          "
	analyzeline: No name/args pattern found for line.
Line #789 in CH4O_LEP_1995.f90:"      PARAMETER (PI = 3.141592653589793D0)                                       "
	get_parameters: got "eval() arg 1 must be a string, bytes or code object" on 4
Line #790 in CH4O_LEP_1995.f90:"      PARAMETER (NATOM = 25)                                                     "
	get_parameters: got "eval() arg 1 must be a string, bytes or code object" on 4
Line #790 in CH4O_LEP_1995.f90:"      PARAMETER (NATOM = 25)                                                     "
	get_parameters: got "eval() arg 1 must be a string, bytes or code object" on 4
Line #899 in CH4O_LEP_1995.f90:"c  subroutine calculates out of plane angle delta, loops                         "
	analyzeline: No name/args pattern found for line.
Line #913 in CH4O_LEP_1995.f90:"      PARAMETER (PI = 3.141592653589793D0)                                       "
	get_parameters: got "eval() arg 1 must be a string, bytes or code object" on 4
Line #914 in CH4O_LEP_1995.f90:"      PARAMETER (NATOM = 25)                                                     "
	get_parameters: got "eval() arg 1 must be a string, bytes or code object" on 4
Line #914 in CH4O_LEP_1995.f90:"      PARAMETER (NATOM = 25)                                                     "
	get_parameters: got "eval() arg 1 must be a string, bytes or code object" on 4
{'before': '', 'this': 'dimension', 'after': 'delta(4),in(3),a(3),b(3),axb(3),c(4,3),argd(4),                '}
Line #956 in CH4O_LEP_1995.f90:"       dimension  delta(4),in(3),a(3),b(3),axb(3),c(4,3),argd(4),                "
	analyzeline: no name pattern found in dimension statement for ''. Skipping.
Line #1164 in CH4O_LEP_1995.f90:"      PARAMETER (PI = 3.141592653589793D0)                                       "
	get_parameters: got "eval() arg 1 must be a string, bytes or code object" on 4
Line #1165 in CH4O_LEP_1995.f90:"      PARAMETER (NATOM = 25)                                                     "
	get_parameters: got "eval() arg 1 must be a string, bytes or code object" on 4
Line #1165 in CH4O_LEP_1995.f90:"      PARAMETER (NATOM = 25)                                                     "
	get_parameters: got "eval() arg 1 must be a string, bytes or code object" on 4
Line #1275 in CH4O_LEP_1995.f90:"      PARAMETER (PI = 3.141592653589793D0)                                       "
	get_parameters: got "eval() arg 1 must be a string, bytes or code object" on 4
Line #1276 in CH4O_LEP_1995.f90:"      PARAMETER (NATOM = 25)                                                     "
	get_parameters: got "eval() arg 1 must be a string, bytes or code object" on 4
Line #1276 in CH4O_LEP_1995.f90:"      PARAMETER (NATOM = 25)                                                     "
	get_parameters: got "eval() arg 1 must be a string, bytes or code object" on 4
Line #1477 in CH4O_LEP_1995.f90:"      PARAMETER (PI = 3.141592653589793D0)                                       "
	get_parameters: got "eval() arg 1 must be a string, bytes or code object" on 4
Line #1478 in CH4O_LEP_1995.f90:"      PARAMETER (NATOM = 25)                                                     "
	get_parameters: got "eval() arg 1 must be a string, bytes or code object" on 4
Line #1478 in CH4O_LEP_1995.f90:"      PARAMETER (NATOM = 25)                                                     "
	get_parameters: got "eval() arg 1 must be a string, bytes or code object" on 4
Line #1613 in CH4O_LEP_1995.f90:"      PARAMETER (PI = 3.141592653589793D0)                                       "
	get_parameters: got "eval() arg 1 must be a string, bytes or code object" on 4
Line #1614 in CH4O_LEP_1995.f90:"      PARAMETER (NATOM = 25)                                                     "
	get_parameters: got "eval() arg 1 must be a string, bytes or code object" on 4
Line #1614 in CH4O_LEP_1995.f90:"      PARAMETER (NATOM = 25)                                                     "
	get_parameters: got "eval() arg 1 must be a string, bytes or code object" on 4
Line #1652 in CH4O_LEP_1995.f90:"C   NATOMS = the number of atoms represented by this potential function          "
	analyzeline: No name/args pattern found for line.
Line #1742 in CH4O_LEP_1995.f90:"      PARAMETER (PI = 3.141592653589793D0)                                       "
	get_parameters: got "eval() arg 1 must be a string, bytes or code object" on 4
Line #1743 in CH4O_LEP_1995.f90:"      PARAMETER (NATOM = 25)                                                     "
	get_parameters: got "eval() arg 1 must be a string, bytes or code object" on 4
Line #1743 in CH4O_LEP_1995.f90:"      PARAMETER (NATOM = 25)                                                     "
	get_parameters: got "eval() arg 1 must be a string, bytes or code object" on 4
Line #1835 in CH4O_LEP_1995.f90:"      PARAMETER (PI = 3.141592653589793D0) "
	get_parameters: got "eval() arg 1 must be a string, bytes or code object" on 4
Line #2005 in CH4O_LEP_1995.f90:"      PARAMETER(        PI = 3.141592653589793D0) "
	get_parameters: got "eval() arg 1 must be a string, bytes or code object" on 4
Line #2006 in CH4O_LEP_1995.f90:"      PARAMETER(    CLIGHT = 2.99792458D08) "
	get_parameters: got "eval() arg 1 must be a string, bytes or code object" on 4
Line #2006 in CH4O_LEP_1995.f90:"      PARAMETER(    CLIGHT = 2.99792458D08) "
	get_parameters: got "eval() arg 1 must be a string, bytes or code object" on 4
Line #2007 in CH4O_LEP_1995.f90:"      PARAMETER(     CMU_0 = 4.0D0*PI*1.0D-07) "
	get_parameters: got "eval() arg 1 must be a string, bytes or code object" on 4
Line #2007 in CH4O_LEP_1995.f90:"      PARAMETER(     CMU_0 = 4.0D0*PI*1.0D-07) "
	get_parameters: got "eval() arg 1 must be a string, bytes or code object" on 4
Line #2007 in CH4O_LEP_1995.f90:"      PARAMETER(     CMU_0 = 4.0D0*PI*1.0D-07) "
	get_parameters: got "eval() arg 1 must be a string, bytes or code object" on 4
Line #2008 in CH4O_LEP_1995.f90:"      PARAMETER(CEPSILON_0 = 1.0D0/(CMU_0*CLIGHT**2)) "
	get_parameters: got "eval() arg 1 must be a string, bytes or code object" on 4
Line #2008 in CH4O_LEP_1995.f90:"      PARAMETER(CEPSILON_0 = 1.0D0/(CMU_0*CLIGHT**2)) "
	get_parameters: got "eval() arg 1 must be a string, bytes or code object" on 4
Line #2008 in CH4O_LEP_1995.f90:"      PARAMETER(CEPSILON_0 = 1.0D0/(CMU_0*CLIGHT**2)) "
	get_parameters: got "eval() arg 1 must be a string, bytes or code object" on 4
Line #2008 in CH4O_LEP_1995.f90:"      PARAMETER(CEPSILON_0 = 1.0D0/(CMU_0*CLIGHT**2)) "
	determineexprtype: could not determine expressions ('1.0d0/(cmu_0*clight**2)') type.
Line #2009 in CH4O_LEP_1995.f90:"      PARAMETER(        CE = 1.602176462D-19) "
	get_parameters: got "eval() arg 1 must be a string, bytes or code object" on 4
Line #2009 in CH4O_LEP_1995.f90:"      PARAMETER(        CE = 1.602176462D-19) "
	get_parameters: got "eval() arg 1 must be a string, bytes or code object" on 4
Line #2009 in CH4O_LEP_1995.f90:"      PARAMETER(        CE = 1.602176462D-19) "
	get_parameters: got "eval() arg 1 must be a string, bytes or code object" on 4
Line #2010 in CH4O_LEP_1995.f90:"      PARAMETER(   CPLANCK = 6.62606876D-34) "
	get_parameters: got "eval() arg 1 must be a string, bytes or code object" on 4
Line #2010 in CH4O_LEP_1995.f90:"      PARAMETER(   CPLANCK = 6.62606876D-34) "
	get_parameters: got "eval() arg 1 must be a string, bytes or code object" on 4
Line #2010 in CH4O_LEP_1995.f90:"      PARAMETER(   CPLANCK = 6.62606876D-34) "
	get_parameters: got "eval() arg 1 must be a string, bytes or code object" on 4
Line #2010 in CH4O_LEP_1995.f90:"      PARAMETER(   CPLANCK = 6.62606876D-34) "
	get_parameters: got "eval() arg 1 must be a string, bytes or code object" on 4
Line #2011 in CH4O_LEP_1995.f90:"      PARAMETER(      CM_E = 9.10938188D-31) "
	get_parameters: got "eval() arg 1 must be a string, bytes or code object" on 4
Line #2011 in CH4O_LEP_1995.f90:"      PARAMETER(      CM_E = 9.10938188D-31) "
	get_parameters: got "eval() arg 1 must be a string, bytes or code object" on 4
Line #2011 in CH4O_LEP_1995.f90:"      PARAMETER(      CM_E = 9.10938188D-31) "
	get_parameters: got "eval() arg 1 must be a string, bytes or code object" on 4
Line #2011 in CH4O_LEP_1995.f90:"      PARAMETER(      CM_E = 9.10938188D-31) "
	get_parameters: got "eval() arg 1 must be a string, bytes or code object" on 4
Line #2011 in CH4O_LEP_1995.f90:"      PARAMETER(      CM_E = 9.10938188D-31) "
	get_parameters: got "eval() arg 1 must be a string, bytes or code object" on 4
Line #2012 in CH4O_LEP_1995.f90:"      PARAMETER(      CANG = 1.0D-10) "
	get_parameters: got "eval() arg 1 must be a string, bytes or code object" on 4
Line #2012 in CH4O_LEP_1995.f90:"      PARAMETER(      CANG = 1.0D-10) "
	get_parameters: got "eval() arg 1 must be a string, bytes or code object" on 4
Line #2012 in CH4O_LEP_1995.f90:"      PARAMETER(      CANG = 1.0D-10) "
	get_parameters: got "eval() arg 1 must be a string, bytes or code object" on 4
Line #2012 in CH4O_LEP_1995.f90:"      PARAMETER(      CANG = 1.0D-10) "
	get_parameters: got "eval() arg 1 must be a string, bytes or code object" on 4
Line #2012 in CH4O_LEP_1995.f90:"      PARAMETER(      CANG = 1.0D-10) "
	get_parameters: got "eval() arg 1 must be a string, bytes or code object" on 4
Line #2012 in CH4O_LEP_1995.f90:"      PARAMETER(      CANG = 1.0D-10) "
	get_parameters: got "eval() arg 1 must be a string, bytes or code object" on 4
Line #2013 in CH4O_LEP_1995.f90:"      PARAMETER( CAVOGADRO = 6.02214199D23) "
	get_parameters: got "eval() arg 1 must be a string, bytes or code object" on 4
Line #2013 in CH4O_LEP_1995.f90:"      PARAMETER( CAVOGADRO = 6.02214199D23) "
	get_parameters: got "eval() arg 1 must be a string, bytes or code object" on 4
Line #2013 in CH4O_LEP_1995.f90:"      PARAMETER( CAVOGADRO = 6.02214199D23) "
	get_parameters: got "eval() arg 1 must be a string, bytes or code object" on 4
Line #2013 in CH4O_LEP_1995.f90:"      PARAMETER( CAVOGADRO = 6.02214199D23) "
	get_parameters: got "eval() arg 1 must be a string, bytes or code object" on 4
Line #2013 in CH4O_LEP_1995.f90:"      PARAMETER( CAVOGADRO = 6.02214199D23) "
	get_parameters: got "eval() arg 1 must be a string, bytes or code object" on 4
Line #2013 in CH4O_LEP_1995.f90:"      PARAMETER( CAVOGADRO = 6.02214199D23) "
	get_parameters: got "eval() arg 1 must be a string, bytes or code object" on 4
Line #2013 in CH4O_LEP_1995.f90:"      PARAMETER( CAVOGADRO = 6.02214199D23) "
	get_parameters: got "eval() arg 1 must be a string, bytes or code object" on 4
Line #2014 in CH4O_LEP_1995.f90:"      PARAMETER(     CKCAL = 4.184D10) "
	get_parameters: got "eval() arg 1 must be a string, bytes or code object" on 4
Line #2014 in CH4O_LEP_1995.f90:"      PARAMETER(     CKCAL = 4.184D10) "
	get_parameters: got "eval() arg 1 must be a string, bytes or code object" on 4
Line #2014 in CH4O_LEP_1995.f90:"      PARAMETER(     CKCAL = 4.184D10) "
	get_parameters: got "eval() arg 1 must be a string, bytes or code object" on 4
Line #2014 in CH4O_LEP_1995.f90:"      PARAMETER(     CKCAL = 4.184D10) "
	get_parameters: got "eval() arg 1 must be a string, bytes or code object" on 4
Line #2014 in CH4O_LEP_1995.f90:"      PARAMETER(     CKCAL = 4.184D10) "
	get_parameters: got "eval() arg 1 must be a string, bytes or code object" on 4
Line #2014 in CH4O_LEP_1995.f90:"      PARAMETER(     CKCAL = 4.184D10) "
	get_parameters: got "eval() arg 1 must be a string, bytes or code object" on 4
Line #2014 in CH4O_LEP_1995.f90:"      PARAMETER(     CKCAL = 4.184D10) "
	get_parameters: got "eval() arg 1 must be a string, bytes or code object" on 4
Line #2014 in CH4O_LEP_1995.f90:"      PARAMETER(     CKCAL = 4.184D10) "
	get_parameters: got "eval() arg 1 must be a string, bytes or code object" on 4
Line #2015 in CH4O_LEP_1995.f90:"      PARAMETER(  HTOMILLH = 1000.D0) "
	get_parameters: got "eval() arg 1 must be a string, bytes or code object" on 4
Line #2015 in CH4O_LEP_1995.f90:"      PARAMETER(  HTOMILLH = 1000.D0) "
	get_parameters: got "eval() arg 1 must be a string, bytes or code object" on 4
Line #2015 in CH4O_LEP_1995.f90:"      PARAMETER(  HTOMILLH = 1000.D0) "
	get_parameters: got "eval() arg 1 must be a string, bytes or code object" on 4
Line #2015 in CH4O_LEP_1995.f90:"      PARAMETER(  HTOMILLH = 1000.D0) "
	get_parameters: got "eval() arg 1 must be a string, bytes or code object" on 4
Line #2015 in CH4O_LEP_1995.f90:"      PARAMETER(  HTOMILLH = 1000.D0) "
	get_parameters: got "eval() arg 1 must be a string, bytes or code object" on 4
Line #2015 in CH4O_LEP_1995.f90:"      PARAMETER(  HTOMILLH = 1000.D0) "
	get_parameters: got "eval() arg 1 must be a string, bytes or code object" on 4
Line #2015 in CH4O_LEP_1995.f90:"      PARAMETER(  HTOMILLH = 1000.D0) "
	get_parameters: got "eval() arg 1 must be a string, bytes or code object" on 4
Line #2015 in CH4O_LEP_1995.f90:"      PARAMETER(  HTOMILLH = 1000.D0) "
	get_parameters: got "eval() arg 1 must be a string, bytes or code object" on 4
Line #2015 in CH4O_LEP_1995.f90:"      PARAMETER(  HTOMILLH = 1000.D0) "
	get_parameters: got "eval() arg 1 must be a string, bytes or code object" on 4
Line #2016 in CH4O_LEP_1995.f90:"      PARAMETER(     HTOEV = 27.2113834D0) "
	get_parameters: got "eval() arg 1 must be a string, bytes or code object" on 4
Line #2016 in CH4O_LEP_1995.f90:"      PARAMETER(     HTOEV = 27.2113834D0) "
	get_parameters: got "eval() arg 1 must be a string, bytes or code object" on 4
Line #2016 in CH4O_LEP_1995.f90:"      PARAMETER(     HTOEV = 27.2113834D0) "
	get_parameters: got "eval() arg 1 must be a string, bytes or code object" on 4
Line #2016 in CH4O_LEP_1995.f90:"      PARAMETER(     HTOEV = 27.2113834D0) "
	get_parameters: got "eval() arg 1 must be a string, bytes or code object" on 4
Line #2016 in CH4O_LEP_1995.f90:"      PARAMETER(     HTOEV = 27.2113834D0) "
	get_parameters: got "eval() arg 1 must be a string, bytes or code object" on 4
Line #2016 in CH4O_LEP_1995.f90:"      PARAMETER(     HTOEV = 27.2113834D0) "
	get_parameters: got "eval() arg 1 must be a string, bytes or code object" on 4
Line #2016 in CH4O_LEP_1995.f90:"      PARAMETER(     HTOEV = 27.2113834D0) "
	get_parameters: got "eval() arg 1 must be a string, bytes or code object" on 4
Line #2016 in CH4O_LEP_1995.f90:"      PARAMETER(     HTOEV = 27.2113834D0) "
	get_parameters: got "eval() arg 1 must be a string, bytes or code object" on 4
Line #2016 in CH4O_LEP_1995.f90:"      PARAMETER(     HTOEV = 27.2113834D0) "
	get_parameters: got "eval() arg 1 must be a string, bytes or code object" on 4
Line #2016 in CH4O_LEP_1995.f90:"      PARAMETER(     HTOEV = 27.2113834D0) "
	get_parameters: got "eval() arg 1 must be a string, bytes or code object" on 4
Line #2017 in CH4O_LEP_1995.f90:"      PARAMETER(   HTOKCAL = 627.509470D0) "
	get_parameters: got "eval() arg 1 must be a string, bytes or code object" on 4
Line #2017 in CH4O_LEP_1995.f90:"      PARAMETER(   HTOKCAL = 627.509470D0) "
	get_parameters: got "eval() arg 1 must be a string, bytes or code object" on 4
Line #2017 in CH4O_LEP_1995.f90:"      PARAMETER(   HTOKCAL = 627.509470D0) "
	get_parameters: got "eval() arg 1 must be a string, bytes or code object" on 4
Line #2017 in CH4O_LEP_1995.f90:"      PARAMETER(   HTOKCAL = 627.509470D0) "
	get_parameters: got "eval() arg 1 must be a string, bytes or code object" on 4
Line #2017 in CH4O_LEP_1995.f90:"      PARAMETER(   HTOKCAL = 627.509470D0) "
	get_parameters: got "eval() arg 1 must be a string, bytes or code object" on 4
Line #2017 in CH4O_LEP_1995.f90:"      PARAMETER(   HTOKCAL = 627.509470D0) "
	get_parameters: got "eval() arg 1 must be a string, bytes or code object" on 4
Line #2017 in CH4O_LEP_1995.f90:"      PARAMETER(   HTOKCAL = 627.509470D0) "
	get_parameters: got "eval() arg 1 must be a string, bytes or code object" on 4
Line #2017 in CH4O_LEP_1995.f90:"      PARAMETER(   HTOKCAL = 627.509470D0) "
	get_parameters: got "eval() arg 1 must be a string, bytes or code object" on 4
Line #2017 in CH4O_LEP_1995.f90:"      PARAMETER(   HTOKCAL = 627.509470D0) "
	get_parameters: got "eval() arg 1 must be a string, bytes or code object" on 4
Line #2017 in CH4O_LEP_1995.f90:"      PARAMETER(   HTOKCAL = 627.509470D0) "
	get_parameters: got "eval() arg 1 must be a string, bytes or code object" on 4
Line #2017 in CH4O_LEP_1995.f90:"      PARAMETER(   HTOKCAL = 627.509470D0) "
	get_parameters: got "eval() arg 1 must be a string, bytes or code object" on 4
Line #2018 in CH4O_LEP_1995.f90:"      PARAMETER(   HTOWAVE = 219474.631D0) "
	get_parameters: got "eval() arg 1 must be a string, bytes or code object" on 4
Line #2018 in CH4O_LEP_1995.f90:"      PARAMETER(   HTOWAVE = 219474.631D0) "
	get_parameters: got "eval() arg 1 must be a string, bytes or code object" on 4
Line #2018 in CH4O_LEP_1995.f90:"      PARAMETER(   HTOWAVE = 219474.631D0) "
	get_parameters: got "eval() arg 1 must be a string, bytes or code object" on 4
Line #2018 in CH4O_LEP_1995.f90:"      PARAMETER(   HTOWAVE = 219474.631D0) "
	get_parameters: got "eval() arg 1 must be a string, bytes or code object" on 4
Line #2018 in CH4O_LEP_1995.f90:"      PARAMETER(   HTOWAVE = 219474.631D0) "
	get_parameters: got "eval() arg 1 must be a string, bytes or code object" on 4
Line #2018 in CH4O_LEP_1995.f90:"      PARAMETER(   HTOWAVE = 219474.631D0) "
	get_parameters: got "eval() arg 1 must be a string, bytes or code object" on 4
Line #2018 in CH4O_LEP_1995.f90:"      PARAMETER(   HTOWAVE = 219474.631D0) "
	get_parameters: got "eval() arg 1 must be a string, bytes or code object" on 4
Line #2018 in CH4O_LEP_1995.f90:"      PARAMETER(   HTOWAVE = 219474.631D0) "
	get_parameters: got "eval() arg 1 must be a string, bytes or code object" on 4
Line #2018 in CH4O_LEP_1995.f90:"      PARAMETER(   HTOWAVE = 219474.631D0) "
	get_parameters: got "eval() arg 1 must be a string, bytes or code object" on 4
Line #2018 in CH4O_LEP_1995.f90:"      PARAMETER(   HTOWAVE = 219474.631D0) "
	get_parameters: got "eval() arg 1 must be a string, bytes or code object" on 4
Line #2018 in CH4O_LEP_1995.f90:"      PARAMETER(   HTOWAVE = 219474.631D0) "
	get_parameters: got "eval() arg 1 must be a string, bytes or code object" on 4
Line #2018 in CH4O_LEP_1995.f90:"      PARAMETER(   HTOWAVE = 219474.631D0) "
	get_parameters: got "eval() arg 1 must be a string, bytes or code object" on 4
Line #2019 in CH4O_LEP_1995.f90:"      PARAMETER(     HTOKJ = 2625.49962D0) "
	get_parameters: got "eval() arg 1 must be a string, bytes or code object" on 4
Line #2019 in CH4O_LEP_1995.f90:"      PARAMETER(     HTOKJ = 2625.49962D0) "
	get_parameters: got "eval() arg 1 must be a string, bytes or code object" on 4
Line #2019 in CH4O_LEP_1995.f90:"      PARAMETER(     HTOKJ = 2625.49962D0) "
	get_parameters: got "eval() arg 1 must be a string, bytes or code object" on 4
Line #2019 in CH4O_LEP_1995.f90:"      PARAMETER(     HTOKJ = 2625.49962D0) "
	get_parameters: got "eval() arg 1 must be a string, bytes or code object" on 4
Line #2019 in CH4O_LEP_1995.f90:"      PARAMETER(     HTOKJ = 2625.49962D0) "
	get_parameters: got "eval() arg 1 must be a string, bytes or code object" on 4
Line #2019 in CH4O_LEP_1995.f90:"      PARAMETER(     HTOKJ = 2625.49962D0) "
	get_parameters: got "eval() arg 1 must be a string, bytes or code object" on 4
Line #2019 in CH4O_LEP_1995.f90:"      PARAMETER(     HTOKJ = 2625.49962D0) "
	get_parameters: got "eval() arg 1 must be a string, bytes or code object" on 4
Line #2019 in CH4O_LEP_1995.f90:"      PARAMETER(     HTOKJ = 2625.49962D0) "
	get_parameters: got "eval() arg 1 must be a string, bytes or code object" on 4
Line #2019 in CH4O_LEP_1995.f90:"      PARAMETER(     HTOKJ = 2625.49962D0) "
	get_parameters: got "eval() arg 1 must be a string, bytes or code object" on 4
Line #2019 in CH4O_LEP_1995.f90:"      PARAMETER(     HTOKJ = 2625.49962D0) "
	get_parameters: got "eval() arg 1 must be a string, bytes or code object" on 4
Line #2019 in CH4O_LEP_1995.f90:"      PARAMETER(     HTOKJ = 2625.49962D0) "
	get_parameters: got "eval() arg 1 must be a string, bytes or code object" on 4
Line #2019 in CH4O_LEP_1995.f90:"      PARAMETER(     HTOKJ = 2625.49962D0) "
	get_parameters: got "eval() arg 1 must be a string, bytes or code object" on 4
Line #2019 in CH4O_LEP_1995.f90:"      PARAMETER(     HTOKJ = 2625.49962D0) "
	get_parameters: got "eval() arg 1 must be a string, bytes or code object" on 4
Line #2020 in CH4O_LEP_1995.f90:"      PARAMETER(    BOHR_A = .5291772083D0) "
	get_parameters: got "eval() arg 1 must be a string, bytes or code object" on 4
Line #2020 in CH4O_LEP_1995.f90:"      PARAMETER(    BOHR_A = .5291772083D0) "
	get_parameters: got "eval() arg 1 must be a string, bytes or code object" on 4
Line #2020 in CH4O_LEP_1995.f90:"      PARAMETER(    BOHR_A = .5291772083D0) "
	get_parameters: got "eval() arg 1 must be a string, bytes or code object" on 4
Line #2020 in CH4O_LEP_1995.f90:"      PARAMETER(    BOHR_A = .5291772083D0) "
	get_parameters: got "eval() arg 1 must be a string, bytes or code object" on 4
Line #2020 in CH4O_LEP_1995.f90:"      PARAMETER(    BOHR_A = .5291772083D0) "
	get_parameters: got "eval() arg 1 must be a string, bytes or code object" on 4
Line #2020 in CH4O_LEP_1995.f90:"      PARAMETER(    BOHR_A = .5291772083D0) "
	get_parameters: got "eval() arg 1 must be a string, bytes or code object" on 4
Line #2020 in CH4O_LEP_1995.f90:"      PARAMETER(    BOHR_A = .5291772083D0) "
	get_parameters: got "eval() arg 1 must be a string, bytes or code object" on 4
Line #2020 in CH4O_LEP_1995.f90:"      PARAMETER(    BOHR_A = .5291772083D0) "
	get_parameters: got "eval() arg 1 must be a string, bytes or code object" on 4
Line #2020 in CH4O_LEP_1995.f90:"      PARAMETER(    BOHR_A = .5291772083D0) "
	get_parameters: got "eval() arg 1 must be a string, bytes or code object" on 4
Line #2020 in CH4O_LEP_1995.f90:"      PARAMETER(    BOHR_A = .5291772083D0) "
	get_parameters: got "eval() arg 1 must be a string, bytes or code object" on 4
Line #2020 in CH4O_LEP_1995.f90:"      PARAMETER(    BOHR_A = .5291772083D0) "
	get_parameters: got "eval() arg 1 must be a string, bytes or code object" on 4
Line #2020 in CH4O_LEP_1995.f90:"      PARAMETER(    BOHR_A = .5291772083D0) "
	get_parameters: got "eval() arg 1 must be a string, bytes or code object" on 4
Line #2020 in CH4O_LEP_1995.f90:"      PARAMETER(    BOHR_A = .5291772083D0) "
	get_parameters: got "eval() arg 1 must be a string, bytes or code object" on 4
Line #2020 in CH4O_LEP_1995.f90:"      PARAMETER(    BOHR_A = .5291772083D0) "
	get_parameters: got "eval() arg 1 must be a string, bytes or code object" on 4
crackline: groupcounter=9 groupname={0: '', 1: 'module', 2: 'interface', 3: 'subroutine', 4: 'subroutine', 5: 'subroutine', 6: 'subroutine', 7: 'subroutine', 8: 'subroutine', 9: 'subroutine', 10: 'subroutine'}
crackline: Mismatch of blocks encountered. Trying to fix it by assuming "end" statement.
crackline: groupcounter=8 groupname={0: '', 1: 'module', 2: 'interface', 3: 'subroutine', 4: 'subroutine', 5: 'subroutine', 6: 'subroutine', 7: 'subroutine', 8: 'subroutine', 9: 'subroutine', 10: 'subroutine'}
crackline: Mismatch of blocks encountered. Trying to fix it by assuming "end" statement.
crackline: groupcounter=7 groupname={0: '', 1: 'module', 2: 'interface', 3: 'subroutine', 4: 'subroutine', 5: 'subroutine', 6: 'subroutine', 7: 'subroutine', 8: 'subroutine', 9: 'subroutine', 10: 'subroutine'}
crackline: Mismatch of blocks encountered. Trying to fix it by assuming "end" statement.
crackline: groupcounter=6 groupname={0: '', 1: 'module', 2: 'interface', 3: 'subroutine', 4: 'subroutine', 5: 'subroutine', 6: 'subroutine', 7: 'subroutine', 8: 'subroutine', 9: 'subroutine', 10: 'subroutine'}
crackline: Mismatch of blocks encountered. Trying to fix it by assuming "end" statement.
crackline: groupcounter=5 groupname={0: '', 1: 'module', 2: 'interface', 3: 'subroutine', 4: 'subroutine', 5: 'subroutine', 6: 'subroutine', 7: 'subroutine', 8: 'subroutine', 9: 'subroutine', 10: 'subroutine'}
crackline: Mismatch of blocks encountered. Trying to fix it by assuming "end" statement.
crackline: groupcounter=4 groupname={0: '', 1: 'module', 2: 'interface', 3: 'subroutine', 4: 'subroutine', 5: 'subroutine', 6: 'subroutine', 7: 'subroutine', 8: 'subroutine', 9: 'subroutine', 10: 'subroutine'}
crackline: Mismatch of blocks encountered. Trying to fix it by assuming "end" statement.
crackline: groupcounter=3 groupname={0: '', 1: 'module', 2: 'interface', 3: 'subroutine', 4: 'subroutine', 5: 'subroutine', 6: 'subroutine', 7: 'subroutine', 8: 'subroutine', 9: 'subroutine', 10: 'subroutine'}
crackline: Mismatch of blocks encountered. Trying to fix it by assuming "end" statement.
crackline: groupcounter=2 groupname={0: '', 1: 'module', 2: 'interface', 3: 'subroutine', 4: 'subroutine', 5: 'subroutine', 6: 'subroutine', 7: 'subroutine', 8: 'subroutine', 9: 'subroutine', 10: 'subroutine'}
crackline: Mismatch of blocks encountered. Trying to fix it by assuming "end" statement.
crackline: groupcounter=1 groupname={0: '', 1: 'module', 2: 'interface', 3: 'subroutine', 4: 'subroutine', 5: 'subroutine', 6: 'subroutine', 7: 'subroutine', 8: 'subroutine', 9: 'subroutine', 10: 'subroutine'}
crackline: Mismatch of blocks encountered. Trying to fix it by assuming "end" statement.
Post-processing...
	Block: CH4O_LEP_1995
			Block: pes
			Block: pot
In: :CH4O_LEP_1995:CH4O_LEP_1995.f90:pot
get_parameters: got "eval() arg 1 must be a string, bytes or code object" on 4
In: :CH4O_LEP_1995:CH4O_LEP_1995.f90:pot
get_parameters: got "eval() arg 1 must be a string, bytes or code object" on 4
			Block: coorden
In: :CH4O_LEP_1995:CH4O_LEP_1995.f90:coorden
get_parameters: got "eval() arg 1 must be a string, bytes or code object" on 4
In: :CH4O_LEP_1995:CH4O_LEP_1995.f90:coorden
get_parameters: got "eval() arg 1 must be a string, bytes or code object" on 4
{}
In: :CH4O_LEP_1995:CH4O_LEP_1995.f90:refangles:stretch:opbend:unknown_subroutine:ipbend:calcdelta
vars2fortran: No typespec for argument "i".
{}
In: :CH4O_LEP_1995:CH4O_LEP_1995.f90:refangles:stretch:opbend:unknown_subroutine:ipbend:calcdelta
vars2fortran: No typespec for argument "j".
{}
In: :CH4O_LEP_1995:CH4O_LEP_1995.f90:refangles:stretch:opbend:unknown_subroutine:ipbend:calcdelta
vars2fortran: No typespec for argument "k".
{}
In: :CH4O_LEP_1995:CH4O_LEP_1995.f90:refangles:stretch:opbend:unknown_subroutine:ipbend:calcdelta
vars2fortran: No typespec for argument "l".
{}
In: :CH4O_LEP_1995:CH4O_LEP_1995.f90:refangles:stretch:opbend:unknown_subroutine:ipbend:calcdelta
vars2fortran: No typespec for argument "sum2".
{}
In: :CH4O_LEP_1995:CH4O_LEP_1995.f90:refangles:stretch:opbend:unknown_subroutine:ipbend:calcdelta
vars2fortran: No typespec for argument "sum4".
{}
In: :CH4O_LEP_1995:CH4O_LEP_1995.f90:refangles:stretch:opbend:unknown_subroutine:ipbend
vars2fortran: No typespec for argument "vip".
{}
In: :CH4O_LEP_1995:CH4O_LEP_1995.f90:refangles:stretch:opbend
vars2fortran: No typespec for argument "vop".
{}
In: :CH4O_LEP_1995:CH4O_LEP_1995.f90:refangles:stretch
vars2fortran: No typespec for argument "vstr".
			Block: refangles
Applying post-processing hooks...
  character_backward_compatibility_hook
Post-processing (stage 2)...
Building modules...
    Building module "CH4O_LEP_1995"...
    Generating possibly empty wrappers"
    Maybe empty "CH4O_LEP_1995-f2pywrappers.f"
        Constructing wrapper function "pes"...
          p,g,d = pes(x,igrad)
    Generating possibly empty wrappers"
    Maybe empty "CH4O_LEP_1995-f2pywrappers.f"
        Constructing wrapper function "pot"...
          pot()
    Generating possibly empty wrappers"
    Maybe empty "CH4O_LEP_1995-f2pywrappers.f"
        Constructing wrapper function "coorden"...
          coorden()
    Generating possibly empty wrappers"
    Maybe empty "CH4O_LEP_1995-f2pywrappers.f"
        Constructing wrapper function "refangles"...
          refangles()
		Constructing COMMON block support for "usrocm"...
		  pengygs,pengyes
		Constructing COMMON block support for "usricm"...
		  cart,anuzero
		Constructing COMMON block support for "pt1cm"...
		  r,engygs,degsdr
		Constructing COMMON block support for "pt3cm"...
		  ezero
		Constructing COMMON block support for "pt4cm"...
		  engyes,deesdr
		Constructing COMMON block support for "pt5cm"...
		  engyij,deijdr
		Constructing COMMON block support for "infocm"...
		  cartnu,indexes
		Constructing COMMON block support for "potcm"...
		  nnc,nnb,nnh
		Constructing COMMON block support for "angles"...
		  theta0,dtheta0
		Constructing COMMON block support for "bonds"...
		  rcb,rch,rbh
		Constructing COMMON block support for "coords"...
		  tcb,tch,tbh
		Constructing COMMON block support for "delta1"...
		  fdelta,hdelta
		Constructing COMMON block support for "delta2"...
		  dfdelta,dhdelta
		Constructing COMMON block support for "force1"...
		  fk0,f1,dfdc,dfdh
		Constructing COMMON block support for "fsw1"...
		  a1s,b1s,a2s,b2s
		Constructing COMMON block support for "ip1"...
		  s1,ds1,s2,ds2
		Constructing COMMON block support for "ndx"...
		  nc,nhb,nh
		Constructing COMMON block support for "op1"...
		  s3,ds3
		Constructing COMMON block support for "qpdot_pl"...
		  q,pdot
		Constructing COMMON block support for "switch1"...
		  sphi,dsphi,stheta,dstheta
    Wrote C/API module "CH4O_LEP_1995" to file "/tmp/tmpx6txrhh9/src.linux-x86_64-3.11/CH4O_LEP_1995module.c"
    Fortran 77 wrappers are saved to "/tmp/tmpx6txrhh9/src.linux-x86_64-3.11/CH4O_LEP_1995-f2pywrappers.f"
INFO:   adding '/tmp/tmpx6txrhh9/src.linux-x86_64-3.11/fortranobject.c' to sources.
INFO:   adding '/tmp/tmpx6txrhh9/src.linux-x86_64-3.11' to include_dirs.
copying /home/truhlard/shuxx055/anaconda3/envs/chempotpy/lib/python3.11/site-packages/numpy/f2py/src/fortranobject.c -> /tmp/tmpx6txrhh9/src.linux-x86_64-3.11
copying /home/truhlard/shuxx055/anaconda3/envs/chempotpy/lib/python3.11/site-packages/numpy/f2py/src/fortranobject.h -> /tmp/tmpx6txrhh9/src.linux-x86_64-3.11
INFO:   adding '/tmp/tmpx6txrhh9/src.linux-x86_64-3.11/CH4O_LEP_1995-f2pywrappers.f' to sources.
INFO: build_src: building npy-pkg config files
running build_ext
INFO: customize UnixCCompiler
INFO: customize UnixCCompiler using build_ext
INFO: get_default_fcompiler: matching types: '['arm', 'gnu95', 'intel', 'lahey', 'pg', 'nv', 'absoft', 'nag', 'vast', 'compaq', 'intele', 'intelem', 'gnu', 'g95', 'pathf95', 'nagfor', 'fujitsu']'
INFO: customize ArmFlangCompiler
WARN: Could not locate executable armflang
INFO: customize Gnu95FCompiler
INFO: Found executable /home/truhlard/shuxx055/anaconda3/envs/chempotpy/bin/gfortran
INFO: customize Gnu95FCompiler
INFO: customize Gnu95FCompiler using build_ext
INFO: building 'CH4O_LEP_1995' extension
INFO: compiling C sources
INFO: C compiler: gcc -pthread -B /home/truhlard/shuxx055/anaconda3/envs/chempotpy/compiler_compat -DNDEBUG -fwrapv -O2 -Wall -fPIC -O2 -isystem /home/truhlard/shuxx055/anaconda3/envs/chempotpy/include -fPIC -O2 -isystem /home/truhlard/shuxx055/anaconda3/envs/chempotpy/include -fPIC

creating /tmp/tmpx6txrhh9/tmp
creating /tmp/tmpx6txrhh9/tmp/tmpx6txrhh9
creating /tmp/tmpx6txrhh9/tmp/tmpx6txrhh9/src.linux-x86_64-3.11
INFO: compile options: '-DNPY_DISABLE_OPTIMIZATION=1 -I/tmp/tmpx6txrhh9/src.linux-x86_64-3.11 -I/home/truhlard/shuxx055/anaconda3/envs/chempotpy/lib/python3.11/site-packages/numpy/core/include -I/home/truhlard/shuxx055/anaconda3/envs/chempotpy/include/python3.11 -c'
INFO: gcc: /tmp/tmpx6txrhh9/src.linux-x86_64-3.11/CH4O_LEP_1995module.c
INFO: gcc: /tmp/tmpx6txrhh9/src.linux-x86_64-3.11/fortranobject.c
INFO: compiling Fortran sources
INFO: Fortran f77 compiler: /home/truhlard/shuxx055/anaconda3/envs/chempotpy/bin/gfortran -Wall -g -ffixed-form -fno-second-underscore -fPIC -O3 -funroll-loops
Fortran f90 compiler: /home/truhlard/shuxx055/anaconda3/envs/chempotpy/bin/gfortran -fallow-argument-mismatch -std=legacy -fPIC -O3 -funroll-loops
Fortran fix compiler: /home/truhlard/shuxx055/anaconda3/envs/chempotpy/bin/gfortran -Wall -g -ffixed-form -fno-second-underscore -fallow-argument-mismatch -std=legacy -fPIC -O3 -funroll-loops
INFO: compile options: '-I/tmp/tmpx6txrhh9/src.linux-x86_64-3.11 -I/home/truhlard/shuxx055/anaconda3/envs/chempotpy/lib/python3.11/site-packages/numpy/core/include -I/home/truhlard/shuxx055/anaconda3/envs/chempotpy/include/python3.11 -c'
INFO: gfortran:fix: CH4O_LEP_1995.f90
INFO: gfortran:f77: /tmp/tmpx6txrhh9/src.linux-x86_64-3.11/CH4O_LEP_1995-f2pywrappers.f
INFO: /home/truhlard/shuxx055/anaconda3/envs/chempotpy/bin/gfortran -Wall -g -Wall -g -shared /tmp/tmpx6txrhh9/tmp/tmpx6txrhh9/src.linux-x86_64-3.11/CH4O_LEP_1995module.o /tmp/tmpx6txrhh9/tmp/tmpx6txrhh9/src.linux-x86_64-3.11/fortranobject.o /tmp/tmpx6txrhh9/CH4O_LEP_1995.o /tmp/tmpx6txrhh9/tmp/tmpx6txrhh9/src.linux-x86_64-3.11/CH4O_LEP_1995-f2pywrappers.o -L/panfs/jay/groups/16/truhlard/shuxx055/anaconda3/envs/chempotpy/bin/../lib/gcc/x86_64-conda-linux-gnu/13.1.0/../../../../x86_64-conda-linux-gnu/lib/../lib -L/panfs/jay/groups/16/truhlard/shuxx055/anaconda3/envs/chempotpy/bin/../lib/gcc/x86_64-conda-linux-gnu/13.1.0/../../../../x86_64-conda-linux-gnu/lib/../lib -lgfortran -o ./CH4O_LEP_1995.cpython-311-x86_64-linux-gnu.so
Removing build directory /tmp/tmpx6txrhh9
