running build
running config_cc
INFO: unifing config_cc, config, build_clib, build_ext, build commands --compiler options
running config_fc
INFO: unifing config_fc, config, build_clib, build_ext, build commands --fcompiler options
running build_src
INFO: build_src
INFO: building extension "NO2_2Ap_PIPNN" sources
INFO: f2py options: []
INFO: f2py:> /tmp/tmp88g8t6bt/src.linux-x86_64-3.11/NO2_2Ap_PIPNNmodule.c
creating /tmp/tmp88g8t6bt/src.linux-x86_64-3.11
Reading fortran codes...
	Reading file 'NO2_2Ap_PIPNN.f90' (format:free)
Post-processing...
	Block: NO2_2Ap_PIPNN
			Block: nnparam
In: :NO2_2Ap_PIPNN:NO2_2Ap_PIPNN.f90:nnparam
get_parameters: got "eval() arg 1 must be a string, bytes or code object" on 4
In: :NO2_2Ap_PIPNN:NO2_2Ap_PIPNN.f90:nnparam
get_parameters: got "eval() arg 1 must be a string, bytes or code object" on 4
			Block: pes
In: :NO2_2Ap_PIPNN:NO2_2Ap_PIPNN.f90:pes
get_parameters: got "eval() arg 1 must be a string, bytes or code object" on 4
In: :NO2_2Ap_PIPNN:NO2_2Ap_PIPNN.f90:pes
get_parameters: got "eval() arg 1 must be a string, bytes or code object" on 4
In: :NO2_2Ap_PIPNN:NO2_2Ap_PIPNN.f90:pes
get_parameters: got "eval() arg 1 must be a string, bytes or code object" on 4
			Block: evvdvdx
In: :NO2_2Ap_PIPNN:NO2_2Ap_PIPNN.f90:evvdvdx
get_parameters: got "eval() arg 1 must be a string, bytes or code object" on 4
In: :NO2_2Ap_PIPNN:NO2_2Ap_PIPNN.f90:evvdvdx
get_parameters: got "eval() arg 1 must be a string, bytes or code object" on 4
In: :NO2_2Ap_PIPNN:NO2_2Ap_PIPNN.f90:evvdvdx
get_parameters: got "eval() arg 1 must be a string, bytes or code object" on 4
			Block: pes_init
In: :NO2_2Ap_PIPNN:NO2_2Ap_PIPNN.f90:pes_init
get_parameters: got "eval() arg 1 must be a string, bytes or code object" on 4
In: :NO2_2Ap_PIPNN:NO2_2Ap_PIPNN.f90:pes_init
get_parameters: got "eval() arg 1 must be a string, bytes or code object" on 4
In: :NO2_2Ap_PIPNN:NO2_2Ap_PIPNN.f90:pes_init
get_parameters: got "eval() arg 1 must be a string, bytes or code object" on 4
			Block: pot3a
In: :NO2_2Ap_PIPNN:NO2_2Ap_PIPNN.f90:pot3a
get_parameters: got "eval() arg 1 must be a string, bytes or code object" on 4
In: :NO2_2Ap_PIPNN:NO2_2Ap_PIPNN.f90:pot3a
get_parameters: got "eval() arg 1 must be a string, bytes or code object" on 4
In: :NO2_2Ap_PIPNN:NO2_2Ap_PIPNN.f90:pot3a
get_parameters: got "eval() arg 1 must be a string, bytes or code object" on 4
			Block: tranfun
			Block: logsig
			Block: bemsav
			Block: evmono
			Block: evpoly
			Block: evdvdx
In: :NO2_2Ap_PIPNN:NO2_2Ap_PIPNN.f90:evdvdx
get_parameters: got "eval() arg 1 must be a string, bytes or code object" on 4
In: :NO2_2Ap_PIPNN:NO2_2Ap_PIPNN.f90:evdvdx
get_parameters: got "eval() arg 1 must be a string, bytes or code object" on 4
In: :NO2_2Ap_PIPNN:NO2_2Ap_PIPNN.f90:evdvdx
get_parameters: got "eval() arg 1 must be a string, bytes or code object" on 4
			Block: evdvdr
In: :NO2_2Ap_PIPNN:NO2_2Ap_PIPNN.f90:evdvdr
get_parameters: got "eval() arg 1 must be a string, bytes or code object" on 4
In: :NO2_2Ap_PIPNN:NO2_2Ap_PIPNN.f90:evdvdr
get_parameters: got "eval() arg 1 must be a string, bytes or code object" on 4
In: :NO2_2Ap_PIPNN:NO2_2Ap_PIPNN.f90:evdvdr
get_parameters: got "eval() arg 1 must be a string, bytes or code object" on 4
			Block: evdrdx
In: :NO2_2Ap_PIPNN:NO2_2Ap_PIPNN.f90:evdrdx
get_parameters: got "eval() arg 1 must be a string, bytes or code object" on 4
In: :NO2_2Ap_PIPNN:NO2_2Ap_PIPNN.f90:evdrdx
get_parameters: got "eval() arg 1 must be a string, bytes or code object" on 4
In: :NO2_2Ap_PIPNN:NO2_2Ap_PIPNN.f90:evdrdx
get_parameters: got "eval() arg 1 must be a string, bytes or code object" on 4
			Block: evdmsdr
In: :NO2_2Ap_PIPNN:NO2_2Ap_PIPNN.f90:evdmsdr
get_parameters: got "eval() arg 1 must be a string, bytes or code object" on 4
In: :NO2_2Ap_PIPNN:NO2_2Ap_PIPNN.f90:evdmsdr
get_parameters: got "eval() arg 1 must be a string, bytes or code object" on 4
In: :NO2_2Ap_PIPNN:NO2_2Ap_PIPNN.f90:evdmsdr
get_parameters: got "eval() arg 1 must be a string, bytes or code object" on 4
			Block: evdmdr
In: :NO2_2Ap_PIPNN:NO2_2Ap_PIPNN.f90:evdmdr
get_parameters: got "eval() arg 1 must be a string, bytes or code object" on 4
In: :NO2_2Ap_PIPNN:NO2_2Ap_PIPNN.f90:evdmdr
get_parameters: got "eval() arg 1 must be a string, bytes or code object" on 4
In: :NO2_2Ap_PIPNN:NO2_2Ap_PIPNN.f90:evdmdr
get_parameters: got "eval() arg 1 must be a string, bytes or code object" on 4
			Block: evdpdr
In: :NO2_2Ap_PIPNN:NO2_2Ap_PIPNN.f90:evdpdr
get_parameters: got "eval() arg 1 must be a string, bytes or code object" on 4
In: :NO2_2Ap_PIPNN:NO2_2Ap_PIPNN.f90:evdpdr
get_parameters: got "eval() arg 1 must be a string, bytes or code object" on 4
In: :NO2_2Ap_PIPNN:NO2_2Ap_PIPNN.f90:evdpdr
get_parameters: got "eval() arg 1 must be a string, bytes or code object" on 4
			Block: patchfunc
In: :NO2_2Ap_PIPNN:NO2_2Ap_PIPNN.f90:patchfunc
get_parameters: got "eval() arg 1 must be a string, bytes or code object" on 4
In: :NO2_2Ap_PIPNN:NO2_2Ap_PIPNN.f90:patchfunc
get_parameters: got "eval() arg 1 must be a string, bytes or code object" on 4
In: :NO2_2Ap_PIPNN:NO2_2Ap_PIPNN.f90:patchfunc
get_parameters: got "eval() arg 1 must be a string, bytes or code object" on 4
Applying post-processing hooks...
  character_backward_compatibility_hook
Post-processing (stage 2)...
	Block: NO2_2Ap_PIPNN
		Block: unknown_interface
			Block: nnparam
			Block: pes
			Block: evvdvdx
			Block: pes_init
			Block: pot3a
			Block: tranfun
			Block: logsig
			Block: bemsav
			Block: evmono
			Block: evpoly
			Block: evdvdx
			Block: evdvdr
			Block: evdrdx
			Block: evdmsdr
			Block: evdmdr
			Block: evdpdr
			Block: patchfunc
Building modules...
    Building module "NO2_2Ap_PIPNN"...
    Generating possibly empty wrappers"
    Maybe empty "NO2_2Ap_PIPNN-f2pywrappers.f"
        Constructing wrapper function "pes"...
          p,g,d = pes(x,igrad,path)
    Generating possibly empty wrappers"
    Maybe empty "NO2_2Ap_PIPNN-f2pywrappers.f"
        Constructing wrapper function "evvdvdx"...
          evvdvdx(xcart,v,vpes,dvdxa,dvdx,ndriv)
    Generating possibly empty wrappers"
    Maybe empty "NO2_2Ap_PIPNN-f2pywrappers.f"
        Constructing wrapper function "pes_init"...
          pes_init(path)
    Generating possibly empty wrappers"
    Maybe empty "NO2_2Ap_PIPNN-f2pywrappers.f"
        Constructing wrapper function "pot3a"...
          pot3a(x,vpot3,dvdg,ndriv)
    Generating possibly empty wrappers"
    Maybe empty "NO2_2Ap_PIPNN-f2pywrappers.f"
		Creating wrapper for Fortran function "tranfun"("tranfun")...
        Constructing wrapper function "tranfun"...
          tranfun = tranfun(x,ifunc)
    Generating possibly empty wrappers"
    Maybe empty "NO2_2Ap_PIPNN-f2pywrappers.f"
		Creating wrapper for Fortran function "logsig"("logsig")...
        Constructing wrapper function "logsig"...
          logsig = logsig(x)
    Generating possibly empty wrappers"
    Maybe empty "NO2_2Ap_PIPNN-f2pywrappers.f"
        Constructing wrapper function "bemsav"...
          bemsav(xmorse,m,p)
    Generating possibly empty wrappers"
    Maybe empty "NO2_2Ap_PIPNN-f2pywrappers.f"
        Constructing wrapper function "evmono"...
          evmono(x,m)
    Generating possibly empty wrappers"
    Maybe empty "NO2_2Ap_PIPNN-f2pywrappers.f"
        Constructing wrapper function "evpoly"...
          evpoly(m,p)
    Generating possibly empty wrappers"
    Maybe empty "NO2_2Ap_PIPNN-f2pywrappers.f"
        Constructing wrapper function "evdvdx"...
          evdvdx(dvdg,dpdr,drdx,dvdxa,dvdx,dvpfdr)
    Generating possibly empty wrappers"
    Maybe empty "NO2_2Ap_PIPNN-f2pywrappers.f"
        Constructing wrapper function "evdvdr"...
          evdvdr(r,c,m,p,dpdr)
    Generating possibly empty wrappers"
    Maybe empty "NO2_2Ap_PIPNN-f2pywrappers.f"
        Constructing wrapper function "evdrdx"...
          evdrdx(xcart,r,x,drdx)
    Generating possibly empty wrappers"
    Maybe empty "NO2_2Ap_PIPNN-f2pywrappers.f"
        Constructing wrapper function "evdmsdr"...
          evdmsdr(r,dmsdr)
    Generating possibly empty wrappers"
    Maybe empty "NO2_2Ap_PIPNN-f2pywrappers.f"
        Constructing wrapper function "evdmdr"...
          evdmdr(m,dmsdr,dmdr)
    Generating possibly empty wrappers"
    Maybe empty "NO2_2Ap_PIPNN-f2pywrappers.f"
        Constructing wrapper function "evdpdr"...
          evdpdr(p,dmdr,dpdr)
    Generating possibly empty wrappers"
    Maybe empty "NO2_2Ap_PIPNN-f2pywrappers.f"
        Constructing wrapper function "patchfunc"...
          patchfunc(r,vpf,dvpfdr,igrad)
		Constructing F90 module support for "nnparam"...
		  Variables: alpha pi natom npes nbond ninput noutput nscale nhid3 nlayer3 ifunc3 nwe3 nodemax3 nodes3a weight3a bias3a
getarrdims:warning: assumed shape array, using 0 instead of ':'
getarrdims:warning: assumed shape array, using 0 instead of ':'
getarrdims:warning: assumed shape array, using 0 instead of ':'
getarrdims:warning: assumed shape array, using 0 instead of ':'
getarrdims:warning: assumed shape array, using 0 instead of ':'
getarrdims:warning: assumed shape array, using 0 instead of ':'
getarrdims:warning: assumed shape array, using 0 instead of ':'
getarrdims:warning: assumed shape array, using 0 instead of ':'
    Wrote C/API module "NO2_2Ap_PIPNN" to file "/tmp/tmp88g8t6bt/src.linux-x86_64-3.11/NO2_2Ap_PIPNNmodule.c"
    Fortran 77 wrappers are saved to "/tmp/tmp88g8t6bt/src.linux-x86_64-3.11/NO2_2Ap_PIPNN-f2pywrappers.f"
    Fortran 90 wrappers are saved to "/tmp/tmp88g8t6bt/src.linux-x86_64-3.11/NO2_2Ap_PIPNN-f2pywrappers2.f90"
INFO:   adding '/tmp/tmp88g8t6bt/src.linux-x86_64-3.11/fortranobject.c' to sources.
INFO:   adding '/tmp/tmp88g8t6bt/src.linux-x86_64-3.11' to include_dirs.
copying /home/truhlard/shuxx055/anaconda3/envs/chempotpy/lib/python3.11/site-packages/numpy/f2py/src/fortranobject.c -> /tmp/tmp88g8t6bt/src.linux-x86_64-3.11
copying /home/truhlard/shuxx055/anaconda3/envs/chempotpy/lib/python3.11/site-packages/numpy/f2py/src/fortranobject.h -> /tmp/tmp88g8t6bt/src.linux-x86_64-3.11
INFO:   adding '/tmp/tmp88g8t6bt/src.linux-x86_64-3.11/NO2_2Ap_PIPNN-f2pywrappers.f' to sources.
INFO:   adding '/tmp/tmp88g8t6bt/src.linux-x86_64-3.11/NO2_2Ap_PIPNN-f2pywrappers2.f90' to sources.
INFO: build_src: building npy-pkg config files
running build_ext
INFO: customize UnixCCompiler
INFO: customize UnixCCompiler using build_ext
INFO: get_default_fcompiler: matching types: '['arm', 'gnu95', 'intel', 'lahey', 'pg', 'nv', 'absoft', 'nag', 'vast', 'compaq', 'intele', 'intelem', 'gnu', 'g95', 'pathf95', 'nagfor', 'fujitsu']'
INFO: customize ArmFlangCompiler
WARN: Could not locate executable armflang
INFO: customize Gnu95FCompiler
INFO: Found executable /home/truhlard/shuxx055/anaconda3/envs/chempotpy/bin/gfortran
INFO: customize Gnu95FCompiler
INFO: customize Gnu95FCompiler using build_ext
INFO: building 'NO2_2Ap_PIPNN' extension
INFO: compiling C sources
INFO: C compiler: gcc -pthread -B /home/truhlard/shuxx055/anaconda3/envs/chempotpy/compiler_compat -DNDEBUG -fwrapv -O2 -Wall -fPIC -O2 -isystem /home/truhlard/shuxx055/anaconda3/envs/chempotpy/include -fPIC -O2 -isystem /home/truhlard/shuxx055/anaconda3/envs/chempotpy/include -fPIC

creating /tmp/tmp88g8t6bt/tmp
creating /tmp/tmp88g8t6bt/tmp/tmp88g8t6bt
creating /tmp/tmp88g8t6bt/tmp/tmp88g8t6bt/src.linux-x86_64-3.11
INFO: compile options: '-DNPY_DISABLE_OPTIMIZATION=1 -I/tmp/tmp88g8t6bt/src.linux-x86_64-3.11 -I/home/truhlard/shuxx055/anaconda3/envs/chempotpy/lib/python3.11/site-packages/numpy/core/include -I/home/truhlard/shuxx055/anaconda3/envs/chempotpy/include/python3.11 -c'
INFO: gcc: /tmp/tmp88g8t6bt/src.linux-x86_64-3.11/NO2_2Ap_PIPNNmodule.c
INFO: gcc: /tmp/tmp88g8t6bt/src.linux-x86_64-3.11/fortranobject.c
