running build
running config_cc
INFO: unifing config_cc, config, build_clib, build_ext, build commands --compiler options
running config_fc
INFO: unifing config_fc, config, build_clib, build_ext, build commands --fcompiler options
running build_src
INFO: build_src
INFO: building extension "H3_GEN_A4_2002" sources
INFO: f2py options: []
INFO: f2py:> /tmp/tmpjycqsyc7/src.linux-x86_64-3.11/H3_GEN_A4_2002module.c
creating /tmp/tmpjycqsyc7/src.linux-x86_64-3.11
Reading fortran codes...
	Reading file 'H3_GEN_A4_2002.f' (format:fix,strict)
crackline: groupcounter=1 groupname={0: '', 1: 'module', 2: 'subroutine', 3: 'subroutine'}
crackline: Mismatch of blocks encountered. Trying to fix it by assuming "end" statement.
Post-processing...
	Block: H3_GEN_A4_2002
			Block: pes
		Block: prepot
		Block: prepota4
In: :H3_GEN_A4_2002:prepota4
get_useparameters: no module a4data info used by prepota4
{}
In: :H3_GEN_A4_2002:indexa3
vars2fortran: No typespec for argument "mbig".
{}
In: :H3_GEN_A4_2002:indexa3
vars2fortran: No typespec for argument "mtop".
		Block: indexa3
		Block: trip
		Block: singlet
Applying post-processing hooks...
  character_backward_compatibility_hook
Post-processing (stage 2)...
Building modules...
    Building module "H3_GEN_A4_2002"...
    Generating possibly empty wrappers"
    Maybe empty "H3_GEN_A4_2002-f2pywrappers.f"
        Constructing wrapper function "pes"...
          p,g,d = pes(x,igrad)
		Constructing COMMON block support for "indy"...
		  iind,jind,kind,ipar,maxi,maxi2
    Wrote C/API module "H3_GEN_A4_2002" to file "/tmp/tmpjycqsyc7/src.linux-x86_64-3.11/H3_GEN_A4_2002module.c"
    Fortran 77 wrappers are saved to "/tmp/tmpjycqsyc7/src.linux-x86_64-3.11/H3_GEN_A4_2002-f2pywrappers.f"
INFO:   adding '/tmp/tmpjycqsyc7/src.linux-x86_64-3.11/fortranobject.c' to sources.
INFO:   adding '/tmp/tmpjycqsyc7/src.linux-x86_64-3.11' to include_dirs.
copying /home/truhlard/shuxx055/anaconda3/envs/chempotpy/lib/python3.11/site-packages/numpy/f2py/src/fortranobject.c -> /tmp/tmpjycqsyc7/src.linux-x86_64-3.11
copying /home/truhlard/shuxx055/anaconda3/envs/chempotpy/lib/python3.11/site-packages/numpy/f2py/src/fortranobject.h -> /tmp/tmpjycqsyc7/src.linux-x86_64-3.11
INFO:   adding '/tmp/tmpjycqsyc7/src.linux-x86_64-3.11/H3_GEN_A4_2002-f2pywrappers.f' to sources.
INFO: build_src: building npy-pkg config files
running build_ext
INFO: customize UnixCCompiler
INFO: customize UnixCCompiler using build_ext
INFO: get_default_fcompiler: matching types: '['arm', 'gnu95', 'intel', 'lahey', 'pg', 'nv', 'absoft', 'nag', 'vast', 'compaq', 'intele', 'intelem', 'gnu', 'g95', 'pathf95', 'nagfor', 'fujitsu']'
INFO: customize ArmFlangCompiler
WARN: Could not locate executable armflang
INFO: customize Gnu95FCompiler
INFO: Found executable /home/truhlard/shuxx055/anaconda3/envs/chempotpy/bin/gfortran
INFO: customize Gnu95FCompiler
INFO: customize Gnu95FCompiler using build_ext
INFO: building 'H3_GEN_A4_2002' extension
INFO: compiling C sources
INFO: C compiler: gcc -pthread -B /home/truhlard/shuxx055/anaconda3/envs/chempotpy/compiler_compat -DNDEBUG -fwrapv -O2 -Wall -fPIC -O2 -isystem /home/truhlard/shuxx055/anaconda3/envs/chempotpy/include -fPIC -O2 -isystem /home/truhlard/shuxx055/anaconda3/envs/chempotpy/include -fPIC

creating /tmp/tmpjycqsyc7/tmp
creating /tmp/tmpjycqsyc7/tmp/tmpjycqsyc7
creating /tmp/tmpjycqsyc7/tmp/tmpjycqsyc7/src.linux-x86_64-3.11
INFO: compile options: '-DNPY_DISABLE_OPTIMIZATION=1 -I/tmp/tmpjycqsyc7/src.linux-x86_64-3.11 -I/home/truhlard/shuxx055/anaconda3/envs/chempotpy/lib/python3.11/site-packages/numpy/core/include -I/home/truhlard/shuxx055/anaconda3/envs/chempotpy/include/python3.11 -c'
INFO: gcc: /tmp/tmpjycqsyc7/src.linux-x86_64-3.11/H3_GEN_A4_2002module.c
INFO: gcc: /tmp/tmpjycqsyc7/src.linux-x86_64-3.11/fortranobject.c
INFO: compiling Fortran sources
INFO: Fortran f77 compiler: /home/truhlard/shuxx055/anaconda3/envs/chempotpy/bin/gfortran -fallow-argument-mismatch -std=legacy -fPIC -O3 -funroll-loops
Fortran f90 compiler: /home/truhlard/shuxx055/anaconda3/envs/chempotpy/bin/gfortran -Wall -g -fno-second-underscore -fPIC -O3 -funroll-loops
Fortran fix compiler: /home/truhlard/shuxx055/anaconda3/envs/chempotpy/bin/gfortran -Wall -g -ffixed-form -fno-second-underscore -Wall -g -fno-second-underscore -fPIC -O3 -funroll-loops
INFO: compile options: '-I/tmp/tmpjycqsyc7/src.linux-x86_64-3.11 -I/home/truhlard/shuxx055/anaconda3/envs/chempotpy/lib/python3.11/site-packages/numpy/core/include -I/home/truhlard/shuxx055/anaconda3/envs/chempotpy/include/python3.11 -c'
INFO: gfortran:f77: H3_GEN_A4_2002.f
INFO: gfortran:f77: /tmp/tmpjycqsyc7/src.linux-x86_64-3.11/H3_GEN_A4_2002-f2pywrappers.f
INFO: /home/truhlard/shuxx055/anaconda3/envs/chempotpy/bin/gfortran -Wall -g -Wall -g -shared /tmp/tmpjycqsyc7/tmp/tmpjycqsyc7/src.linux-x86_64-3.11/H3_GEN_A4_2002module.o /tmp/tmpjycqsyc7/tmp/tmpjycqsyc7/src.linux-x86_64-3.11/fortranobject.o /tmp/tmpjycqsyc7/H3_GEN_A4_2002.o /tmp/tmpjycqsyc7/tmp/tmpjycqsyc7/src.linux-x86_64-3.11/H3_GEN_A4_2002-f2pywrappers.o -L/panfs/jay/groups/16/truhlard/shuxx055/anaconda3/envs/chempotpy/bin/../lib/gcc/x86_64-conda-linux-gnu/13.1.0/../../../../x86_64-conda-linux-gnu/lib/../lib -L/panfs/jay/groups/16/truhlard/shuxx055/anaconda3/envs/chempotpy/bin/../lib/gcc/x86_64-conda-linux-gnu/13.1.0/../../../../x86_64-conda-linux-gnu/lib/../lib -lgfortran -o ./H3_GEN_A4_2002.cpython-311-x86_64-linux-gnu.so
Removing build directory /tmp/tmpjycqsyc7
