running build
running config_cc
INFO: unifing config_cc, config, build_clib, build_ext, build commands --compiler options
running config_fc
INFO: unifing config_fc, config, build_clib, build_ext, build commands --fcompiler options
running build_src
INFO: build_src
INFO: building extension "ALC6m0_LEPS_ModelSurface" sources
INFO: f2py options: []
INFO: f2py:> /tmp/tmpfboo1dn0/src.linux-x86_64-3.11/ALC6m0_LEPS_ModelSurfacemodule.c
creating /tmp/tmpfboo1dn0/src.linux-x86_64-3.11
Reading fortran codes...
	Reading file 'ALC6m0_LEPS_ModelSurface.f' (format:fix,strict)
Line #190 in ALC6m0_LEPS_ModelSurface.f:"         PARAMETER (CKCAL = 627.5095D0)"
	get_parameters: got "eval() arg 1 must be a string, bytes or code object" on 4
Line #191 in ALC6m0_LEPS_ModelSurface.f:"         PARAMETER (CANGS =   0.529177106D0)"
	get_parameters: got "eval() arg 1 must be a string, bytes or code object" on 4
Line #191 in ALC6m0_LEPS_ModelSurface.f:"         PARAMETER (CANGS =   0.529177106D0)"
	get_parameters: got "eval() arg 1 must be a string, bytes or code object" on 4
Line #355 in ALC6m0_LEPS_ModelSurface.f:"      PARAMETER (PI = 3.141592653589793D0)"
	get_parameters: got "eval() arg 1 must be a string, bytes or code object" on 4
Line #525 in ALC6m0_LEPS_ModelSurface.f:"      PARAMETER(        PI = 3.141592653589793D0)"
	get_parameters: got "eval() arg 1 must be a string, bytes or code object" on 4
Line #526 in ALC6m0_LEPS_ModelSurface.f:"      PARAMETER(    CLIGHT = 2.99792458D08)"
	get_parameters: got "eval() arg 1 must be a string, bytes or code object" on 4
Line #526 in ALC6m0_LEPS_ModelSurface.f:"      PARAMETER(    CLIGHT = 2.99792458D08)"
	get_parameters: got "eval() arg 1 must be a string, bytes or code object" on 4
Line #527 in ALC6m0_LEPS_ModelSurface.f:"      PARAMETER(     CMU_0 = 4.0D0*PI*1.0D-07)"
	get_parameters: got "eval() arg 1 must be a string, bytes or code object" on 4
Line #527 in ALC6m0_LEPS_ModelSurface.f:"      PARAMETER(     CMU_0 = 4.0D0*PI*1.0D-07)"
	get_parameters: got "eval() arg 1 must be a string, bytes or code object" on 4
Line #527 in ALC6m0_LEPS_ModelSurface.f:"      PARAMETER(     CMU_0 = 4.0D0*PI*1.0D-07)"
	get_parameters: got "eval() arg 1 must be a string, bytes or code object" on 4
Line #528 in ALC6m0_LEPS_ModelSurface.f:"      PARAMETER(CEPSILON_0 = 1.0D0/(CMU_0*CLIGHT**2))"
	get_parameters: got "eval() arg 1 must be a string, bytes or code object" on 4
Line #528 in ALC6m0_LEPS_ModelSurface.f:"      PARAMETER(CEPSILON_0 = 1.0D0/(CMU_0*CLIGHT**2))"
	get_parameters: got "eval() arg 1 must be a string, bytes or code object" on 4
Line #528 in ALC6m0_LEPS_ModelSurface.f:"      PARAMETER(CEPSILON_0 = 1.0D0/(CMU_0*CLIGHT**2))"
	get_parameters: got "eval() arg 1 must be a string, bytes or code object" on 4
Line #528 in ALC6m0_LEPS_ModelSurface.f:"      PARAMETER(CEPSILON_0 = 1.0D0/(CMU_0*CLIGHT**2))"
	determineexprtype: could not determine expressions ('1.0d0/(cmu_0*clight**2)') type.
Line #529 in ALC6m0_LEPS_ModelSurface.f:"      PARAMETER(        CE = 1.602176462D-19)"
	get_parameters: got "eval() arg 1 must be a string, bytes or code object" on 4
Line #529 in ALC6m0_LEPS_ModelSurface.f:"      PARAMETER(        CE = 1.602176462D-19)"
	get_parameters: got "eval() arg 1 must be a string, bytes or code object" on 4
Line #529 in ALC6m0_LEPS_ModelSurface.f:"      PARAMETER(        CE = 1.602176462D-19)"
	get_parameters: got "eval() arg 1 must be a string, bytes or code object" on 4
Line #530 in ALC6m0_LEPS_ModelSurface.f:"      PARAMETER(   CPLANCK = 6.62606876D-34)"
	get_parameters: got "eval() arg 1 must be a string, bytes or code object" on 4
Line #530 in ALC6m0_LEPS_ModelSurface.f:"      PARAMETER(   CPLANCK = 6.62606876D-34)"
	get_parameters: got "eval() arg 1 must be a string, bytes or code object" on 4
Line #530 in ALC6m0_LEPS_ModelSurface.f:"      PARAMETER(   CPLANCK = 6.62606876D-34)"
	get_parameters: got "eval() arg 1 must be a string, bytes or code object" on 4
Line #530 in ALC6m0_LEPS_ModelSurface.f:"      PARAMETER(   CPLANCK = 6.62606876D-34)"
	get_parameters: got "eval() arg 1 must be a string, bytes or code object" on 4
Line #531 in ALC6m0_LEPS_ModelSurface.f:"      PARAMETER(      CM_E = 9.10938188D-31)"
	get_parameters: got "eval() arg 1 must be a string, bytes or code object" on 4
Line #531 in ALC6m0_LEPS_ModelSurface.f:"      PARAMETER(      CM_E = 9.10938188D-31)"
	get_parameters: got "eval() arg 1 must be a string, bytes or code object" on 4
Line #531 in ALC6m0_LEPS_ModelSurface.f:"      PARAMETER(      CM_E = 9.10938188D-31)"
	get_parameters: got "eval() arg 1 must be a string, bytes or code object" on 4
Line #531 in ALC6m0_LEPS_ModelSurface.f:"      PARAMETER(      CM_E = 9.10938188D-31)"
	get_parameters: got "eval() arg 1 must be a string, bytes or code object" on 4
Line #531 in ALC6m0_LEPS_ModelSurface.f:"      PARAMETER(      CM_E = 9.10938188D-31)"
	get_parameters: got "eval() arg 1 must be a string, bytes or code object" on 4
Line #532 in ALC6m0_LEPS_ModelSurface.f:"      PARAMETER(      CANG = 1.0D-10)"
	get_parameters: got "eval() arg 1 must be a string, bytes or code object" on 4
Line #532 in ALC6m0_LEPS_ModelSurface.f:"      PARAMETER(      CANG = 1.0D-10)"
	get_parameters: got "eval() arg 1 must be a string, bytes or code object" on 4
Line #532 in ALC6m0_LEPS_ModelSurface.f:"      PARAMETER(      CANG = 1.0D-10)"
	get_parameters: got "eval() arg 1 must be a string, bytes or code object" on 4
Line #532 in ALC6m0_LEPS_ModelSurface.f:"      PARAMETER(      CANG = 1.0D-10)"
	get_parameters: got "eval() arg 1 must be a string, bytes or code object" on 4
Line #532 in ALC6m0_LEPS_ModelSurface.f:"      PARAMETER(      CANG = 1.0D-10)"
	get_parameters: got "eval() arg 1 must be a string, bytes or code object" on 4
Line #532 in ALC6m0_LEPS_ModelSurface.f:"      PARAMETER(      CANG = 1.0D-10)"
	get_parameters: got "eval() arg 1 must be a string, bytes or code object" on 4
Line #533 in ALC6m0_LEPS_ModelSurface.f:"      PARAMETER( CAVOGADRO = 6.02214199D23)"
	get_parameters: got "eval() arg 1 must be a string, bytes or code object" on 4
Line #533 in ALC6m0_LEPS_ModelSurface.f:"      PARAMETER( CAVOGADRO = 6.02214199D23)"
	get_parameters: got "eval() arg 1 must be a string, bytes or code object" on 4
Line #533 in ALC6m0_LEPS_ModelSurface.f:"      PARAMETER( CAVOGADRO = 6.02214199D23)"
	get_parameters: got "eval() arg 1 must be a string, bytes or code object" on 4
Line #533 in ALC6m0_LEPS_ModelSurface.f:"      PARAMETER( CAVOGADRO = 6.02214199D23)"
	get_parameters: got "eval() arg 1 must be a string, bytes or code object" on 4
Line #533 in ALC6m0_LEPS_ModelSurface.f:"      PARAMETER( CAVOGADRO = 6.02214199D23)"
	get_parameters: got "eval() arg 1 must be a string, bytes or code object" on 4
Line #533 in ALC6m0_LEPS_ModelSurface.f:"      PARAMETER( CAVOGADRO = 6.02214199D23)"
	get_parameters: got "eval() arg 1 must be a string, bytes or code object" on 4
Line #533 in ALC6m0_LEPS_ModelSurface.f:"      PARAMETER( CAVOGADRO = 6.02214199D23)"
	get_parameters: got "eval() arg 1 must be a string, bytes or code object" on 4
Line #534 in ALC6m0_LEPS_ModelSurface.f:"      PARAMETER(     CKCAL = 4.184D10)"
	get_parameters: got "eval() arg 1 must be a string, bytes or code object" on 4
Line #534 in ALC6m0_LEPS_ModelSurface.f:"      PARAMETER(     CKCAL = 4.184D10)"
	get_parameters: got "eval() arg 1 must be a string, bytes or code object" on 4
Line #534 in ALC6m0_LEPS_ModelSurface.f:"      PARAMETER(     CKCAL = 4.184D10)"
	get_parameters: got "eval() arg 1 must be a string, bytes or code object" on 4
Line #534 in ALC6m0_LEPS_ModelSurface.f:"      PARAMETER(     CKCAL = 4.184D10)"
	get_parameters: got "eval() arg 1 must be a string, bytes or code object" on 4
Line #534 in ALC6m0_LEPS_ModelSurface.f:"      PARAMETER(     CKCAL = 4.184D10)"
	get_parameters: got "eval() arg 1 must be a string, bytes or code object" on 4
Line #534 in ALC6m0_LEPS_ModelSurface.f:"      PARAMETER(     CKCAL = 4.184D10)"
	get_parameters: got "eval() arg 1 must be a string, bytes or code object" on 4
Line #534 in ALC6m0_LEPS_ModelSurface.f:"      PARAMETER(     CKCAL = 4.184D10)"
	get_parameters: got "eval() arg 1 must be a string, bytes or code object" on 4
Line #534 in ALC6m0_LEPS_ModelSurface.f:"      PARAMETER(     CKCAL = 4.184D10)"
	get_parameters: got "eval() arg 1 must be a string, bytes or code object" on 4
Line #535 in ALC6m0_LEPS_ModelSurface.f:"      PARAMETER(  HTOMILLH = 1000.D0)"
	get_parameters: got "eval() arg 1 must be a string, bytes or code object" on 4
Line #535 in ALC6m0_LEPS_ModelSurface.f:"      PARAMETER(  HTOMILLH = 1000.D0)"
	get_parameters: got "eval() arg 1 must be a string, bytes or code object" on 4
Line #535 in ALC6m0_LEPS_ModelSurface.f:"      PARAMETER(  HTOMILLH = 1000.D0)"
	get_parameters: got "eval() arg 1 must be a string, bytes or code object" on 4
Line #535 in ALC6m0_LEPS_ModelSurface.f:"      PARAMETER(  HTOMILLH = 1000.D0)"
	get_parameters: got "eval() arg 1 must be a string, bytes or code object" on 4
Line #535 in ALC6m0_LEPS_ModelSurface.f:"      PARAMETER(  HTOMILLH = 1000.D0)"
	get_parameters: got "eval() arg 1 must be a string, bytes or code object" on 4
Line #535 in ALC6m0_LEPS_ModelSurface.f:"      PARAMETER(  HTOMILLH = 1000.D0)"
	get_parameters: got "eval() arg 1 must be a string, bytes or code object" on 4
Line #535 in ALC6m0_LEPS_ModelSurface.f:"      PARAMETER(  HTOMILLH = 1000.D0)"
	get_parameters: got "eval() arg 1 must be a string, bytes or code object" on 4
Line #535 in ALC6m0_LEPS_ModelSurface.f:"      PARAMETER(  HTOMILLH = 1000.D0)"
	get_parameters: got "eval() arg 1 must be a string, bytes or code object" on 4
Line #535 in ALC6m0_LEPS_ModelSurface.f:"      PARAMETER(  HTOMILLH = 1000.D0)"
	get_parameters: got "eval() arg 1 must be a string, bytes or code object" on 4
Line #536 in ALC6m0_LEPS_ModelSurface.f:"      PARAMETER(     HTOEV = 27.2113834D0)"
	get_parameters: got "eval() arg 1 must be a string, bytes or code object" on 4
Line #536 in ALC6m0_LEPS_ModelSurface.f:"      PARAMETER(     HTOEV = 27.2113834D0)"
	get_parameters: got "eval() arg 1 must be a string, bytes or code object" on 4
Line #536 in ALC6m0_LEPS_ModelSurface.f:"      PARAMETER(     HTOEV = 27.2113834D0)"
	get_parameters: got "eval() arg 1 must be a string, bytes or code object" on 4
Line #536 in ALC6m0_LEPS_ModelSurface.f:"      PARAMETER(     HTOEV = 27.2113834D0)"
	get_parameters: got "eval() arg 1 must be a string, bytes or code object" on 4
Line #536 in ALC6m0_LEPS_ModelSurface.f:"      PARAMETER(     HTOEV = 27.2113834D0)"
	get_parameters: got "eval() arg 1 must be a string, bytes or code object" on 4
Line #536 in ALC6m0_LEPS_ModelSurface.f:"      PARAMETER(     HTOEV = 27.2113834D0)"
	get_parameters: got "eval() arg 1 must be a string, bytes or code object" on 4
Line #536 in ALC6m0_LEPS_ModelSurface.f:"      PARAMETER(     HTOEV = 27.2113834D0)"
	get_parameters: got "eval() arg 1 must be a string, bytes or code object" on 4
Line #536 in ALC6m0_LEPS_ModelSurface.f:"      PARAMETER(     HTOEV = 27.2113834D0)"
	get_parameters: got "eval() arg 1 must be a string, bytes or code object" on 4
Line #536 in ALC6m0_LEPS_ModelSurface.f:"      PARAMETER(     HTOEV = 27.2113834D0)"
	get_parameters: got "eval() arg 1 must be a string, bytes or code object" on 4
Line #536 in ALC6m0_LEPS_ModelSurface.f:"      PARAMETER(     HTOEV = 27.2113834D0)"
	get_parameters: got "eval() arg 1 must be a string, bytes or code object" on 4
Line #537 in ALC6m0_LEPS_ModelSurface.f:"      PARAMETER(   HTOKCAL = 627.509470D0)"
	get_parameters: got "eval() arg 1 must be a string, bytes or code object" on 4
Line #537 in ALC6m0_LEPS_ModelSurface.f:"      PARAMETER(   HTOKCAL = 627.509470D0)"
	get_parameters: got "eval() arg 1 must be a string, bytes or code object" on 4
Line #537 in ALC6m0_LEPS_ModelSurface.f:"      PARAMETER(   HTOKCAL = 627.509470D0)"
	get_parameters: got "eval() arg 1 must be a string, bytes or code object" on 4
Line #537 in ALC6m0_LEPS_ModelSurface.f:"      PARAMETER(   HTOKCAL = 627.509470D0)"
	get_parameters: got "eval() arg 1 must be a string, bytes or code object" on 4
Line #537 in ALC6m0_LEPS_ModelSurface.f:"      PARAMETER(   HTOKCAL = 627.509470D0)"
	get_parameters: got "eval() arg 1 must be a string, bytes or code object" on 4
Line #537 in ALC6m0_LEPS_ModelSurface.f:"      PARAMETER(   HTOKCAL = 627.509470D0)"
	get_parameters: got "eval() arg 1 must be a string, bytes or code object" on 4
Line #537 in ALC6m0_LEPS_ModelSurface.f:"      PARAMETER(   HTOKCAL = 627.509470D0)"
	get_parameters: got "eval() arg 1 must be a string, bytes or code object" on 4
Line #537 in ALC6m0_LEPS_ModelSurface.f:"      PARAMETER(   HTOKCAL = 627.509470D0)"
	get_parameters: got "eval() arg 1 must be a string, bytes or code object" on 4
Line #537 in ALC6m0_LEPS_ModelSurface.f:"      PARAMETER(   HTOKCAL = 627.509470D0)"
	get_parameters: got "eval() arg 1 must be a string, bytes or code object" on 4
Line #537 in ALC6m0_LEPS_ModelSurface.f:"      PARAMETER(   HTOKCAL = 627.509470D0)"
	get_parameters: got "eval() arg 1 must be a string, bytes or code object" on 4
Line #537 in ALC6m0_LEPS_ModelSurface.f:"      PARAMETER(   HTOKCAL = 627.509470D0)"
	get_parameters: got "eval() arg 1 must be a string, bytes or code object" on 4
Line #538 in ALC6m0_LEPS_ModelSurface.f:"      PARAMETER(   HTOWAVE = 219474.631D0)"
	get_parameters: got "eval() arg 1 must be a string, bytes or code object" on 4
Line #538 in ALC6m0_LEPS_ModelSurface.f:"      PARAMETER(   HTOWAVE = 219474.631D0)"
	get_parameters: got "eval() arg 1 must be a string, bytes or code object" on 4
Line #538 in ALC6m0_LEPS_ModelSurface.f:"      PARAMETER(   HTOWAVE = 219474.631D0)"
	get_parameters: got "eval() arg 1 must be a string, bytes or code object" on 4
Line #538 in ALC6m0_LEPS_ModelSurface.f:"      PARAMETER(   HTOWAVE = 219474.631D0)"
	get_parameters: got "eval() arg 1 must be a string, bytes or code object" on 4
Line #538 in ALC6m0_LEPS_ModelSurface.f:"      PARAMETER(   HTOWAVE = 219474.631D0)"
	get_parameters: got "eval() arg 1 must be a string, bytes or code object" on 4
Line #538 in ALC6m0_LEPS_ModelSurface.f:"      PARAMETER(   HTOWAVE = 219474.631D0)"
	get_parameters: got "eval() arg 1 must be a string, bytes or code object" on 4
Line #538 in ALC6m0_LEPS_ModelSurface.f:"      PARAMETER(   HTOWAVE = 219474.631D0)"
	get_parameters: got "eval() arg 1 must be a string, bytes or code object" on 4
Line #538 in ALC6m0_LEPS_ModelSurface.f:"      PARAMETER(   HTOWAVE = 219474.631D0)"
	get_parameters: got "eval() arg 1 must be a string, bytes or code object" on 4
Line #538 in ALC6m0_LEPS_ModelSurface.f:"      PARAMETER(   HTOWAVE = 219474.631D0)"
	get_parameters: got "eval() arg 1 must be a string, bytes or code object" on 4
Line #538 in ALC6m0_LEPS_ModelSurface.f:"      PARAMETER(   HTOWAVE = 219474.631D0)"
	get_parameters: got "eval() arg 1 must be a string, bytes or code object" on 4
Line #538 in ALC6m0_LEPS_ModelSurface.f:"      PARAMETER(   HTOWAVE = 219474.631D0)"
	get_parameters: got "eval() arg 1 must be a string, bytes or code object" on 4
Line #538 in ALC6m0_LEPS_ModelSurface.f:"      PARAMETER(   HTOWAVE = 219474.631D0)"
	get_parameters: got "eval() arg 1 must be a string, bytes or code object" on 4
Line #539 in ALC6m0_LEPS_ModelSurface.f:"      PARAMETER(     HTOKJ = 2625.49962D0)"
	get_parameters: got "eval() arg 1 must be a string, bytes or code object" on 4
Line #539 in ALC6m0_LEPS_ModelSurface.f:"      PARAMETER(     HTOKJ = 2625.49962D0)"
	get_parameters: got "eval() arg 1 must be a string, bytes or code object" on 4
Line #539 in ALC6m0_LEPS_ModelSurface.f:"      PARAMETER(     HTOKJ = 2625.49962D0)"
	get_parameters: got "eval() arg 1 must be a string, bytes or code object" on 4
Line #539 in ALC6m0_LEPS_ModelSurface.f:"      PARAMETER(     HTOKJ = 2625.49962D0)"
	get_parameters: got "eval() arg 1 must be a string, bytes or code object" on 4
Line #539 in ALC6m0_LEPS_ModelSurface.f:"      PARAMETER(     HTOKJ = 2625.49962D0)"
	get_parameters: got "eval() arg 1 must be a string, bytes or code object" on 4
Line #539 in ALC6m0_LEPS_ModelSurface.f:"      PARAMETER(     HTOKJ = 2625.49962D0)"
	get_parameters: got "eval() arg 1 must be a string, bytes or code object" on 4
Line #539 in ALC6m0_LEPS_ModelSurface.f:"      PARAMETER(     HTOKJ = 2625.49962D0)"
	get_parameters: got "eval() arg 1 must be a string, bytes or code object" on 4
Line #539 in ALC6m0_LEPS_ModelSurface.f:"      PARAMETER(     HTOKJ = 2625.49962D0)"
	get_parameters: got "eval() arg 1 must be a string, bytes or code object" on 4
Line #539 in ALC6m0_LEPS_ModelSurface.f:"      PARAMETER(     HTOKJ = 2625.49962D0)"
	get_parameters: got "eval() arg 1 must be a string, bytes or code object" on 4
Line #539 in ALC6m0_LEPS_ModelSurface.f:"      PARAMETER(     HTOKJ = 2625.49962D0)"
	get_parameters: got "eval() arg 1 must be a string, bytes or code object" on 4
Line #539 in ALC6m0_LEPS_ModelSurface.f:"      PARAMETER(     HTOKJ = 2625.49962D0)"
	get_parameters: got "eval() arg 1 must be a string, bytes or code object" on 4
Line #539 in ALC6m0_LEPS_ModelSurface.f:"      PARAMETER(     HTOKJ = 2625.49962D0)"
	get_parameters: got "eval() arg 1 must be a string, bytes or code object" on 4
Line #539 in ALC6m0_LEPS_ModelSurface.f:"      PARAMETER(     HTOKJ = 2625.49962D0)"
	get_parameters: got "eval() arg 1 must be a string, bytes or code object" on 4
Line #540 in ALC6m0_LEPS_ModelSurface.f:"      PARAMETER(    BOHR_A = .5291772083D0)"
	get_parameters: got "eval() arg 1 must be a string, bytes or code object" on 4
Line #540 in ALC6m0_LEPS_ModelSurface.f:"      PARAMETER(    BOHR_A = .5291772083D0)"
	get_parameters: got "eval() arg 1 must be a string, bytes or code object" on 4
Line #540 in ALC6m0_LEPS_ModelSurface.f:"      PARAMETER(    BOHR_A = .5291772083D0)"
	get_parameters: got "eval() arg 1 must be a string, bytes or code object" on 4
Line #540 in ALC6m0_LEPS_ModelSurface.f:"      PARAMETER(    BOHR_A = .5291772083D0)"
	get_parameters: got "eval() arg 1 must be a string, bytes or code object" on 4
Line #540 in ALC6m0_LEPS_ModelSurface.f:"      PARAMETER(    BOHR_A = .5291772083D0)"
	get_parameters: got "eval() arg 1 must be a string, bytes or code object" on 4
Line #540 in ALC6m0_LEPS_ModelSurface.f:"      PARAMETER(    BOHR_A = .5291772083D0)"
	get_parameters: got "eval() arg 1 must be a string, bytes or code object" on 4
Line #540 in ALC6m0_LEPS_ModelSurface.f:"      PARAMETER(    BOHR_A = .5291772083D0)"
	get_parameters: got "eval() arg 1 must be a string, bytes or code object" on 4
Line #540 in ALC6m0_LEPS_ModelSurface.f:"      PARAMETER(    BOHR_A = .5291772083D0)"
	get_parameters: got "eval() arg 1 must be a string, bytes or code object" on 4
Line #540 in ALC6m0_LEPS_ModelSurface.f:"      PARAMETER(    BOHR_A = .5291772083D0)"
	get_parameters: got "eval() arg 1 must be a string, bytes or code object" on 4
Line #540 in ALC6m0_LEPS_ModelSurface.f:"      PARAMETER(    BOHR_A = .5291772083D0)"
	get_parameters: got "eval() arg 1 must be a string, bytes or code object" on 4
Line #540 in ALC6m0_LEPS_ModelSurface.f:"      PARAMETER(    BOHR_A = .5291772083D0)"
	get_parameters: got "eval() arg 1 must be a string, bytes or code object" on 4
Line #540 in ALC6m0_LEPS_ModelSurface.f:"      PARAMETER(    BOHR_A = .5291772083D0)"
	get_parameters: got "eval() arg 1 must be a string, bytes or code object" on 4
Line #540 in ALC6m0_LEPS_ModelSurface.f:"      PARAMETER(    BOHR_A = .5291772083D0)"
	get_parameters: got "eval() arg 1 must be a string, bytes or code object" on 4
Line #540 in ALC6m0_LEPS_ModelSurface.f:"      PARAMETER(    BOHR_A = .5291772083D0)"
	get_parameters: got "eval() arg 1 must be a string, bytes or code object" on 4
Post-processing...
	Block: ALC6m0_LEPS_ModelSurface
			Block: pes
			Block: evdrdx
			Block: prepot
In: :ALC6m0_LEPS_ModelSurface:ALC6m0_LEPS_ModelSurface.f:prepot
get_parameters: got "eval() arg 1 must be a string, bytes or code object" on 4
In: :ALC6m0_LEPS_ModelSurface:ALC6m0_LEPS_ModelSurface.f:prepot
get_parameters: got "eval() arg 1 must be a string, bytes or code object" on 4
In: :ALC6m0_LEPS_ModelSurface:ALC6m0_LEPS_ModelSurface.f:prepot
get_parameters: got "eval() arg 1 must be a string, bytes or code object" on 4
			Block: ptparm
			Block: potinfo
In: :ALC6m0_LEPS_ModelSurface:ALC6m0_LEPS_ModelSurface.f:potinfo
get_parameters: got "eval() arg 1 must be a string, bytes or code object" on 4
In: :ALC6m0_LEPS_ModelSurface:ALC6m0_LEPS_ModelSurface.f:potinfo
get_parameters: got "eval() arg 1 must be a string, bytes or code object" on 4
			Block: ancvrt
In: :ALC6m0_LEPS_ModelSurface:ALC6m0_LEPS_ModelSurface.f:ancvrt
get_parameters: got "eval() arg 1 must be a string, bytes or code object" on 4
In: :ALC6m0_LEPS_ModelSurface:ALC6m0_LEPS_ModelSurface.f:ancvrt
get_parameters: got "eval() arg 1 must be a string, bytes or code object" on 4
In: :ALC6m0_LEPS_ModelSurface:ALC6m0_LEPS_ModelSurface.f:ancvrt
get_parameters: got "eval() arg 1 must be a string, bytes or code object" on 4
In: :ALC6m0_LEPS_ModelSurface:ALC6m0_LEPS_ModelSurface.f:ancvrt
get_parameters: got "eval() arg 1 must be a string, bytes or code object" on 4
In: :ALC6m0_LEPS_ModelSurface:ALC6m0_LEPS_ModelSurface.f:ancvrt
get_parameters: got "eval() arg 1 must be a string, bytes or code object" on 4
In: :ALC6m0_LEPS_ModelSurface:ALC6m0_LEPS_ModelSurface.f:ancvrt
get_parameters: got "eval() arg 1 must be a string, bytes or code object" on 4
In: :ALC6m0_LEPS_ModelSurface:ALC6m0_LEPS_ModelSurface.f:ancvrt
get_parameters: got "eval() arg 1 must be a string, bytes or code object" on 4
In: :ALC6m0_LEPS_ModelSurface:ALC6m0_LEPS_ModelSurface.f:ancvrt
get_parameters: got "eval() arg 1 must be a string, bytes or code object" on 4
In: :ALC6m0_LEPS_ModelSurface:ALC6m0_LEPS_ModelSurface.f:ancvrt
get_parameters: got "eval() arg 1 must be a string, bytes or code object" on 4
In: :ALC6m0_LEPS_ModelSurface:ALC6m0_LEPS_ModelSurface.f:ancvrt
get_parameters: got "eval() arg 1 must be a string, bytes or code object" on 4
In: :ALC6m0_LEPS_ModelSurface:ALC6m0_LEPS_ModelSurface.f:ancvrt
get_parameters: got "eval() arg 1 must be a string, bytes or code object" on 4
In: :ALC6m0_LEPS_ModelSurface:ALC6m0_LEPS_ModelSurface.f:ancvrt
get_parameters: got "eval() arg 1 must be a string, bytes or code object" on 4
In: :ALC6m0_LEPS_ModelSurface:ALC6m0_LEPS_ModelSurface.f:ancvrt
get_parameters: got "eval() arg 1 must be a string, bytes or code object" on 4
In: :ALC6m0_LEPS_ModelSurface:ALC6m0_LEPS_ModelSurface.f:ancvrt
get_parameters: got "eval() arg 1 must be a string, bytes or code object" on 4
In: :ALC6m0_LEPS_ModelSurface:ALC6m0_LEPS_ModelSurface.f:ancvrt
get_parameters: got "eval() arg 1 must be a string, bytes or code object" on 4
			Block: cartou
In: :ALC6m0_LEPS_ModelSurface:ALC6m0_LEPS_ModelSurface.f:cartou
get_parameters: got "eval() arg 1 must be a string, bytes or code object" on 4
			Block: carttor
			Block: eunitzero
In: :ALC6m0_LEPS_ModelSurface:ALC6m0_LEPS_ModelSurface.f:eunitzero
get_parameters: got "eval() arg 1 must be a string, bytes or code object" on 4
			Block: rtocart
In: :ALC6m0_LEPS_ModelSurface:ALC6m0_LEPS_ModelSurface.f:rtocart
get_parameters: got "eval() arg 1 must be a string, bytes or code object" on 4
			Block: dedcou
In: :ALC6m0_LEPS_ModelSurface:ALC6m0_LEPS_ModelSurface.f:dedcou
get_parameters: got "eval() arg 1 must be a string, bytes or code object" on 4
Applying post-processing hooks...
  character_backward_compatibility_hook
Post-processing (stage 2)...
Building modules...
    Building module "ALC6m0_LEPS_ModelSurface"...
    Generating possibly empty wrappers"
    Maybe empty "ALC6m0_LEPS_ModelSurface-f2pywrappers.f"
        Constructing wrapper function "pes"...
          p,g,d = pes(x,igrad)
    Generating possibly empty wrappers"
    Maybe empty "ALC6m0_LEPS_ModelSurface-f2pywrappers.f"
        Constructing wrapper function "evdrdx"...
          drdx = evdrdx(x,r)
    Generating possibly empty wrappers"
    Maybe empty "ALC6m0_LEPS_ModelSurface-f2pywrappers.f"
        Constructing wrapper function "prepot"...
          prepot()
    Generating possibly empty wrappers"
    Maybe empty "ALC6m0_LEPS_ModelSurface-f2pywrappers.f"
        Constructing wrapper function "pot"...
          pot()
    Generating possibly empty wrappers"
    Maybe empty "ALC6m0_LEPS_ModelSurface-f2pywrappers.f"
        Constructing wrapper function "potinfo"...
          potinfo()
    Generating possibly empty wrappers"
    Maybe empty "ALC6m0_LEPS_ModelSurface-f2pywrappers.f"
        Constructing wrapper function "ancvrt"...
          ancvrt()
    Generating possibly empty wrappers"
    Maybe empty "ALC6m0_LEPS_ModelSurface-f2pywrappers.f"
        Constructing wrapper function "cartou"...
          cartou()
    Generating possibly empty wrappers"
    Maybe empty "ALC6m0_LEPS_ModelSurface-f2pywrappers.f"
        Constructing wrapper function "carttor"...
          carttor()
    Generating possibly empty wrappers"
    Maybe empty "ALC6m0_LEPS_ModelSurface-f2pywrappers.f"
        Constructing wrapper function "eunitzero"...
          eunitzero()
    Generating possibly empty wrappers"
    Maybe empty "ALC6m0_LEPS_ModelSurface-f2pywrappers.f"
        Constructing wrapper function "rtocart"...
          rtocart()
    Generating possibly empty wrappers"
    Maybe empty "ALC6m0_LEPS_ModelSurface-f2pywrappers.f"
        Constructing wrapper function "dedcou"...
          dedcou()
		Constructing COMMON block support for "pt1cm"...
		  rr,e,dedrr
		Constructing COMMON block support for "pt2cm"...
		  nsurf,nder,ndum
		Constructing COMMON block support for "pt5cm"...
		  easyab,easybc,easyac
		Constructing COMMON block support for "pt4cm"...
		  iptprt,idum
		Constructing COMMON block support for "satocm"...
		  d,re,beta,z
		Constructing COMMON block support for "vacom"...
		  an1,fns
		Constructing COMMON block support for "pt3cm"...
		  ezero
		Constructing COMMON block support for "infocm"...
		  cartnu,indexes,irctnt,natoms,icartr,mder,msurf,ref
		Constructing COMMON block support for "usrocm"...
		  pengygs,pengyes,pengyij,dgscart,descart,dijcart
		Constructing COMMON block support for "usricm"...
		  cart,anuzero,nulbl,nflag,nasurf,nder
		Constructing COMMON block support for "utilcm"...
		  dgscartnu,descartnu,dijcartnu,cnvrtd,cnvrte,cnvrtde,ireorder,ksdiag,kediag,ksoffd,keoffd
    Wrote C/API module "ALC6m0_LEPS_ModelSurface" to file "/tmp/tmpfboo1dn0/src.linux-x86_64-3.11/ALC6m0_LEPS_ModelSurfacemodule.c"
    Fortran 77 wrappers are saved to "/tmp/tmpfboo1dn0/src.linux-x86_64-3.11/ALC6m0_LEPS_ModelSurface-f2pywrappers.f"
INFO:   adding '/tmp/tmpfboo1dn0/src.linux-x86_64-3.11/fortranobject.c' to sources.
INFO:   adding '/tmp/tmpfboo1dn0/src.linux-x86_64-3.11' to include_dirs.
copying /home/truhlard/shuxx055/anaconda3/envs/chempotpy/lib/python3.11/site-packages/numpy/f2py/src/fortranobject.c -> /tmp/tmpfboo1dn0/src.linux-x86_64-3.11
copying /home/truhlard/shuxx055/anaconda3/envs/chempotpy/lib/python3.11/site-packages/numpy/f2py/src/fortranobject.h -> /tmp/tmpfboo1dn0/src.linux-x86_64-3.11
INFO:   adding '/tmp/tmpfboo1dn0/src.linux-x86_64-3.11/ALC6m0_LEPS_ModelSurface-f2pywrappers.f' to sources.
INFO: build_src: building npy-pkg config files
running build_ext
INFO: customize UnixCCompiler
INFO: customize UnixCCompiler using build_ext
INFO: get_default_fcompiler: matching types: '['arm', 'gnu95', 'intel', 'lahey', 'pg', 'nv', 'absoft', 'nag', 'vast', 'compaq', 'intele', 'intelem', 'gnu', 'g95', 'pathf95', 'nagfor', 'fujitsu']'
INFO: customize ArmFlangCompiler
WARN: Could not locate executable armflang
INFO: customize Gnu95FCompiler
INFO: Found executable /home/truhlard/shuxx055/anaconda3/envs/chempotpy/bin/gfortran
INFO: customize Gnu95FCompiler
INFO: customize Gnu95FCompiler using build_ext
INFO: building 'ALC6m0_LEPS_ModelSurface' extension
INFO: compiling C sources
INFO: C compiler: gcc -pthread -B /home/truhlard/shuxx055/anaconda3/envs/chempotpy/compiler_compat -DNDEBUG -fwrapv -O2 -Wall -fPIC -O2 -isystem /home/truhlard/shuxx055/anaconda3/envs/chempotpy/include -fPIC -O2 -isystem /home/truhlard/shuxx055/anaconda3/envs/chempotpy/include -fPIC

creating /tmp/tmpfboo1dn0/tmp
creating /tmp/tmpfboo1dn0/tmp/tmpfboo1dn0
creating /tmp/tmpfboo1dn0/tmp/tmpfboo1dn0/src.linux-x86_64-3.11
INFO: compile options: '-DNPY_DISABLE_OPTIMIZATION=1 -I/tmp/tmpfboo1dn0/src.linux-x86_64-3.11 -I/home/truhlard/shuxx055/anaconda3/envs/chempotpy/lib/python3.11/site-packages/numpy/core/include -I/home/truhlard/shuxx055/anaconda3/envs/chempotpy/include/python3.11 -c'
INFO: gcc: /tmp/tmpfboo1dn0/src.linux-x86_64-3.11/ALC6m0_LEPS_ModelSurfacemodule.c
INFO: gcc: /tmp/tmpfboo1dn0/src.linux-x86_64-3.11/fortranobject.c
INFO: compiling Fortran sources
INFO: Fortran f77 compiler: /home/truhlard/shuxx055/anaconda3/envs/chempotpy/bin/gfortran -fallow-argument-mismatch -std=legacy -fPIC -O3 -funroll-loops
Fortran f90 compiler: /home/truhlard/shuxx055/anaconda3/envs/chempotpy/bin/gfortran -Wall -g -fno-second-underscore -fPIC -O3 -funroll-loops
Fortran fix compiler: /home/truhlard/shuxx055/anaconda3/envs/chempotpy/bin/gfortran -Wall -g -ffixed-form -fno-second-underscore -Wall -g -fno-second-underscore -fPIC -O3 -funroll-loops
INFO: compile options: '-I/tmp/tmpfboo1dn0/src.linux-x86_64-3.11 -I/home/truhlard/shuxx055/anaconda3/envs/chempotpy/lib/python3.11/site-packages/numpy/core/include -I/home/truhlard/shuxx055/anaconda3/envs/chempotpy/include/python3.11 -c'
INFO: gfortran:f77: /tmp/tmpfboo1dn0/src.linux-x86_64-3.11/ALC6m0_LEPS_ModelSurface-f2pywrappers.f
INFO: gfortran:f77: ALC6m0_LEPS_ModelSurface.f
INFO: /home/truhlard/shuxx055/anaconda3/envs/chempotpy/bin/gfortran -Wall -g -Wall -g -shared /tmp/tmpfboo1dn0/tmp/tmpfboo1dn0/src.linux-x86_64-3.11/ALC6m0_LEPS_ModelSurfacemodule.o /tmp/tmpfboo1dn0/tmp/tmpfboo1dn0/src.linux-x86_64-3.11/fortranobject.o /tmp/tmpfboo1dn0/ALC6m0_LEPS_ModelSurface.o /tmp/tmpfboo1dn0/tmp/tmpfboo1dn0/src.linux-x86_64-3.11/ALC6m0_LEPS_ModelSurface-f2pywrappers.o -L/panfs/jay/groups/16/truhlard/shuxx055/anaconda3/envs/chempotpy/bin/../lib/gcc/x86_64-conda-linux-gnu/13.1.0/../../../../x86_64-conda-linux-gnu/lib/../lib -L/panfs/jay/groups/16/truhlard/shuxx055/anaconda3/envs/chempotpy/bin/../lib/gcc/x86_64-conda-linux-gnu/13.1.0/../../../../x86_64-conda-linux-gnu/lib/../lib -lgfortran -o ./ALC6m0_LEPS_ModelSurface.cpython-311-x86_64-linux-gnu.so
Removing build directory /tmp/tmpfboo1dn0
