running build
running config_cc
INFO: unifing config_cc, config, build_clib, build_ext, build commands --compiler options
running config_fc
INFO: unifing config_fc, config, build_clib, build_ext, build commands --fcompiler options
running build_src
INFO: build_src
INFO: building extension "H3ClO_PIPNN" sources
INFO: f2py options: []
INFO: f2py:> /tmp/tmpdit0b0x9/src.linux-x86_64-3.11/H3ClO_PIPNNmodule.c
creating /tmp/tmpdit0b0x9/src.linux-x86_64-3.11
Reading fortran codes...
	Reading file 'H3ClO_PIPNN.f90' (format:free)
Post-processing...
	Block: H3ClO_PIPNN
			Block: nnparam
In: :H3ClO_PIPNN:H3ClO_PIPNN.f90:nnparam
get_parameters: got "eval() arg 1 must be a string, bytes or code object" on 4
In: :H3ClO_PIPNN:H3ClO_PIPNN.f90:nnparam
get_parameters: got "eval() arg 1 must be a string, bytes or code object" on 4
In: :H3ClO_PIPNN:H3ClO_PIPNN.f90:nnparam
get_parameters: got "eval() arg 1 must be a string, bytes or code object" on 4
In: :H3ClO_PIPNN:H3ClO_PIPNN.f90:nnparam
get_parameters: got "eval() arg 1 must be a string, bytes or code object" on 4
			Block: pes
In: :H3ClO_PIPNN:H3ClO_PIPNN.f90:pes
get_parameters: got "eval() arg 1 must be a string, bytes or code object" on 4
In: :H3ClO_PIPNN:H3ClO_PIPNN.f90:pes
get_parameters: got "eval() arg 1 must be a string, bytes or code object" on 4
In: :H3ClO_PIPNN:H3ClO_PIPNN.f90:pes
get_parameters: got "eval() arg 1 must be a string, bytes or code object" on 4
In: :H3ClO_PIPNN:H3ClO_PIPNN.f90:pes
get_parameters: got "eval() arg 1 must be a string, bytes or code object" on 4
In: :H3ClO_PIPNN:H3ClO_PIPNN.f90:pes
get_parameters: got "eval() arg 1 must be a string, bytes or code object" on 4
			Block: evvdvdx
In: :H3ClO_PIPNN:H3ClO_PIPNN.f90:evvdvdx
get_parameters: got "eval() arg 1 must be a string, bytes or code object" on 4
In: :H3ClO_PIPNN:H3ClO_PIPNN.f90:evvdvdx
get_parameters: got "eval() arg 1 must be a string, bytes or code object" on 4
In: :H3ClO_PIPNN:H3ClO_PIPNN.f90:evvdvdx
get_parameters: got "eval() arg 1 must be a string, bytes or code object" on 4
In: :H3ClO_PIPNN:H3ClO_PIPNN.f90:evvdvdx
get_parameters: got "eval() arg 1 must be a string, bytes or code object" on 4
In: :H3ClO_PIPNN:H3ClO_PIPNN.f90:evvdvdx
get_parameters: got "eval() arg 1 must be a string, bytes or code object" on 4
			Block: pes_init
In: :H3ClO_PIPNN:H3ClO_PIPNN.f90:pes_init
get_parameters: got "eval() arg 1 must be a string, bytes or code object" on 4
In: :H3ClO_PIPNN:H3ClO_PIPNN.f90:pes_init
get_parameters: got "eval() arg 1 must be a string, bytes or code object" on 4
In: :H3ClO_PIPNN:H3ClO_PIPNN.f90:pes_init
get_parameters: got "eval() arg 1 must be a string, bytes or code object" on 4
In: :H3ClO_PIPNN:H3ClO_PIPNN.f90:pes_init
get_parameters: got "eval() arg 1 must be a string, bytes or code object" on 4
In: :H3ClO_PIPNN:H3ClO_PIPNN.f90:pes_init
get_parameters: got "eval() arg 1 must be a string, bytes or code object" on 4
			Block: pot3a
In: :H3ClO_PIPNN:H3ClO_PIPNN.f90:pot3a
get_parameters: got "eval() arg 1 must be a string, bytes or code object" on 4
In: :H3ClO_PIPNN:H3ClO_PIPNN.f90:pot3a
get_parameters: got "eval() arg 1 must be a string, bytes or code object" on 4
In: :H3ClO_PIPNN:H3ClO_PIPNN.f90:pot3a
get_parameters: got "eval() arg 1 must be a string, bytes or code object" on 4
In: :H3ClO_PIPNN:H3ClO_PIPNN.f90:pot3a
get_parameters: got "eval() arg 1 must be a string, bytes or code object" on 4
In: :H3ClO_PIPNN:H3ClO_PIPNN.f90:pot3a
get_parameters: got "eval() arg 1 must be a string, bytes or code object" on 4
			Block: tranfun
			Block: logsig
			Block: bemsav
			Block: evmono
			Block: evpoly
Applying post-processing hooks...
  character_backward_compatibility_hook
Post-processing (stage 2)...
	Block: H3ClO_PIPNN
		Block: unknown_interface
			Block: nnparam
			Block: pes
			Block: evvdvdx
			Block: pes_init
			Block: pot3a
			Block: tranfun
			Block: logsig
			Block: bemsav
			Block: evmono
			Block: evpoly
Building modules...
    Building module "H3ClO_PIPNN"...
    Generating possibly empty wrappers"
    Maybe empty "H3ClO_PIPNN-f2pywrappers.f"
        Constructing wrapper function "pes"...
          p,g,d = pes(x,igrad,path)
    Generating possibly empty wrappers"
    Maybe empty "H3ClO_PIPNN-f2pywrappers.f"
        Constructing wrapper function "evvdvdx"...
          evvdvdx(xcart,v)
    Generating possibly empty wrappers"
    Maybe empty "H3ClO_PIPNN-f2pywrappers.f"
        Constructing wrapper function "pes_init"...
          pes_init(path)
    Generating possibly empty wrappers"
    Maybe empty "H3ClO_PIPNN-f2pywrappers.f"
        Constructing wrapper function "pot3a"...
          pot3a(x,vpot3)
    Generating possibly empty wrappers"
    Maybe empty "H3ClO_PIPNN-f2pywrappers.f"
		Creating wrapper for Fortran function "tranfun"("tranfun")...
        Constructing wrapper function "tranfun"...
          tranfun = tranfun(x,ifunc)
    Generating possibly empty wrappers"
    Maybe empty "H3ClO_PIPNN-f2pywrappers.f"
		Creating wrapper for Fortran function "logsig"("logsig")...
        Constructing wrapper function "logsig"...
          logsig = logsig(x)
    Generating possibly empty wrappers"
    Maybe empty "H3ClO_PIPNN-f2pywrappers.f"
        Constructing wrapper function "bemsav"...
          bemsav(x,m,p)
    Generating possibly empty wrappers"
    Maybe empty "H3ClO_PIPNN-f2pywrappers.f"
        Constructing wrapper function "evmono"...
          evmono(x,m)
    Generating possibly empty wrappers"
    Maybe empty "H3ClO_PIPNN-f2pywrappers.f"
        Constructing wrapper function "evpoly"...
          evpoly(m,p)
		Constructing F90 module support for "nnparam"...
		  Variables: alpha pi radian bohr natom npes nmorse nbond ninput noutput nscale nhid3 nlayer3 ifunc3 nwe3 nodemax3 nodes3a weight3a bias3a pdel3a pavg3a
getarrdims:warning: assumed shape array, using 0 instead of ':'
getarrdims:warning: assumed shape array, using 0 instead of ':'
getarrdims:warning: assumed shape array, using 0 instead of ':'
getarrdims:warning: assumed shape array, using 0 instead of ':'
getarrdims:warning: assumed shape array, using 0 instead of ':'
getarrdims:warning: assumed shape array, using 0 instead of ':'
getarrdims:warning: assumed shape array, using 0 instead of ':'
getarrdims:warning: assumed shape array, using 0 instead of ':'
getarrdims:warning: assumed shape array, using 0 instead of ':'
getarrdims:warning: assumed shape array, using 0 instead of ':'
getarrdims:warning: assumed shape array, using 0 instead of ':'
getarrdims:warning: assumed shape array, using 0 instead of ':'
    Wrote C/API module "H3ClO_PIPNN" to file "/tmp/tmpdit0b0x9/src.linux-x86_64-3.11/H3ClO_PIPNNmodule.c"
    Fortran 77 wrappers are saved to "/tmp/tmpdit0b0x9/src.linux-x86_64-3.11/H3ClO_PIPNN-f2pywrappers.f"
    Fortran 90 wrappers are saved to "/tmp/tmpdit0b0x9/src.linux-x86_64-3.11/H3ClO_PIPNN-f2pywrappers2.f90"
INFO:   adding '/tmp/tmpdit0b0x9/src.linux-x86_64-3.11/fortranobject.c' to sources.
INFO:   adding '/tmp/tmpdit0b0x9/src.linux-x86_64-3.11' to include_dirs.
copying /home/truhlard/shuxx055/anaconda3/envs/chempotpy/lib/python3.11/site-packages/numpy/f2py/src/fortranobject.c -> /tmp/tmpdit0b0x9/src.linux-x86_64-3.11
copying /home/truhlard/shuxx055/anaconda3/envs/chempotpy/lib/python3.11/site-packages/numpy/f2py/src/fortranobject.h -> /tmp/tmpdit0b0x9/src.linux-x86_64-3.11
INFO:   adding '/tmp/tmpdit0b0x9/src.linux-x86_64-3.11/H3ClO_PIPNN-f2pywrappers.f' to sources.
INFO:   adding '/tmp/tmpdit0b0x9/src.linux-x86_64-3.11/H3ClO_PIPNN-f2pywrappers2.f90' to sources.
INFO: build_src: building npy-pkg config files
running build_ext
INFO: customize UnixCCompiler
INFO: customize UnixCCompiler using build_ext
INFO: get_default_fcompiler: matching types: '['arm', 'gnu95', 'intel', 'lahey', 'pg', 'nv', 'absoft', 'nag', 'vast', 'compaq', 'intele', 'intelem', 'gnu', 'g95', 'pathf95', 'nagfor', 'fujitsu']'
INFO: customize ArmFlangCompiler
WARN: Could not locate executable armflang
INFO: customize Gnu95FCompiler
INFO: Found executable /home/truhlard/shuxx055/anaconda3/envs/chempotpy/bin/gfortran
INFO: customize Gnu95FCompiler
INFO: customize Gnu95FCompiler using build_ext
INFO: building 'H3ClO_PIPNN' extension
INFO: compiling C sources
INFO: C compiler: gcc -pthread -B /home/truhlard/shuxx055/anaconda3/envs/chempotpy/compiler_compat -DNDEBUG -fwrapv -O2 -Wall -fPIC -O2 -isystem /home/truhlard/shuxx055/anaconda3/envs/chempotpy/include -fPIC -O2 -isystem /home/truhlard/shuxx055/anaconda3/envs/chempotpy/include -fPIC

creating /tmp/tmpdit0b0x9/tmp
creating /tmp/tmpdit0b0x9/tmp/tmpdit0b0x9
creating /tmp/tmpdit0b0x9/tmp/tmpdit0b0x9/src.linux-x86_64-3.11
INFO: compile options: '-DNPY_DISABLE_OPTIMIZATION=1 -I/tmp/tmpdit0b0x9/src.linux-x86_64-3.11 -I/home/truhlard/shuxx055/anaconda3/envs/chempotpy/lib/python3.11/site-packages/numpy/core/include -I/home/truhlard/shuxx055/anaconda3/envs/chempotpy/include/python3.11 -c'
INFO: gcc: /tmp/tmpdit0b0x9/src.linux-x86_64-3.11/H3ClO_PIPNNmodule.c
INFO: gcc: /tmp/tmpdit0b0x9/src.linux-x86_64-3.11/fortranobject.c
