running build
running config_cc
INFO: unifing config_cc, config, build_clib, build_ext, build commands --compiler options
running config_fc
INFO: unifing config_fc, config, build_clib, build_ext, build commands --fcompiler options
running build_src
INFO: build_src
INFO: building extension "PHOH_APRP_DPEM" sources
INFO: f2py options: []
INFO: f2py:> /tmp/tmp_lpvd1tz/src.linux-x86_64-3.11/PHOH_APRP_DPEMmodule.c
creating /tmp/tmp_lpvd1tz/src.linux-x86_64-3.11
Reading fortran codes...
	Reading file 'PHOH_APRP_DPEM.f90' (format:free)
Line #299 in PHOH_APRP_DPEM.f90:"      call evuij(nap,natm,igrad,ir,t,dtdr,X,Y,Z,u12,u13,u23, "
	analyzeline: No name/args pattern found for line.
Line #455 in PHOH_APRP_DPEM.f90:"      call evintcoord(nblt,iblt,nbat,ibat,ntot,itot,noopt,ioopt, "
	analyzeline: No name/args pattern found for line.
Line #466 in PHOH_APRP_DPEM.f90:"        call bmat3(nblt,iblt,nbat,ibat,ntot,itot,noopt,ioopt,natm, "
	analyzeline: No name/args pattern found for line.
Line #470 in PHOH_APRP_DPEM.f90:"        call bmat3(nbls,ibls,nbas,ibas,ntos,itos,noops,ioops,natm, "
	analyzeline: No name/args pattern found for line.
Line #10264 in PHOH_APRP_DPEM.f90:"      parameter(zero=0.0d0,pi=3.1415926535898d0) "
	get_parameters: got "eval() arg 1 must be a string, bytes or code object" on 4
Line #10753 in PHOH_APRP_DPEM.f90:"      parameter(de=0.17596055d0,re=1.93206106d0, "
	get_parameters: got "eval() arg 1 must be a string, bytes or code object" on 4
Line #10844 in PHOH_APRP_DPEM.f90:"      parameter(a1=0.02371114d0,alpha1=0.96558083d0,r1=3.25505778d0) "
	get_parameters: got "eval() arg 1 must be a string, bytes or code object" on 4
Line #10844 in PHOH_APRP_DPEM.f90:"      parameter(a1=0.02371114d0,alpha1=0.96558083d0,r1=3.25505778d0) "
	get_parameters: got "eval() arg 1 must be a string, bytes or code object" on 4
Line #10844 in PHOH_APRP_DPEM.f90:"      parameter(a1=0.02371114d0,alpha1=0.96558083d0,r1=3.25505778d0) "
	get_parameters: got "eval() arg 1 must be a string, bytes or code object" on 4
Line #10846 in PHOH_APRP_DPEM.f90:"      parameter(a2=0.00349299d0,alpha2=1.092945551d1,r2=2.10516007d0) "
	get_parameters: got "eval() arg 1 must be a string, bytes or code object" on 4
Line #10846 in PHOH_APRP_DPEM.f90:"      parameter(a2=0.00349299d0,alpha2=1.092945551d1,r2=2.10516007d0) "
	get_parameters: got "eval() arg 1 must be a string, bytes or code object" on 4
Line #10846 in PHOH_APRP_DPEM.f90:"      parameter(a2=0.00349299d0,alpha2=1.092945551d1,r2=2.10516007d0) "
	get_parameters: got "eval() arg 1 must be a string, bytes or code object" on 4
Line #10846 in PHOH_APRP_DPEM.f90:"      parameter(a2=0.00349299d0,alpha2=1.092945551d1,r2=2.10516007d0) "
	get_parameters: got "eval() arg 1 must be a string, bytes or code object" on 4
Line #10846 in PHOH_APRP_DPEM.f90:"      parameter(a2=0.00349299d0,alpha2=1.092945551d1,r2=2.10516007d0) "
	get_parameters: got "eval() arg 1 must be a string, bytes or code object" on 4
Line #10846 in PHOH_APRP_DPEM.f90:"      parameter(a2=0.00349299d0,alpha2=1.092945551d1,r2=2.10516007d0) "
	get_parameters: got "eval() arg 1 must be a string, bytes or code object" on 4
Line #10846 in PHOH_APRP_DPEM.f90:"      parameter(a2=0.00349299d0,alpha2=1.092945551d1,r2=2.10516007d0) "
	get_parameters: got "eval() arg 1 must be a string, bytes or code object" on 4
Line #10846 in PHOH_APRP_DPEM.f90:"      parameter(a2=0.00349299d0,alpha2=1.092945551d1,r2=2.10516007d0) "
	get_parameters: got "eval() arg 1 must be a string, bytes or code object" on 4
Line #10846 in PHOH_APRP_DPEM.f90:"      parameter(a2=0.00349299d0,alpha2=1.092945551d1,r2=2.10516007d0) "
	get_parameters: got "eval() arg 1 must be a string, bytes or code object" on 4
Line #10846 in PHOH_APRP_DPEM.f90:"      parameter(a2=0.00349299d0,alpha2=1.092945551d1,r2=2.10516007d0) "
	get_parameters: got "eval() arg 1 must be a string, bytes or code object" on 4
Line #10846 in PHOH_APRP_DPEM.f90:"      parameter(a2=0.00349299d0,alpha2=1.092945551d1,r2=2.10516007d0) "
	get_parameters: got "eval() arg 1 must be a string, bytes or code object" on 4
Line #10846 in PHOH_APRP_DPEM.f90:"      parameter(a2=0.00349299d0,alpha2=1.092945551d1,r2=2.10516007d0) "
	get_parameters: got "eval() arg 1 must be a string, bytes or code object" on 4
Line #10873 in PHOH_APRP_DPEM.f90:"      parameter(alpha=0.67269344d0,de=0.41866243d0, "
	get_parameters: got "eval() arg 1 must be a string, bytes or code object" on 4
Line #10964 in PHOH_APRP_DPEM.f90:"      parameter(a1=0.01925782d0,alpha1=5.00873578d0,r1=2.22678700d0) "
	get_parameters: got "eval() arg 1 must be a string, bytes or code object" on 4
Line #10964 in PHOH_APRP_DPEM.f90:"      parameter(a1=0.01925782d0,alpha1=5.00873578d0,r1=2.22678700d0) "
	get_parameters: got "eval() arg 1 must be a string, bytes or code object" on 4
Line #10964 in PHOH_APRP_DPEM.f90:"      parameter(a1=0.01925782d0,alpha1=5.00873578d0,r1=2.22678700d0) "
	get_parameters: got "eval() arg 1 must be a string, bytes or code object" on 4
Line #10993 in PHOH_APRP_DPEM.f90:"      parameter(a1=0.06496177d0,alpha1=1.81347726d0,r1=2.63168269d0) "
	get_parameters: got "eval() arg 1 must be a string, bytes or code object" on 4
Line #10993 in PHOH_APRP_DPEM.f90:"      parameter(a1=0.06496177d0,alpha1=1.81347726d0,r1=2.63168269d0) "
	get_parameters: got "eval() arg 1 must be a string, bytes or code object" on 4
Line #10993 in PHOH_APRP_DPEM.f90:"      parameter(a1=0.06496177d0,alpha1=1.81347726d0,r1=2.63168269d0) "
	get_parameters: got "eval() arg 1 must be a string, bytes or code object" on 4
Line #10993 in PHOH_APRP_DPEM.f90:"      parameter(a1=0.06496177d0,alpha1=1.81347726d0,r1=2.63168269d0) "
	get_parameters: got "eval() arg 1 must be a string, bytes or code object" on 4
Line #10993 in PHOH_APRP_DPEM.f90:"      parameter(a1=0.06496177d0,alpha1=1.81347726d0,r1=2.63168269d0) "
	get_parameters: got "eval() arg 1 must be a string, bytes or code object" on 4
Line #10993 in PHOH_APRP_DPEM.f90:"      parameter(a1=0.06496177d0,alpha1=1.81347726d0,r1=2.63168269d0) "
	get_parameters: got "eval() arg 1 must be a string, bytes or code object" on 4
Line #10994 in PHOH_APRP_DPEM.f90:"      parameter(a2=-0.00077880d0,alpha2=3.24769899d0,r2=3.71412291d0) "
	get_parameters: got "eval() arg 1 must be a string, bytes or code object" on 4
Line #10994 in PHOH_APRP_DPEM.f90:"      parameter(a2=-0.00077880d0,alpha2=3.24769899d0,r2=3.71412291d0) "
	get_parameters: got "eval() arg 1 must be a string, bytes or code object" on 4
Line #10994 in PHOH_APRP_DPEM.f90:"      parameter(a2=-0.00077880d0,alpha2=3.24769899d0,r2=3.71412291d0) "
	get_parameters: got "eval() arg 1 must be a string, bytes or code object" on 4
Line #10994 in PHOH_APRP_DPEM.f90:"      parameter(a2=-0.00077880d0,alpha2=3.24769899d0,r2=3.71412291d0) "
	get_parameters: got "eval() arg 1 must be a string, bytes or code object" on 4
Line #10994 in PHOH_APRP_DPEM.f90:"      parameter(a2=-0.00077880d0,alpha2=3.24769899d0,r2=3.71412291d0) "
	get_parameters: got "eval() arg 1 must be a string, bytes or code object" on 4
Line #10994 in PHOH_APRP_DPEM.f90:"      parameter(a2=-0.00077880d0,alpha2=3.24769899d0,r2=3.71412291d0) "
	get_parameters: got "eval() arg 1 must be a string, bytes or code object" on 4
Line #10994 in PHOH_APRP_DPEM.f90:"      parameter(a2=-0.00077880d0,alpha2=3.24769899d0,r2=3.71412291d0) "
	get_parameters: got "eval() arg 1 must be a string, bytes or code object" on 4
Line #10994 in PHOH_APRP_DPEM.f90:"      parameter(a2=-0.00077880d0,alpha2=3.24769899d0,r2=3.71412291d0) "
	get_parameters: got "eval() arg 1 must be a string, bytes or code object" on 4
Line #10994 in PHOH_APRP_DPEM.f90:"      parameter(a2=-0.00077880d0,alpha2=3.24769899d0,r2=3.71412291d0) "
	get_parameters: got "eval() arg 1 must be a string, bytes or code object" on 4
Line #10994 in PHOH_APRP_DPEM.f90:"      parameter(a2=-0.00077880d0,alpha2=3.24769899d0,r2=3.71412291d0) "
	get_parameters: got "eval() arg 1 must be a string, bytes or code object" on 4
Line #10994 in PHOH_APRP_DPEM.f90:"      parameter(a2=-0.00077880d0,alpha2=3.24769899d0,r2=3.71412291d0) "
	get_parameters: got "eval() arg 1 must be a string, bytes or code object" on 4
Line #10994 in PHOH_APRP_DPEM.f90:"      parameter(a2=-0.00077880d0,alpha2=3.24769899d0,r2=3.71412291d0) "
	get_parameters: got "eval() arg 1 must be a string, bytes or code object" on 4
Line #10994 in PHOH_APRP_DPEM.f90:"      parameter(a2=-0.00077880d0,alpha2=3.24769899d0,r2=3.71412291d0) "
	get_parameters: got "eval() arg 1 must be a string, bytes or code object" on 4
Line #10994 in PHOH_APRP_DPEM.f90:"      parameter(a2=-0.00077880d0,alpha2=3.24769899d0,r2=3.71412291d0) "
	get_parameters: got "eval() arg 1 must be a string, bytes or code object" on 4
Line #10994 in PHOH_APRP_DPEM.f90:"      parameter(a2=-0.00077880d0,alpha2=3.24769899d0,r2=3.71412291d0) "
	get_parameters: got "eval() arg 1 must be a string, bytes or code object" on 4
Line #10996 in PHOH_APRP_DPEM.f90:"      parameter(a3=9.3151142407d2,alpha3=4.73016534d0,r3=-0.04117486d0) "
	get_parameters: got "eval() arg 1 must be a string, bytes or code object" on 4
Line #10996 in PHOH_APRP_DPEM.f90:"      parameter(a3=9.3151142407d2,alpha3=4.73016534d0,r3=-0.04117486d0) "
	get_parameters: got "eval() arg 1 must be a string, bytes or code object" on 4
Line #10996 in PHOH_APRP_DPEM.f90:"      parameter(a3=9.3151142407d2,alpha3=4.73016534d0,r3=-0.04117486d0) "
	get_parameters: got "eval() arg 1 must be a string, bytes or code object" on 4
Line #10996 in PHOH_APRP_DPEM.f90:"      parameter(a3=9.3151142407d2,alpha3=4.73016534d0,r3=-0.04117486d0) "
	get_parameters: got "eval() arg 1 must be a string, bytes or code object" on 4
Line #10996 in PHOH_APRP_DPEM.f90:"      parameter(a3=9.3151142407d2,alpha3=4.73016534d0,r3=-0.04117486d0) "
	get_parameters: got "eval() arg 1 must be a string, bytes or code object" on 4
Line #10996 in PHOH_APRP_DPEM.f90:"      parameter(a3=9.3151142407d2,alpha3=4.73016534d0,r3=-0.04117486d0) "
	get_parameters: got "eval() arg 1 must be a string, bytes or code object" on 4
Line #10996 in PHOH_APRP_DPEM.f90:"      parameter(a3=9.3151142407d2,alpha3=4.73016534d0,r3=-0.04117486d0) "
	get_parameters: got "eval() arg 1 must be a string, bytes or code object" on 4
Line #10996 in PHOH_APRP_DPEM.f90:"      parameter(a3=9.3151142407d2,alpha3=4.73016534d0,r3=-0.04117486d0) "
	get_parameters: got "eval() arg 1 must be a string, bytes or code object" on 4
Line #10996 in PHOH_APRP_DPEM.f90:"      parameter(a3=9.3151142407d2,alpha3=4.73016534d0,r3=-0.04117486d0) "
	get_parameters: got "eval() arg 1 must be a string, bytes or code object" on 4
Line #10996 in PHOH_APRP_DPEM.f90:"      parameter(a3=9.3151142407d2,alpha3=4.73016534d0,r3=-0.04117486d0) "
	get_parameters: got "eval() arg 1 must be a string, bytes or code object" on 4
Line #10996 in PHOH_APRP_DPEM.f90:"      parameter(a3=9.3151142407d2,alpha3=4.73016534d0,r3=-0.04117486d0) "
	get_parameters: got "eval() arg 1 must be a string, bytes or code object" on 4
Line #10996 in PHOH_APRP_DPEM.f90:"      parameter(a3=9.3151142407d2,alpha3=4.73016534d0,r3=-0.04117486d0) "
	get_parameters: got "eval() arg 1 must be a string, bytes or code object" on 4
Line #10996 in PHOH_APRP_DPEM.f90:"      parameter(a3=9.3151142407d2,alpha3=4.73016534d0,r3=-0.04117486d0) "
	get_parameters: got "eval() arg 1 must be a string, bytes or code object" on 4
Line #10996 in PHOH_APRP_DPEM.f90:"      parameter(a3=9.3151142407d2,alpha3=4.73016534d0,r3=-0.04117486d0) "
	get_parameters: got "eval() arg 1 must be a string, bytes or code object" on 4
Line #10996 in PHOH_APRP_DPEM.f90:"      parameter(a3=9.3151142407d2,alpha3=4.73016534d0,r3=-0.04117486d0) "
	get_parameters: got "eval() arg 1 must be a string, bytes or code object" on 4
Line #10996 in PHOH_APRP_DPEM.f90:"      parameter(a3=9.3151142407d2,alpha3=4.73016534d0,r3=-0.04117486d0) "
	get_parameters: got "eval() arg 1 must be a string, bytes or code object" on 4
Line #10996 in PHOH_APRP_DPEM.f90:"      parameter(a3=9.3151142407d2,alpha3=4.73016534d0,r3=-0.04117486d0) "
	get_parameters: got "eval() arg 1 must be a string, bytes or code object" on 4
Line #10996 in PHOH_APRP_DPEM.f90:"      parameter(a3=9.3151142407d2,alpha3=4.73016534d0,r3=-0.04117486d0) "
	get_parameters: got "eval() arg 1 must be a string, bytes or code object" on 4
Line #10996 in PHOH_APRP_DPEM.f90:"      parameter(a3=9.3151142407d2,alpha3=4.73016534d0,r3=-0.04117486d0) "
	get_parameters: got "eval() arg 1 must be a string, bytes or code object" on 4
Line #10996 in PHOH_APRP_DPEM.f90:"      parameter(a3=9.3151142407d2,alpha3=4.73016534d0,r3=-0.04117486d0) "
	get_parameters: got "eval() arg 1 must be a string, bytes or code object" on 4
Line #10996 in PHOH_APRP_DPEM.f90:"      parameter(a3=9.3151142407d2,alpha3=4.73016534d0,r3=-0.04117486d0) "
	get_parameters: got "eval() arg 1 must be a string, bytes or code object" on 4
Line #10996 in PHOH_APRP_DPEM.f90:"      parameter(a3=9.3151142407d2,alpha3=4.73016534d0,r3=-0.04117486d0) "
	get_parameters: got "eval() arg 1 must be a string, bytes or code object" on 4
Line #10996 in PHOH_APRP_DPEM.f90:"      parameter(a3=9.3151142407d2,alpha3=4.73016534d0,r3=-0.04117486d0) "
	get_parameters: got "eval() arg 1 must be a string, bytes or code object" on 4
Line #10996 in PHOH_APRP_DPEM.f90:"      parameter(a3=9.3151142407d2,alpha3=4.73016534d0,r3=-0.04117486d0) "
	get_parameters: got "eval() arg 1 must be a string, bytes or code object" on 4
Line #11104 in PHOH_APRP_DPEM.f90:"      parameter(a1=-0.02298368d0,alpha1=1.06740430d0,r1=3.28664483d0) "
	get_parameters: got "eval() arg 1 must be a string, bytes or code object" on 4
Line #11104 in PHOH_APRP_DPEM.f90:"      parameter(a1=-0.02298368d0,alpha1=1.06740430d0,r1=3.28664483d0) "
	get_parameters: got "eval() arg 1 must be a string, bytes or code object" on 4
Line #11104 in PHOH_APRP_DPEM.f90:"      parameter(a1=-0.02298368d0,alpha1=1.06740430d0,r1=3.28664483d0) "
	get_parameters: got "eval() arg 1 must be a string, bytes or code object" on 4
Line #11106 in PHOH_APRP_DPEM.f90:"      parameter(a2=0.01138152d0,alpha2=0.65339172d0,r2=2.58341105d0) "
	get_parameters: got "eval() arg 1 must be a string, bytes or code object" on 4
Line #11106 in PHOH_APRP_DPEM.f90:"      parameter(a2=0.01138152d0,alpha2=0.65339172d0,r2=2.58341105d0) "
	get_parameters: got "eval() arg 1 must be a string, bytes or code object" on 4
Line #11106 in PHOH_APRP_DPEM.f90:"      parameter(a2=0.01138152d0,alpha2=0.65339172d0,r2=2.58341105d0) "
	get_parameters: got "eval() arg 1 must be a string, bytes or code object" on 4
Line #11106 in PHOH_APRP_DPEM.f90:"      parameter(a2=0.01138152d0,alpha2=0.65339172d0,r2=2.58341105d0) "
	get_parameters: got "eval() arg 1 must be a string, bytes or code object" on 4
Line #11106 in PHOH_APRP_DPEM.f90:"      parameter(a2=0.01138152d0,alpha2=0.65339172d0,r2=2.58341105d0) "
	get_parameters: got "eval() arg 1 must be a string, bytes or code object" on 4
Line #11106 in PHOH_APRP_DPEM.f90:"      parameter(a2=0.01138152d0,alpha2=0.65339172d0,r2=2.58341105d0) "
	get_parameters: got "eval() arg 1 must be a string, bytes or code object" on 4
Line #11106 in PHOH_APRP_DPEM.f90:"      parameter(a2=0.01138152d0,alpha2=0.65339172d0,r2=2.58341105d0) "
	get_parameters: got "eval() arg 1 must be a string, bytes or code object" on 4
Line #11106 in PHOH_APRP_DPEM.f90:"      parameter(a2=0.01138152d0,alpha2=0.65339172d0,r2=2.58341105d0) "
	get_parameters: got "eval() arg 1 must be a string, bytes or code object" on 4
Line #11106 in PHOH_APRP_DPEM.f90:"      parameter(a2=0.01138152d0,alpha2=0.65339172d0,r2=2.58341105d0) "
	get_parameters: got "eval() arg 1 must be a string, bytes or code object" on 4
Line #11106 in PHOH_APRP_DPEM.f90:"      parameter(a2=0.01138152d0,alpha2=0.65339172d0,r2=2.58341105d0) "
	get_parameters: got "eval() arg 1 must be a string, bytes or code object" on 4
Line #11106 in PHOH_APRP_DPEM.f90:"      parameter(a2=0.01138152d0,alpha2=0.65339172d0,r2=2.58341105d0) "
	get_parameters: got "eval() arg 1 must be a string, bytes or code object" on 4
Line #11106 in PHOH_APRP_DPEM.f90:"      parameter(a2=0.01138152d0,alpha2=0.65339172d0,r2=2.58341105d0) "
	get_parameters: got "eval() arg 1 must be a string, bytes or code object" on 4
Line #11135 in PHOH_APRP_DPEM.f90:"      parameter (B=6.693126d1,alpha=1.894454d0) "
	get_parameters: got "eval() arg 1 must be a string, bytes or code object" on 4
Line #11184 in PHOH_APRP_DPEM.f90:"C      subroutine evuij(nap,natm,igrad,ir,t,dtdr,X,Y,Z,u13,u23, "
	analyzeline: No name/args pattern found for line.
Line #11187 in PHOH_APRP_DPEM.f90:"      subroutine evuij(nap,natm,igrad,ir,t,dtdr,X,Y,Z,u12,u13,u23, "
	analyzeline: No name/args pattern found for line.
Line #11253 in PHOH_APRP_DPEM.f90:"      parameter(half=0.5d0,oossix=0.408248290463863d0, "
	get_parameters: got "eval() arg 1 must be a string, bytes or code object" on 4
Line #11253 in PHOH_APRP_DPEM.f90:"      parameter(half=0.5d0,oossix=0.408248290463863d0, "
	get_parameters: got "eval() arg 1 must be a string, bytes or code object" on 4
Line #11253 in PHOH_APRP_DPEM.f90:"      parameter(half=0.5d0,oossix=0.408248290463863d0, "
	get_parameters: got "eval() arg 1 must be a string, bytes or code object" on 4
Line #11309 in PHOH_APRP_DPEM.f90:"      call evintcoord(nblt,iblt,nbat,ibat,ntot,itot,noopt,ioopt, "
	analyzeline: No name/args pattern found for line.
Line #11329 in PHOH_APRP_DPEM.f90:"        call bmat3(nblt,iblt,nbat,ibat,ntot,itot,noopt,ioopt,natm, "
	analyzeline: No name/args pattern found for line.
Line #11335 in PHOH_APRP_DPEM.f90:"        call bmat3(nbls,ibls,nbas,ibas,ntos,itos,noops,ioops,natm, "
	analyzeline: No name/args pattern found for line.
Line #11385 in PHOH_APRP_DPEM.f90:"      subroutine evuijt(nap,igrad,ir,t,dtdr,ntc,qtc,uij, "
	analyzeline: No name/args pattern found for line.
Line #11675 in PHOH_APRP_DPEM.f90:"      subroutine evintcoord(nbl,ibl,nba,iba,nto,ito,noop,ioop, "
	analyzeline: No name/args pattern found for line.
Line #11702 in PHOH_APRP_DPEM.f90:"      parameter(pi=3.1415926535898d0) "
	get_parameters: got "eval() arg 1 must be a string, bytes or code object" on 4
Line #11784 in PHOH_APRP_DPEM.f90:"      subroutine bmat3(nbl,ibl,nba,iba,nto,ito,noop,ioop,natm, "
	analyzeline: No name/args pattern found for line.
Line #12069 in PHOH_APRP_DPEM.f90:"      parameter(tiny=1.0d-13,pi=3.1415926535898d0) "
	get_parameters: got "eval() arg 1 must be a string, bytes or code object" on 4
crackline: groupcounter=3 groupname={0: '', 1: 'module', 2: 'interface', 3: 'subroutine', 4: 'subroutine'}
crackline: Mismatch of blocks encountered. Trying to fix it by assuming "end" statement.
crackline: groupcounter=2 groupname={0: '', 1: 'module', 2: 'interface', 3: 'subroutine', 4: 'subroutine'}
crackline: Mismatch of blocks encountered. Trying to fix it by assuming "end" statement.
crackline: groupcounter=1 groupname={0: '', 1: 'module', 2: 'interface', 3: 'subroutine', 4: 'subroutine'}
crackline: Mismatch of blocks encountered. Trying to fix it by assuming "end" statement.
Post-processing...
	Block: PHOH_APRP_DPEM
			Block: dpem
			Block: pot
In: :PHOH_APRP_DPEM:PHOH_APRP_DPEM.f90:pot
get_parameters: got "eval() arg 1 must be a string, bytes or code object" on 4
			Block: getdvec3
{}
In: :PHOH_APRP_DPEM:PHOH_APRP_DPEM.f90:poten
vars2fortran: No typespec for argument "guu".
			Block: poten
{}
In: :PHOH_APRP_DPEM:PHOH_APRP_DPEM.f90:evuii
vars2fortran: No typespec for argument "ii".
			Block: evuii
In: :PHOH_APRP_DPEM:PHOH_APRP_DPEM.f90:evuii
get_parameters: got "eval() arg 1 must be a string, bytes or code object" on 4
			Block: evuiit
{}
In: :PHOH_APRP_DPEM:PHOH_APRP_DPEM.f90:gethess
vars2fortran: No typespec for argument "nap".
			Block: gethess
			Block: getgeom
In: :PHOH_APRP_DPEM:PHOH_APRP_DPEM.f90:getgeom
get_parameters: got "eval() arg 1 must be a string, bytes or code object" on 4
In: :PHOH_APRP_DPEM:PHOH_APRP_DPEM.f90:getgeom
get_parameters: got "eval() arg 1 must be a string, bytes or code object" on 4
			Block: tent
			Block: evu1r
In: :PHOH_APRP_DPEM:PHOH_APRP_DPEM.f90:evu1r
get_parameters: got "eval() arg 1 must be a string, bytes or code object" on 4
In: :PHOH_APRP_DPEM:PHOH_APRP_DPEM.f90:evu1r
get_parameters: got "eval() arg 1 must be a string, bytes or code object" on 4
{}
In: :PHOH_APRP_DPEM:PHOH_APRP_DPEM.f90:evu1b
vars2fortran: No typespec for argument "igrad".
{}
In: :PHOH_APRP_DPEM:PHOH_APRP_DPEM.f90:evu1b
vars2fortran: No typespec for argument "theta".
{}
In: :PHOH_APRP_DPEM:PHOH_APRP_DPEM.f90:evu1b
vars2fortran: No typespec for argument "vbnd".
{}
In: :PHOH_APRP_DPEM:PHOH_APRP_DPEM.f90:evu1b
vars2fortran: No typespec for argument "dvdr".
{}
In: :PHOH_APRP_DPEM:PHOH_APRP_DPEM.f90:evu1b
vars2fortran: No typespec for argument "dvdth".
			Block: evu1b
			Block: evu1to
In: :PHOH_APRP_DPEM:PHOH_APRP_DPEM.f90:evu1to
get_parameters: got "eval() arg 1 must be a string, bytes or code object" on 4
In: :PHOH_APRP_DPEM:PHOH_APRP_DPEM.f90:evu1to
get_parameters: got "eval() arg 1 must be a string, bytes or code object" on 4
In: :PHOH_APRP_DPEM:PHOH_APRP_DPEM.f90:evu1to
get_parameters: got "eval() arg 1 must be a string, bytes or code object" on 4
In: :PHOH_APRP_DPEM:PHOH_APRP_DPEM.f90:evu1to
get_parameters: got "eval() arg 1 must be a string, bytes or code object" on 4
In: :PHOH_APRP_DPEM:PHOH_APRP_DPEM.f90:evu1to
get_parameters: got "eval() arg 1 must be a string, bytes or code object" on 4
In: :PHOH_APRP_DPEM:PHOH_APRP_DPEM.f90:evu1to
get_parameters: got "eval() arg 1 must be a string, bytes or code object" on 4
			Block: evu2r
In: :PHOH_APRP_DPEM:PHOH_APRP_DPEM.f90:evu2r
get_parameters: got "eval() arg 1 must be a string, bytes or code object" on 4
In: :PHOH_APRP_DPEM:PHOH_APRP_DPEM.f90:evu2r
get_parameters: got "eval() arg 1 must be a string, bytes or code object" on 4
{}
In: :PHOH_APRP_DPEM:PHOH_APRP_DPEM.f90:evu2b
vars2fortran: No typespec for argument "igrad".
{}
In: :PHOH_APRP_DPEM:PHOH_APRP_DPEM.f90:evu2b
vars2fortran: No typespec for argument "theta".
{}
In: :PHOH_APRP_DPEM:PHOH_APRP_DPEM.f90:evu2b
vars2fortran: No typespec for argument "vbnd".
{}
In: :PHOH_APRP_DPEM:PHOH_APRP_DPEM.f90:evu2b
vars2fortran: No typespec for argument "dvdr".
{}
In: :PHOH_APRP_DPEM:PHOH_APRP_DPEM.f90:evu2b
vars2fortran: No typespec for argument "dvdth".
			Block: evu2b
			Block: evu2to
In: :PHOH_APRP_DPEM:PHOH_APRP_DPEM.f90:evu2to
get_parameters: got "eval() arg 1 must be a string, bytes or code object" on 4
In: :PHOH_APRP_DPEM:PHOH_APRP_DPEM.f90:evu2to
get_parameters: got "eval() arg 1 must be a string, bytes or code object" on 4
In: :PHOH_APRP_DPEM:PHOH_APRP_DPEM.f90:evu2to
get_parameters: got "eval() arg 1 must be a string, bytes or code object" on 4
			Block: evu3r
In: :PHOH_APRP_DPEM:PHOH_APRP_DPEM.f90:evu3r
get_parameters: got "eval() arg 1 must be a string, bytes or code object" on 4
In: :PHOH_APRP_DPEM:PHOH_APRP_DPEM.f90:evu3r
get_parameters: got "eval() arg 1 must be a string, bytes or code object" on 4
In: :PHOH_APRP_DPEM:PHOH_APRP_DPEM.f90:evu3r
get_parameters: got "eval() arg 1 must be a string, bytes or code object" on 4
In: :PHOH_APRP_DPEM:PHOH_APRP_DPEM.f90:evu3r
get_parameters: got "eval() arg 1 must be a string, bytes or code object" on 4
In: :PHOH_APRP_DPEM:PHOH_APRP_DPEM.f90:evu3r
get_parameters: got "eval() arg 1 must be a string, bytes or code object" on 4
In: :PHOH_APRP_DPEM:PHOH_APRP_DPEM.f90:evu3r
get_parameters: got "eval() arg 1 must be a string, bytes or code object" on 4
In: :PHOH_APRP_DPEM:PHOH_APRP_DPEM.f90:evu3r
get_parameters: got "eval() arg 1 must be a string, bytes or code object" on 4
In: :PHOH_APRP_DPEM:PHOH_APRP_DPEM.f90:evu3r
get_parameters: got "eval() arg 1 must be a string, bytes or code object" on 4
In: :PHOH_APRP_DPEM:PHOH_APRP_DPEM.f90:evu3r
get_parameters: got "eval() arg 1 must be a string, bytes or code object" on 4
In: :PHOH_APRP_DPEM:PHOH_APRP_DPEM.f90:evu3r
get_parameters: got "eval() arg 1 must be a string, bytes or code object" on 4
{}
In: :PHOH_APRP_DPEM:PHOH_APRP_DPEM.f90:evu3b
vars2fortran: No typespec for argument "igrad".
{}
In: :PHOH_APRP_DPEM:PHOH_APRP_DPEM.f90:evu3b
vars2fortran: No typespec for argument "theta".
{}
In: :PHOH_APRP_DPEM:PHOH_APRP_DPEM.f90:evu3b
vars2fortran: No typespec for argument "vbnd".
{}
In: :PHOH_APRP_DPEM:PHOH_APRP_DPEM.f90:evu3b
vars2fortran: No typespec for argument "dvdr".
{}
In: :PHOH_APRP_DPEM:PHOH_APRP_DPEM.f90:evu3b
vars2fortran: No typespec for argument "dvdth".
			Block: evu3b
			Block: evu3to
In: :PHOH_APRP_DPEM:PHOH_APRP_DPEM.f90:evu3to
get_parameters: got "eval() arg 1 must be a string, bytes or code object" on 4
In: :PHOH_APRP_DPEM:PHOH_APRP_DPEM.f90:evu3to
get_parameters: got "eval() arg 1 must be a string, bytes or code object" on 4
In: :PHOH_APRP_DPEM:PHOH_APRP_DPEM.f90:evu3to
get_parameters: got "eval() arg 1 must be a string, bytes or code object" on 4
In: :PHOH_APRP_DPEM:PHOH_APRP_DPEM.f90:evu3to
get_parameters: got "eval() arg 1 must be a string, bytes or code object" on 4
In: :PHOH_APRP_DPEM:PHOH_APRP_DPEM.f90:evu3to
get_parameters: got "eval() arg 1 must be a string, bytes or code object" on 4
In: :PHOH_APRP_DPEM:PHOH_APRP_DPEM.f90:evu3to
get_parameters: got "eval() arg 1 must be a string, bytes or code object" on 4
			Block: evubm
In: :PHOH_APRP_DPEM:PHOH_APRP_DPEM.f90:evubm
get_parameters: got "eval() arg 1 must be a string, bytes or code object" on 4
In: :PHOH_APRP_DPEM:PHOH_APRP_DPEM.f90:evubm
get_parameters: got "eval() arg 1 must be a string, bytes or code object" on 4
{}
In: :PHOH_APRP_DPEM:PHOH_APRP_DPEM.f90:unknown_subroutine:bndlen
vars2fortran: No typespec for argument "i".
{}
In: :PHOH_APRP_DPEM:PHOH_APRP_DPEM.f90:unknown_subroutine:bndlen
vars2fortran: No typespec for argument "j".
{}
In: :PHOH_APRP_DPEM:PHOH_APRP_DPEM.f90:unknown_subroutine:bndang
vars2fortran: No typespec for argument "i".
{}
In: :PHOH_APRP_DPEM:PHOH_APRP_DPEM.f90:unknown_subroutine:bndang
vars2fortran: No typespec for argument "j".
{}
In: :PHOH_APRP_DPEM:PHOH_APRP_DPEM.f90:unknown_subroutine:bndang
vars2fortran: No typespec for argument "k".
{}
In: :PHOH_APRP_DPEM:PHOH_APRP_DPEM.f90:unknown_subroutine:dihedr
vars2fortran: No typespec for argument "i".
{}
In: :PHOH_APRP_DPEM:PHOH_APRP_DPEM.f90:unknown_subroutine:dihedr
vars2fortran: No typespec for argument "j".
{}
In: :PHOH_APRP_DPEM:PHOH_APRP_DPEM.f90:unknown_subroutine:dihedr
vars2fortran: No typespec for argument "k".
{}
In: :PHOH_APRP_DPEM:PHOH_APRP_DPEM.f90:unknown_subroutine:dihedr
vars2fortran: No typespec for argument "l".
{}
In: :PHOH_APRP_DPEM:PHOH_APRP_DPEM.f90:unknown_subroutine:oopba1
vars2fortran: No typespec for argument "i".
{}
In: :PHOH_APRP_DPEM:PHOH_APRP_DPEM.f90:unknown_subroutine:oopba1
vars2fortran: No typespec for argument "j".
{}
In: :PHOH_APRP_DPEM:PHOH_APRP_DPEM.f90:unknown_subroutine:oopba1
vars2fortran: No typespec for argument "k".
{}
In: :PHOH_APRP_DPEM:PHOH_APRP_DPEM.f90:unknown_subroutine:oopba1
vars2fortran: No typespec for argument "l".
			Block: unknown_subroutine
Applying post-processing hooks...
  character_backward_compatibility_hook
Post-processing (stage 2)...
Building modules...
    Building module "PHOH_APRP_DPEM"...
    Generating possibly empty wrappers"
    Maybe empty "PHOH_APRP_DPEM-f2pywrappers.f"
        Constructing wrapper function "dpem"...
          u,ug = dpem(x,igrad)
    Generating possibly empty wrappers"
    Maybe empty "PHOH_APRP_DPEM-f2pywrappers.f"
        Constructing wrapper function "pot"...
          pot(igrad,xx,uu,guu,vv,gvv,dvec,cc,repflag)
    Generating possibly empty wrappers"
    Maybe empty "PHOH_APRP_DPEM-f2pywrappers.f"
        Constructing wrapper function "getdvec3"...
          getdvec3(pemd,gpemd,pema,dvec,cc,[nclu])
    Generating possibly empty wrappers"
    Maybe empty "PHOH_APRP_DPEM-f2pywrappers.f"
        Constructing wrapper function "poten"...
          uu,vv = poten(igrad,x,y,z,guu,gvv,cc)
    Generating possibly empty wrappers"
    Maybe empty "PHOH_APRP_DPEM-f2pywrappers.f"
        Constructing wrapper function "evuii"...
getarrdims:warning: assumed shape array, using 0 instead of '*'
getarrdims:warning: assumed shape array, using 0 instead of '*'
getarrdims:warning: assumed shape array, using 0 instead of '*'
          evuii(igrad,x,y,z,u,dudx,ii,[natm])
    Generating possibly empty wrappers"
    Maybe empty "PHOH_APRP_DPEM-f2pywrappers.f"
        Constructing wrapper function "evuiit"...
getarrdims:warning: assumed shape array, using 0 instead of '*'
getarrdims:warning: assumed shape array, using 0 instead of '*'
          evuiit(igrad,r,nqtc,qtc,ut,dut,dutdr,ii)
    Generating possibly empty wrappers"
    Maybe empty "PHOH_APRP_DPEM-f2pywrappers.f"
        Constructing wrapper function "gethess"...
          gethess(hss,hbb,htt,hbs,ii,[nap,nqs,nqb,nqt])
    Generating possibly empty wrappers"
    Maybe empty "PHOH_APRP_DPEM-f2pywrappers.f"
        Constructing wrapper function "getgeom"...
          getgeom(qse,qbe,qte,ii,[nap,nqs,nqb,nqt])
    Generating possibly empty wrappers"
    Maybe empty "PHOH_APRP_DPEM-f2pywrappers.f"
        Constructing wrapper function "tent"...
getarrdims:warning: assumed shape array, using 0 instead of '*'
getarrdims:warning: assumed shape array, using 0 instead of '*'
getarrdims:warning: assumed shape array, using 0 instead of '*'
          tent(nap,rap,r,ir,t,dtdr)
    Generating possibly empty wrappers"
    Maybe empty "PHOH_APRP_DPEM-f2pywrappers.f"
        Constructing wrapper function "evu1r"...
          evu1r(igrad,r,v,dvdr)
    Generating possibly empty wrappers"
    Maybe empty "PHOH_APRP_DPEM-f2pywrappers.f"
        Constructing wrapper function "evu1b"...
          evu1b(igrad,r,theta,vbnd,dvdr,dvdth)
    Generating possibly empty wrappers"
    Maybe empty "PHOH_APRP_DPEM-f2pywrappers.f"
        Constructing wrapper function "evu1to"...
          evu1to(igrad,r,phi,v,dvdr,dvdph)
    Generating possibly empty wrappers"
    Maybe empty "PHOH_APRP_DPEM-f2pywrappers.f"
        Constructing wrapper function "evu2r"...
          evu2r(igrad,r,v,dvdr)
    Generating possibly empty wrappers"
    Maybe empty "PHOH_APRP_DPEM-f2pywrappers.f"
        Constructing wrapper function "evu2b"...
          evu2b(igrad,r,theta,vbnd,dvdr,dvdth)
    Generating possibly empty wrappers"
    Maybe empty "PHOH_APRP_DPEM-f2pywrappers.f"
        Constructing wrapper function "evu2to"...
          evu2to(igrad,r,phi,v,dvdr,dvdph)
    Generating possibly empty wrappers"
    Maybe empty "PHOH_APRP_DPEM-f2pywrappers.f"
        Constructing wrapper function "evu3r"...
          evu3r(igrad,r,v,dvdr)
    Generating possibly empty wrappers"
    Maybe empty "PHOH_APRP_DPEM-f2pywrappers.f"
        Constructing wrapper function "evu3b"...
          evu3b(igrad,r,theta,vbnd,dvdr,dvdth)
    Generating possibly empty wrappers"
    Maybe empty "PHOH_APRP_DPEM-f2pywrappers.f"
        Constructing wrapper function "evu3to"...
          evu3to(igrad,r,phi,v,dvdr,dvdph)
    Generating possibly empty wrappers"
    Maybe empty "PHOH_APRP_DPEM-f2pywrappers.f"
        Constructing wrapper function "evubm"...
          evubm(igrad,x,y,z,ubm,dubmdx,[natm])
    Generating possibly empty wrappers"
    Maybe empty "PHOH_APRP_DPEM-f2pywrappers.f"
        Constructing wrapper function "unknown_subroutine"...
          unknown_subroutine()
    Wrote C/API module "PHOH_APRP_DPEM" to file "/tmp/tmp_lpvd1tz/src.linux-x86_64-3.11/PHOH_APRP_DPEMmodule.c"
INFO:   adding '/tmp/tmp_lpvd1tz/src.linux-x86_64-3.11/fortranobject.c' to sources.
INFO:   adding '/tmp/tmp_lpvd1tz/src.linux-x86_64-3.11' to include_dirs.
copying /home/truhlard/shuxx055/anaconda3/envs/chempotpy/lib/python3.11/site-packages/numpy/f2py/src/fortranobject.c -> /tmp/tmp_lpvd1tz/src.linux-x86_64-3.11
copying /home/truhlard/shuxx055/anaconda3/envs/chempotpy/lib/python3.11/site-packages/numpy/f2py/src/fortranobject.h -> /tmp/tmp_lpvd1tz/src.linux-x86_64-3.11
INFO:   adding '/tmp/tmp_lpvd1tz/src.linux-x86_64-3.11/PHOH_APRP_DPEM-f2pywrappers.f' to sources.
INFO: build_src: building npy-pkg config files
running build_ext
INFO: customize UnixCCompiler
INFO: customize UnixCCompiler using build_ext
INFO: get_default_fcompiler: matching types: '['arm', 'gnu95', 'intel', 'lahey', 'pg', 'nv', 'absoft', 'nag', 'vast', 'compaq', 'intele', 'intelem', 'gnu', 'g95', 'pathf95', 'nagfor', 'fujitsu']'
INFO: customize ArmFlangCompiler
WARN: Could not locate executable armflang
INFO: customize Gnu95FCompiler
INFO: Found executable /home/truhlard/shuxx055/anaconda3/envs/chempotpy/bin/gfortran
INFO: customize Gnu95FCompiler
INFO: customize Gnu95FCompiler using build_ext
INFO: building 'PHOH_APRP_DPEM' extension
INFO: compiling C sources
INFO: C compiler: gcc -pthread -B /home/truhlard/shuxx055/anaconda3/envs/chempotpy/compiler_compat -DNDEBUG -fwrapv -O2 -Wall -fPIC -O2 -isystem /home/truhlard/shuxx055/anaconda3/envs/chempotpy/include -fPIC -O2 -isystem /home/truhlard/shuxx055/anaconda3/envs/chempotpy/include -fPIC

creating /tmp/tmp_lpvd1tz/tmp
creating /tmp/tmp_lpvd1tz/tmp/tmp_lpvd1tz
creating /tmp/tmp_lpvd1tz/tmp/tmp_lpvd1tz/src.linux-x86_64-3.11
INFO: compile options: '-DNPY_DISABLE_OPTIMIZATION=1 -I/tmp/tmp_lpvd1tz/src.linux-x86_64-3.11 -I/home/truhlard/shuxx055/anaconda3/envs/chempotpy/lib/python3.11/site-packages/numpy/core/include -I/home/truhlard/shuxx055/anaconda3/envs/chempotpy/include/python3.11 -c'
INFO: gcc: /tmp/tmp_lpvd1tz/src.linux-x86_64-3.11/PHOH_APRP_DPEMmodule.c
INFO: gcc: /tmp/tmp_lpvd1tz/src.linux-x86_64-3.11/fortranobject.c
INFO: compiling Fortran sources
INFO: Fortran f77 compiler: /home/truhlard/shuxx055/anaconda3/envs/chempotpy/bin/gfortran -Wall -g -ffixed-form -fno-second-underscore -fPIC -O3 -funroll-loops
Fortran f90 compiler: /home/truhlard/shuxx055/anaconda3/envs/chempotpy/bin/gfortran -fallow-argument-mismatch -std=legacy -fPIC -O3 -funroll-loops
Fortran fix compiler: /home/truhlard/shuxx055/anaconda3/envs/chempotpy/bin/gfortran -Wall -g -ffixed-form -fno-second-underscore -fallow-argument-mismatch -std=legacy -fPIC -O3 -funroll-loops
INFO: compile options: '-I/tmp/tmp_lpvd1tz/src.linux-x86_64-3.11 -I/home/truhlard/shuxx055/anaconda3/envs/chempotpy/lib/python3.11/site-packages/numpy/core/include -I/home/truhlard/shuxx055/anaconda3/envs/chempotpy/include/python3.11 -c'
INFO: gfortran:fix: PHOH_APRP_DPEM.f90
INFO: gfortran:f77: /tmp/tmp_lpvd1tz/src.linux-x86_64-3.11/PHOH_APRP_DPEM-f2pywrappers.f
INFO: /home/truhlard/shuxx055/anaconda3/envs/chempotpy/bin/gfortran -Wall -g -Wall -g -shared /tmp/tmp_lpvd1tz/tmp/tmp_lpvd1tz/src.linux-x86_64-3.11/PHOH_APRP_DPEMmodule.o /tmp/tmp_lpvd1tz/tmp/tmp_lpvd1tz/src.linux-x86_64-3.11/fortranobject.o /tmp/tmp_lpvd1tz/PHOH_APRP_DPEM.o /tmp/tmp_lpvd1tz/tmp/tmp_lpvd1tz/src.linux-x86_64-3.11/PHOH_APRP_DPEM-f2pywrappers.o -L/panfs/jay/groups/16/truhlard/shuxx055/anaconda3/envs/chempotpy/bin/../lib/gcc/x86_64-conda-linux-gnu/13.1.0/../../../../x86_64-conda-linux-gnu/lib/../lib -L/panfs/jay/groups/16/truhlard/shuxx055/anaconda3/envs/chempotpy/bin/../lib/gcc/x86_64-conda-linux-gnu/13.1.0/../../../../x86_64-conda-linux-gnu/lib/../lib -lgfortran -o ./PHOH_APRP_DPEM.cpython-311-x86_64-linux-gnu.so
Removing build directory /tmp/tmp_lpvd1tz
